Test Start Time: Wed Feb  8 16:41:52 2017
-----------------------------------------
Testcase                       Result     Exit Value
--------                       ------     ----------
clock_getres01                 FAIL       33   

-----------------------------------------------
Total Tests: 1
Total Skipped Tests: 0
Total Failures: 1
Kernel Version: 4.4.0-43-Microsoft
Machine Architecture: x86_64
Hostname: BENHILL-Z800

Test Start Time: Wed Feb  8 16:41:53 2017
-----------------------------------------
Testcase                       Result     Exit Value
--------                       ------     ----------
clock_nanosleep01              FAIL       1    

-----------------------------------------------
Total Tests: 1
Total Skipped Tests: 0
Total Failures: 1
Kernel Version: 4.4.0-43-Microsoft
Machine Architecture: x86_64
Hostname: BENHILL-Z800

Test Start Time: Wed Feb  8 16:41:53 2017
-----------------------------------------
Testcase                       Result     Exit Value
--------                       ------     ----------
clone02                        FAIL       1    

-----------------------------------------------
Total Tests: 1
Total Skipped Tests: 0
Total Failures: 1
Kernel Version: 4.4.0-43-Microsoft
Machine Architecture: x86_64
Hostname: BENHILL-Z800

Test Start Time: Wed Feb  8 16:41:54 2017
-----------------------------------------
Testcase                       Result     Exit Value
--------                       ------     ----------
clone05                        FAIL       3    

-----------------------------------------------
Total Tests: 1
Total Skipped Tests: 0
Total Failures: 1
Kernel Version: 4.4.0-43-Microsoft
Machine Architecture: x86_64
Hostname: BENHILL-Z800

Test Start Time: Wed Feb  8 16:41:54 2017
-----------------------------------------
Testcase                       Result     Exit Value
--------                       ------     ----------
clone08                        FAIL       2    

-----------------------------------------------
Total Tests: 1
Total Skipped Tests: 0
Total Failures: 1
Kernel Version: 4.4.0-43-Microsoft
Machine Architecture: x86_64
Hostname: BENHILL-Z800

Test Start Time: Wed Feb  8 16:41:54 2017
-----------------------------------------
Testcase                       Result     Exit Value
--------                       ------     ----------
creat05                        FAIL       4    

-----------------------------------------------
Total Tests: 1
Total Skipped Tests: 0
Total Failures: 1
Kernel Version: 4.4.0-43-Microsoft
Machine Architecture: x86_64
Hostname: BENHILL-Z800

Test Start Time: Wed Feb  8 16:41:57 2017
-----------------------------------------
Testcase                       Result     Exit Value
--------                       ------     ----------
creat07                        FAIL       2    

-----------------------------------------------
Total Tests: 1
Total Skipped Tests: 0
Total Failures: 1
Kernel Version: 4.4.0-43-Microsoft
Machine Architecture: x86_64
Hostname: BENHILL-Z800

Test Start Time: Wed Feb  8 16:41:59 2017
-----------------------------------------
Testcase                       Result     Exit Value
--------                       ------     ----------
fallocate04                    CONF       32   

-----------------------------------------------
Total Tests: 1
Total Skipped Tests: 1
Total Failures: 0
Kernel Version: 4.4.0-43-Microsoft
Machine Architecture: x86_64
Hostname: BENHILL-Z800

Test Start Time: Wed Feb  8 16:41:59 2017
-----------------------------------------
Testcase                       Result     Exit Value
--------                       ------     ----------
fcntl11                        FAIL       1    

-----------------------------------------------
Total Tests: 1
Total Skipped Tests: 0
Total Failures: 1
Kernel Version: 4.4.0-43-Microsoft
Machine Architecture: x86_64
Hostname: BENHILL-Z800

Test Start Time: Wed Feb  8 16:41:59 2017
-----------------------------------------
Testcase                       Result     Exit Value
--------                       ------     ----------
fcntl11_64                     FAIL       1    

-----------------------------------------------
Total Tests: 1
Total Skipped Tests: 0
Total Failures: 1
Kernel Version: 4.4.0-43-Microsoft
Machine Architecture: x86_64
Hostname: BENHILL-Z800

Test Start Time: Wed Feb  8 16:42:00 2017
-----------------------------------------
Testcase                       Result     Exit Value
--------                       ------     ----------
fcntl14                        FAIL       1    

-----------------------------------------------
Total Tests: 1
Total Skipped Tests: 0
Total Failures: 1
Kernel Version: 4.4.0-43-Microsoft
Machine Architecture: x86_64
Hostname: BENHILL-Z800

Test Start Time: Wed Feb  8 16:42:06 2017
-----------------------------------------
Testcase                       Result     Exit Value
--------                       ------     ----------
fcntl14_64                     FAIL       1    

-----------------------------------------------
Total Tests: 1
Total Skipped Tests: 0
Total Failures: 1
Kernel Version: 4.4.0-43-Microsoft
Machine Architecture: x86_64
Hostname: BENHILL-Z800

Test Start Time: Wed Feb  8 16:42:12 2017
-----------------------------------------
Testcase                       Result     Exit Value
--------                       ------     ----------
fcntl15                        FAIL       1    

-----------------------------------------------
Total Tests: 1
Total Skipped Tests: 0
Total Failures: 1
Kernel Version: 4.4.0-43-Microsoft
Machine Architecture: x86_64
Hostname: BENHILL-Z800

Test Start Time: Wed Feb  8 16:43:12 2017
-----------------------------------------
Testcase                       Result     Exit Value
--------                       ------     ----------
fcntl15_64                     FAIL       1    

-----------------------------------------------
Total Tests: 1
Total Skipped Tests: 0
Total Failures: 1
Kernel Version: 4.4.0-43-Microsoft
Machine Architecture: x86_64
Hostname: BENHILL-Z800

Test Start Time: Wed Feb  8 16:44:12 2017
-----------------------------------------
Testcase                       Result     Exit Value
--------                       ------     ----------
fcntl17                        FAIL       1    

-----------------------------------------------
Total Tests: 1
Total Skipped Tests: 0
Total Failures: 1
Kernel Version: 4.4.0-43-Microsoft
Machine Architecture: x86_64
Hostname: BENHILL-Z800

Test Start Time: Wed Feb  8 16:44:13 2017
-----------------------------------------
Testcase                       Result     Exit Value
--------                       ------     ----------
fcntl17_64                     FAIL       1    

-----------------------------------------------
Total Tests: 1
Total Skipped Tests: 0
Total Failures: 1
Kernel Version: 4.4.0-43-Microsoft
Machine Architecture: x86_64
Hostname: BENHILL-Z800

Test Start Time: Wed Feb  8 16:44:13 2017
-----------------------------------------
Testcase                       Result     Exit Value
--------                       ------     ----------
fcntl19                        FAIL       1    

-----------------------------------------------
Total Tests: 1
Total Skipped Tests: 0
Total Failures: 1
Kernel Version: 4.4.0-43-Microsoft
Machine Architecture: x86_64
Hostname: BENHILL-Z800

Test Start Time: Wed Feb  8 16:44:13 2017
-----------------------------------------
Testcase                       Result     Exit Value
--------                       ------     ----------
fcntl19_64                     FAIL       1    

-----------------------------------------------
Total Tests: 1
Total Skipped Tests: 0
Total Failures: 1
Kernel Version: 4.4.0-43-Microsoft
Machine Architecture: x86_64
Hostname: BENHILL-Z800

Test Start Time: Wed Feb  8 16:44:14 2017
-----------------------------------------
Testcase                       Result     Exit Value
--------                       ------     ----------
fcntl20                        FAIL       1    

-----------------------------------------------
Total Tests: 1
Total Skipped Tests: 0
Total Failures: 1
Kernel Version: 4.4.0-43-Microsoft
Machine Architecture: x86_64
Hostname: BENHILL-Z800

Test Start Time: Wed Feb  8 16:44:14 2017
-----------------------------------------
Testcase                       Result     Exit Value
--------                       ------     ----------
fcntl20_64                     FAIL       1    

-----------------------------------------------
Total Tests: 1
Total Skipped Tests: 0
Total Failures: 1
Kernel Version: 4.4.0-43-Microsoft
Machine Architecture: x86_64
Hostname: BENHILL-Z800

Test Start Time: Wed Feb  8 16:44:14 2017
-----------------------------------------
Testcase                       Result     Exit Value
--------                       ------     ----------
fcntl21                        FAIL       1    

-----------------------------------------------
Total Tests: 1
Total Skipped Tests: 0
Total Failures: 1
Kernel Version: 4.4.0-43-Microsoft
Machine Architecture: x86_64
Hostname: BENHILL-Z800

Test Start Time: Wed Feb  8 16:44:15 2017
-----------------------------------------
Testcase                       Result     Exit Value
--------                       ------     ----------
fcntl21_64                     FAIL       1    

-----------------------------------------------
Total Tests: 1
Total Skipped Tests: 0
Total Failures: 1
Kernel Version: 4.4.0-43-Microsoft
Machine Architecture: x86_64
Hostname: BENHILL-Z800

Test Start Time: Wed Feb  8 16:44:15 2017
-----------------------------------------
Testcase                       Result     Exit Value
--------                       ------     ----------
fcntl22                        FAIL       1    

-----------------------------------------------
Total Tests: 1
Total Skipped Tests: 0
Total Failures: 1
Kernel Version: 4.4.0-43-Microsoft
Machine Architecture: x86_64
Hostname: BENHILL-Z800

Test Start Time: Wed Feb  8 16:44:15 2017
-----------------------------------------
Testcase                       Result     Exit Value
--------                       ------     ----------
fcntl22_64                     FAIL       1    

-----------------------------------------------
Total Tests: 1
Total Skipped Tests: 0
Total Failures: 1
Kernel Version: 4.4.0-43-Microsoft
Machine Architecture: x86_64
Hostname: BENHILL-Z800

Test Start Time: Wed Feb  8 16:44:16 2017
-----------------------------------------
Testcase                       Result     Exit Value
--------                       ------     ----------
fcntl23                        FAIL       1    

-----------------------------------------------
Total Tests: 1
Total Skipped Tests: 0
Total Failures: 1
Kernel Version: 4.4.0-43-Microsoft
Machine Architecture: x86_64
Hostname: BENHILL-Z800

Test Start Time: Wed Feb  8 16:44:16 2017
-----------------------------------------
Testcase                       Result     Exit Value
--------                       ------     ----------
fcntl23_64                     FAIL       1    

-----------------------------------------------
Total Tests: 1
Total Skipped Tests: 0
Total Failures: 1
Kernel Version: 4.4.0-43-Microsoft
Machine Architecture: x86_64
Hostname: BENHILL-Z800

Test Start Time: Wed Feb  8 16:44:17 2017
-----------------------------------------
Testcase                       Result     Exit Value
--------                       ------     ----------
fcntl24                        FAIL       1    

-----------------------------------------------
Total Tests: 1
Total Skipped Tests: 0
Total Failures: 1
Kernel Version: 4.4.0-43-Microsoft
Machine Architecture: x86_64
Hostname: BENHILL-Z800

Test Start Time: Wed Feb  8 16:44:17 2017
-----------------------------------------
Testcase                       Result     Exit Value
--------                       ------     ----------
fcntl24_64                     FAIL       1    

-----------------------------------------------
Total Tests: 1
Total Skipped Tests: 0
Total Failures: 1
Kernel Version: 4.4.0-43-Microsoft
Machine Architecture: x86_64
Hostname: BENHILL-Z800

Test Start Time: Wed Feb  8 16:44:17 2017
-----------------------------------------
Testcase                       Result     Exit Value
--------                       ------     ----------
fcntl25                        FAIL       1    

-----------------------------------------------
Total Tests: 1
Total Skipped Tests: 0
Total Failures: 1
Kernel Version: 4.4.0-43-Microsoft
Machine Architecture: x86_64
Hostname: BENHILL-Z800

Test Start Time: Wed Feb  8 16:44:18 2017
-----------------------------------------
Testcase                       Result     Exit Value
--------                       ------     ----------
fcntl25_64                     FAIL       1    

-----------------------------------------------
Total Tests: 1
Total Skipped Tests: 0
Total Failures: 1
Kernel Version: 4.4.0-43-Microsoft
Machine Architecture: x86_64
Hostname: BENHILL-Z800

Test Start Time: Wed Feb  8 16:44:18 2017
-----------------------------------------
Testcase                       Result     Exit Value
--------                       ------     ----------
fcntl26                        FAIL       1    

-----------------------------------------------
Total Tests: 1
Total Skipped Tests: 0
Total Failures: 1
Kernel Version: 4.4.0-43-Microsoft
Machine Architecture: x86_64
Hostname: BENHILL-Z800

Test Start Time: Wed Feb  8 16:44:18 2017
-----------------------------------------
Testcase                       Result     Exit Value
--------                       ------     ----------
fcntl26_64                     FAIL       1    

-----------------------------------------------
Total Tests: 1
Total Skipped Tests: 0
Total Failures: 1
Kernel Version: 4.4.0-43-Microsoft
Machine Architecture: x86_64
Hostname: BENHILL-Z800

Test Start Time: Wed Feb  8 16:44:19 2017
-----------------------------------------
Testcase                       Result     Exit Value
--------                       ------     ----------
fcntl31                        FAIL       1    

-----------------------------------------------
Total Tests: 1
Total Skipped Tests: 0
Total Failures: 1
Kernel Version: 4.4.0-43-Microsoft
Machine Architecture: x86_64
Hostname: BENHILL-Z800

Test Start Time: Wed Feb  8 16:44:19 2017
-----------------------------------------
Testcase                       Result     Exit Value
--------                       ------     ----------
fcntl31_64                     FAIL       1    

-----------------------------------------------
Total Tests: 1
Total Skipped Tests: 0
Total Failures: 1
Kernel Version: 4.4.0-43-Microsoft
Machine Architecture: x86_64
Hostname: BENHILL-Z800

Test Start Time: Wed Feb  8 16:44:19 2017
-----------------------------------------
Testcase                       Result     Exit Value
--------                       ------     ----------
fcntl32                        FAIL       1    

-----------------------------------------------
Total Tests: 1
Total Skipped Tests: 0
Total Failures: 1
Kernel Version: 4.4.0-43-Microsoft
Machine Architecture: x86_64
Hostname: BENHILL-Z800

Test Start Time: Wed Feb  8 16:44:20 2017
-----------------------------------------
Testcase                       Result     Exit Value
--------                       ------     ----------
fcntl32_64                     FAIL       1    

-----------------------------------------------
Total Tests: 1
Total Skipped Tests: 0
Total Failures: 1
Kernel Version: 4.4.0-43-Microsoft
Machine Architecture: x86_64
Hostname: BENHILL-Z800

Test Start Time: Wed Feb  8 16:44:20 2017
-----------------------------------------
Testcase                       Result     Exit Value
--------                       ------     ----------
fcntl33                        FAIL       2    

-----------------------------------------------
Total Tests: 1
Total Skipped Tests: 0
Total Failures: 1
Kernel Version: 4.4.0-43-Microsoft
Machine Architecture: x86_64
Hostname: BENHILL-Z800

Test Start Time: Wed Feb  8 16:44:20 2017
-----------------------------------------
Testcase                       Result     Exit Value
--------                       ------     ----------
fcntl33_64                     FAIL       2    

-----------------------------------------------
Total Tests: 1
Total Skipped Tests: 0
Total Failures: 1
Kernel Version: 4.4.0-43-Microsoft
Machine Architecture: x86_64
Hostname: BENHILL-Z800

Test Start Time: Wed Feb  8 16:44:21 2017
-----------------------------------------
Testcase                       Result     Exit Value
--------                       ------     ----------
fcntl34                        FAIL       2    

-----------------------------------------------
Total Tests: 1
Total Skipped Tests: 0
Total Failures: 1
Kernel Version: 4.4.0-43-Microsoft
Machine Architecture: x86_64
Hostname: BENHILL-Z800

Test Start Time: Wed Feb  8 16:44:21 2017
-----------------------------------------
Testcase                       Result     Exit Value
--------                       ------     ----------
fcntl34_64                     FAIL       11   

-----------------------------------------------
Total Tests: 1
Total Skipped Tests: 0
Total Failures: 1
Kernel Version: 4.4.0-43-Microsoft
Machine Architecture: x86_64
Hostname: BENHILL-Z800

Test Start Time: Wed Feb  8 16:44:21 2017
-----------------------------------------
Testcase                       Result     Exit Value
--------                       ------     ----------
fork13                         FAIL       2    

-----------------------------------------------
Total Tests: 1
Total Skipped Tests: 0
Total Failures: 1
Kernel Version: 4.4.0-43-Microsoft
Machine Architecture: x86_64
Hostname: BENHILL-Z800

Test Start Time: Wed Feb  8 16:44:22 2017
-----------------------------------------
Testcase                       Result     Exit Value
--------                       ------     ----------
fork14                         FAIL       2    

-----------------------------------------------
Total Tests: 1
Total Skipped Tests: 0
Total Failures: 1
Kernel Version: 4.4.0-43-Microsoft
Machine Architecture: x86_64
Hostname: BENHILL-Z800

Test Start Time: Wed Feb  8 17:09:49 2017
-----------------------------------------
Testcase                       Result     Exit Value
--------                       ------     ----------
fstatfs01                      FAIL       1    

-----------------------------------------------
Total Tests: 1
Total Skipped Tests: 0
Total Failures: 1
Kernel Version: 4.4.0-43-Microsoft
Machine Architecture: x86_64
Hostname: BENHILL-Z800

Test Start Time: Wed Feb  8 17:09:49 2017
-----------------------------------------
Testcase                       Result     Exit Value
--------                       ------     ----------
fstatfs01_64                   FAIL       1    

-----------------------------------------------
Total Tests: 1
Total Skipped Tests: 0
Total Failures: 1
Kernel Version: 4.4.0-43-Microsoft
Machine Architecture: x86_64
Hostname: BENHILL-Z800

Test Start Time: Wed Feb  8 17:09:49 2017
-----------------------------------------
Testcase                       Result     Exit Value
--------                       ------     ----------
futex_wake04                   CONF       32   

-----------------------------------------------
Total Tests: 1
Total Skipped Tests: 1
Total Failures: 0
Kernel Version: 4.4.0-43-Microsoft
Machine Architecture: x86_64
Hostname: BENHILL-Z800

Test Start Time: Wed Feb  8 17:09:50 2017
-----------------------------------------
Testcase                       Result     Exit Value
--------                       ------     ----------
getresgid02                    FAIL       1    

-----------------------------------------------
Total Tests: 1
Total Skipped Tests: 0
Total Failures: 1
Kernel Version: 4.4.0-43-Microsoft
Machine Architecture: x86_64
Hostname: BENHILL-Z800

Test Start Time: Wed Feb  8 17:09:50 2017
-----------------------------------------
Testcase                       Result     Exit Value
--------                       ------     ----------
getresuid02                    FAIL       1    

-----------------------------------------------
Total Tests: 1
Total Skipped Tests: 0
Total Failures: 1
Kernel Version: 4.4.0-43-Microsoft
Machine Architecture: x86_64
Hostname: BENHILL-Z800

Test Start Time: Wed Feb  8 17:09:51 2017
-----------------------------------------
Testcase                       Result     Exit Value
--------                       ------     ----------
get_robust_list01              FAIL       1    

-----------------------------------------------
Total Tests: 1
Total Skipped Tests: 0
Total Failures: 1
Kernel Version: 4.4.0-43-Microsoft
Machine Architecture: x86_64
Hostname: BENHILL-Z800

Test Start Time: Wed Feb  8 17:09:51 2017
-----------------------------------------
Testcase                       Result     Exit Value
--------                       ------     ----------
getrusage04                    FAIL       2    

-----------------------------------------------
Total Tests: 1
Total Skipped Tests: 0
Total Failures: 1
Kernel Version: 4.4.0-43-Microsoft
Machine Architecture: x86_64
Hostname: BENHILL-Z800

Test Start Time: Wed Feb  8 17:09:51 2017
-----------------------------------------
Testcase                       Result     Exit Value
--------                       ------     ----------
gettimeofday02                 PASS       0    

-----------------------------------------------
Total Tests: 1
Total Skipped Tests: 0
Total Failures: 0
Kernel Version: 4.4.0-43-Microsoft
Machine Architecture: x86_64
Hostname: BENHILL-Z800

Test Start Time: Wed Feb  8 17:10:22 2017
-----------------------------------------
Testcase                       Result     Exit Value
--------                       ------     ----------
ioctl03                        FAIL       2    

-----------------------------------------------
Total Tests: 1
Total Skipped Tests: 0
Total Failures: 1
Kernel Version: 4.4.0-43-Microsoft
Machine Architecture: x86_64
Hostname: BENHILL-Z800

Test Start Time: Wed Feb  8 17:10:22 2017
-----------------------------------------
Testcase                       Result     Exit Value
--------                       ------     ----------
keyctl01                       CONF       32   

-----------------------------------------------
Total Tests: 1
Total Skipped Tests: 1
Total Failures: 0
Kernel Version: 4.4.0-43-Microsoft
Machine Architecture: x86_64
Hostname: BENHILL-Z800

Test Start Time: Wed Feb  8 17:10:22 2017
-----------------------------------------
Testcase                       Result     Exit Value
--------                       ------     ----------
llseek01                       FAIL       1    

-----------------------------------------------
Total Tests: 1
Total Skipped Tests: 0
Total Failures: 1
Kernel Version: 4.4.0-43-Microsoft
Machine Architecture: x86_64
Hostname: BENHILL-Z800

Test Start Time: Wed Feb  8 17:10:23 2017
-----------------------------------------
Testcase                       Result     Exit Value
--------                       ------     ----------
mlock02                        FAIL       1    

-----------------------------------------------
Total Tests: 1
Total Skipped Tests: 0
Total Failures: 1
Kernel Version: 4.4.0-43-Microsoft
Machine Architecture: x86_64
Hostname: BENHILL-Z800

Test Start Time: Wed Feb  8 17:10:23 2017
-----------------------------------------
Testcase                       Result     Exit Value
--------                       ------     ----------
mmap09                         FAIL       1    

-----------------------------------------------
Total Tests: 1
Total Skipped Tests: 0
Total Failures: 1
Kernel Version: 4.4.0-43-Microsoft
Machine Architecture: x86_64
Hostname: BENHILL-Z800

Test Start Time: Wed Feb  8 17:10:23 2017
-----------------------------------------
Testcase                       Result     Exit Value
--------                       ------     ----------
mmap12                         FAIL       1    

-----------------------------------------------
Total Tests: 1
Total Skipped Tests: 0
Total Failures: 1
Kernel Version: 4.4.0-43-Microsoft
Machine Architecture: x86_64
Hostname: BENHILL-Z800

Test Start Time: Wed Feb  8 17:10:24 2017
-----------------------------------------
Testcase                       Result     Exit Value
--------                       ------     ----------
mmap13                         FAIL       2    

-----------------------------------------------
Total Tests: 1
Total Skipped Tests: 0
Total Failures: 1
Kernel Version: 4.4.0-43-Microsoft
Machine Architecture: x86_64
Hostname: BENHILL-Z800

Test Start Time: Wed Feb  8 17:10:24 2017
-----------------------------------------
Testcase                       Result     Exit Value
--------                       ------     ----------
mmap14                         FAIL       1    

-----------------------------------------------
Total Tests: 1
Total Skipped Tests: 0
Total Failures: 1
Kernel Version: 4.4.0-43-Microsoft
Machine Architecture: x86_64
Hostname: BENHILL-Z800

Test Start Time: Wed Feb  8 17:10:24 2017
-----------------------------------------
Testcase                       Result     Exit Value
--------                       ------     ----------
mmap15                         FAIL       1    

-----------------------------------------------
Total Tests: 1
Total Skipped Tests: 0
Total Failures: 1
Kernel Version: 4.4.0-43-Microsoft
Machine Architecture: x86_64
Hostname: BENHILL-Z800

Test Start Time: Wed Feb  8 17:10:25 2017
-----------------------------------------
Testcase                       Result     Exit Value
--------                       ------     ----------
msync03                        FAIL       2    

-----------------------------------------------
Total Tests: 1
Total Skipped Tests: 0
Total Failures: 1
Kernel Version: 4.4.0-43-Microsoft
Machine Architecture: x86_64
Hostname: BENHILL-Z800

Test Start Time: Wed Feb  8 17:10:25 2017
-----------------------------------------
Testcase                       Result     Exit Value
--------                       ------     ----------
munlock02                      FAIL       1    

-----------------------------------------------
Total Tests: 1
Total Skipped Tests: 0
Total Failures: 1
Kernel Version: 4.4.0-43-Microsoft
Machine Architecture: x86_64
Hostname: BENHILL-Z800

Test Start Time: Wed Feb  8 17:10:26 2017
-----------------------------------------
Testcase                       Result     Exit Value
--------                       ------     ----------
open02                         FAIL       1    

-----------------------------------------------
Total Tests: 1
Total Skipped Tests: 0
Total Failures: 1
Kernel Version: 4.4.0-43-Microsoft
Machine Architecture: x86_64
Hostname: BENHILL-Z800

Test Start Time: Wed Feb  8 17:10:26 2017
-----------------------------------------
Testcase                       Result     Exit Value
--------                       ------     ----------
open14                         CONF       32   

-----------------------------------------------
Total Tests: 1
Total Skipped Tests: 1
Total Failures: 0
Kernel Version: 4.4.0-43-Microsoft
Machine Architecture: x86_64
Hostname: BENHILL-Z800

Test Start Time: Wed Feb  8 17:10:26 2017
-----------------------------------------
Testcase                       Result     Exit Value
--------                       ------     ----------
openat03                       CONF       32   

-----------------------------------------------
Total Tests: 1
Total Skipped Tests: 1
Total Failures: 0
Kernel Version: 4.4.0-43-Microsoft
Machine Architecture: x86_64
Hostname: BENHILL-Z800

Test Start Time: Wed Feb  8 17:10:27 2017
-----------------------------------------
Testcase                       Result     Exit Value
--------                       ------     ----------
madvise01                      FAIL       1    

-----------------------------------------------
Total Tests: 1
Total Skipped Tests: 0
Total Failures: 1
Kernel Version: 4.4.0-43-Microsoft
Machine Architecture: x86_64
Hostname: BENHILL-Z800

Test Start Time: Wed Feb  8 17:10:27 2017
-----------------------------------------
Testcase                       Result     Exit Value
--------                       ------     ----------
madvise02                      FAIL       1    

-----------------------------------------------
Total Tests: 1
Total Skipped Tests: 0
Total Failures: 1
Kernel Version: 4.4.0-43-Microsoft
Machine Architecture: x86_64
Hostname: BENHILL-Z800

Test Start Time: Wed Feb  8 17:10:27 2017
-----------------------------------------
Testcase                       Result     Exit Value
--------                       ------     ----------
madvise03                      FAIL       2    

-----------------------------------------------
Total Tests: 1
Total Skipped Tests: 0
Total Failures: 1
Kernel Version: 4.4.0-43-Microsoft
Machine Architecture: x86_64
Hostname: BENHILL-Z800

Test Start Time: Wed Feb  8 17:10:28 2017
-----------------------------------------
Testcase                       Result     Exit Value
--------                       ------     ----------
madvise06                      PASS       0    

-----------------------------------------------
Total Tests: 1
Total Skipped Tests: 0
Total Failures: 0
Kernel Version: 4.4.0-43-Microsoft
Machine Architecture: x86_64
Hostname: BENHILL-Z800

Test Start Time: Wed Feb  8 17:10:47 2017
-----------------------------------------
Testcase                       Result     Exit Value
--------                       ------     ----------
mremap04                       FAIL       1    

-----------------------------------------------
Total Tests: 1
Total Skipped Tests: 0
Total Failures: 1
Kernel Version: 4.4.0-43-Microsoft
Machine Architecture: x86_64
Hostname: BENHILL-Z800

Test Start Time: Wed Feb  8 17:10:47 2017
-----------------------------------------
Testcase                       Result     Exit Value
--------                       ------     ----------
personality01                  FAIL       1    

-----------------------------------------------
Total Tests: 1
Total Skipped Tests: 0
Total Failures: 1
Kernel Version: 4.4.0-43-Microsoft
Machine Architecture: x86_64
Hostname: BENHILL-Z800

Test Start Time: Wed Feb  8 17:10:48 2017
-----------------------------------------
Testcase                       Result     Exit Value
--------                       ------     ----------
personality02                  FAIL       1    

-----------------------------------------------
Total Tests: 1
Total Skipped Tests: 0
Total Failures: 1
Kernel Version: 4.4.0-43-Microsoft
Machine Architecture: x86_64
Hostname: BENHILL-Z800

Test Start Time: Wed Feb  8 17:10:48 2017
-----------------------------------------
Testcase                       Result     Exit Value
--------                       ------     ----------
profil01                       FAIL       2    

-----------------------------------------------
Total Tests: 1
Total Skipped Tests: 0
Total Failures: 1
Kernel Version: 4.4.0-43-Microsoft
Machine Architecture: x86_64
Hostname: BENHILL-Z800

Test Start Time: Wed Feb  8 17:10:49 2017
-----------------------------------------
Testcase                       Result     Exit Value
--------                       ------     ----------
prot_hsymlinks                 FAIL       6    

-----------------------------------------------
Total Tests: 1
Total Skipped Tests: 0
Total Failures: 1
Kernel Version: 4.4.0-43-Microsoft
Machine Architecture: x86_64
Hostname: BENHILL-Z800

Test Start Time: Wed Feb  8 17:10:51 2017
-----------------------------------------
Testcase                       Result     Exit Value
--------                       ------     ----------
ptrace01                       FAIL       1    

-----------------------------------------------
Total Tests: 1
Total Skipped Tests: 0
Total Failures: 1
Kernel Version: 4.4.0-43-Microsoft
Machine Architecture: x86_64
Hostname: BENHILL-Z800

Test Start Time: Wed Feb  8 17:10:52 2017
-----------------------------------------
Testcase                       Result     Exit Value
--------                       ------     ----------
ptrace02                       FAIL       1    

-----------------------------------------------
Total Tests: 1
Total Skipped Tests: 0
Total Failures: 1
Kernel Version: 4.4.0-43-Microsoft
Machine Architecture: x86_64
Hostname: BENHILL-Z800

Test Start Time: Wed Feb  8 17:10:52 2017
-----------------------------------------
Testcase                       Result     Exit Value
--------                       ------     ----------
ptrace03                       FAIL       33   

-----------------------------------------------
Total Tests: 1
Total Skipped Tests: 0
Total Failures: 1
Kernel Version: 4.4.0-43-Microsoft
Machine Architecture: x86_64
Hostname: BENHILL-Z800

Test Start Time: Wed Feb  8 17:10:52 2017
-----------------------------------------
Testcase                       Result     Exit Value
--------                       ------     ----------
ptrace05                       FAIL       1    

-----------------------------------------------
Total Tests: 1
Total Skipped Tests: 0
Total Failures: 1
Kernel Version: 4.4.0-43-Microsoft
Machine Architecture: x86_64
Hostname: BENHILL-Z800

Test Start Time: Wed Feb  8 17:10:53 2017
-----------------------------------------
Testcase                       Result     Exit Value
--------                       ------     ----------
recv01                         FAIL       1    

-----------------------------------------------
Total Tests: 1
Total Skipped Tests: 0
Total Failures: 1
Kernel Version: 4.4.0-43-Microsoft
Machine Architecture: x86_64
Hostname: BENHILL-Z800

Test Start Time: Wed Feb  8 17:10:53 2017
-----------------------------------------
Testcase                       Result     Exit Value
--------                       ------     ----------
recvfrom01                     FAIL       1    

-----------------------------------------------
Total Tests: 1
Total Skipped Tests: 0
Total Failures: 1
Kernel Version: 4.4.0-43-Microsoft
Machine Architecture: x86_64
Hostname: BENHILL-Z800

Test Start Time: Wed Feb  8 17:10:54 2017
-----------------------------------------
Testcase                       Result     Exit Value
--------                       ------     ----------
recvmsg01                      FAIL       1    

-----------------------------------------------
Total Tests: 1
Total Skipped Tests: 0
Total Failures: 1
Kernel Version: 4.4.0-43-Microsoft
Machine Architecture: x86_64
Hostname: BENHILL-Z800

Test Start Time: Wed Feb  8 17:10:54 2017
-----------------------------------------
Testcase                       Result     Exit Value
--------                       ------     ----------
semctl01                       FAIL       2    

-----------------------------------------------
Total Tests: 1
Total Skipped Tests: 0
Total Failures: 1
Kernel Version: 4.4.0-43-Microsoft
Machine Architecture: x86_64
Hostname: BENHILL-Z800

Test Start Time: Wed Feb  8 17:10:55 2017
-----------------------------------------
Testcase                       Result     Exit Value
--------                       ------     ----------
setregid03                     FAIL       1    

-----------------------------------------------
Total Tests: 1
Total Skipped Tests: 0
Total Failures: 1
Kernel Version: 4.4.0-43-Microsoft
Machine Architecture: x86_64
Hostname: BENHILL-Z800

Test Start Time: Wed Feb  8 17:10:55 2017
-----------------------------------------
Testcase                       Result     Exit Value
--------                       ------     ----------
setreuid05                     FAIL       1    

-----------------------------------------------
Total Tests: 1
Total Skipped Tests: 0
Total Failures: 1
Kernel Version: 4.4.0-43-Microsoft
Machine Architecture: x86_64
Hostname: BENHILL-Z800

Test Start Time: Wed Feb  8 17:10:55 2017
-----------------------------------------
Testcase                       Result     Exit Value
--------                       ------     ----------
setrlimit01                    FAIL       1    

-----------------------------------------------
Total Tests: 1
Total Skipped Tests: 0
Total Failures: 1
Kernel Version: 4.4.0-43-Microsoft
Machine Architecture: x86_64
Hostname: BENHILL-Z800

Test Start Time: Wed Feb  8 17:10:56 2017
-----------------------------------------
Testcase                       Result     Exit Value
--------                       ------     ----------
settimeofday01                 FAIL       1    

-----------------------------------------------
Total Tests: 1
Total Skipped Tests: 0
Total Failures: 1
Kernel Version: 4.4.0-43-Microsoft
Machine Architecture: x86_64
Hostname: BENHILL-Z800

Test Start Time: Wed Feb  8 17:10:56 2017
-----------------------------------------
Testcase                       Result     Exit Value
--------                       ------     ----------
signal06                       FAIL       11   

-----------------------------------------------
Total Tests: 1
Total Skipped Tests: 0
Total Failures: 1
Kernel Version: 4.4.0-43-Microsoft
Machine Architecture: x86_64
Hostname: BENHILL-Z800

Test Start Time: Wed Feb  8 17:10:57 2017
-----------------------------------------
Testcase                       Result     Exit Value
--------                       ------     ----------
sockioctl01                    FAIL       1    

-----------------------------------------------
Total Tests: 1
Total Skipped Tests: 0
Total Failures: 1
Kernel Version: 4.4.0-43-Microsoft
Machine Architecture: x86_64
Hostname: BENHILL-Z800

Test Start Time: Wed Feb  8 17:10:57 2017
-----------------------------------------
Testcase                       Result     Exit Value
--------                       ------     ----------
stime01                        FAIL       1    

-----------------------------------------------
Total Tests: 1
Total Skipped Tests: 0
Total Failures: 1
Kernel Version: 4.4.0-43-Microsoft
Machine Architecture: x86_64
Hostname: BENHILL-Z800

Test Start Time: Wed Feb  8 17:10:58 2017
-----------------------------------------
Testcase                       Result     Exit Value
--------                       ------     ----------
truncate03                     FAIL       1    

-----------------------------------------------
Total Tests: 1
Total Skipped Tests: 0
Total Failures: 1
Kernel Version: 4.4.0-43-Microsoft
Machine Architecture: x86_64
Hostname: BENHILL-Z800

Test Start Time: Wed Feb  8 17:10:58 2017
-----------------------------------------
Testcase                       Result     Exit Value
--------                       ------     ----------
truncate03_64                  FAIL       1    

-----------------------------------------------
Total Tests: 1
Total Skipped Tests: 0
Total Failures: 1
Kernel Version: 4.4.0-43-Microsoft
Machine Architecture: x86_64
Hostname: BENHILL-Z800

Test Start Time: Wed Feb  8 17:10:59 2017
-----------------------------------------
Testcase                       Result     Exit Value
--------                       ------     ----------
unshare01                      FAIL       1    

-----------------------------------------------
Total Tests: 1
Total Skipped Tests: 0
Total Failures: 1
Kernel Version: 4.4.0-43-Microsoft
Machine Architecture: x86_64
Hostname: BENHILL-Z800

Test Start Time: Wed Feb  8 17:10:59 2017
-----------------------------------------
Testcase                       Result     Exit Value
--------                       ------     ----------
utimensat01                    CONF       32   

-----------------------------------------------
Total Tests: 1
Total Skipped Tests: 1
Total Failures: 0
Kernel Version: 4.4.0-43-Microsoft
Machine Architecture: x86_64
Hostname: BENHILL-Z800

Test Start Time: Wed Feb  8 17:11:00 2017
-----------------------------------------
Testcase                       Result     Exit Value
--------                       ------     ----------
waitpid11                      FAIL       1    

-----------------------------------------------
Total Tests: 1
Total Skipped Tests: 0
Total Failures: 1
Kernel Version: 4.4.0-43-Microsoft
Machine Architecture: x86_64
Hostname: BENHILL-Z800

Test Start Time: Wed Feb  8 17:11:01 2017
-----------------------------------------
Testcase                       Result     Exit Value
--------                       ------     ----------
waitpid12                      FAIL       1    

-----------------------------------------------
Total Tests: 1
Total Skipped Tests: 0
Total Failures: 1
Kernel Version: 4.4.0-43-Microsoft
Machine Architecture: x86_64
Hostname: BENHILL-Z800

Test Start Time: Wed Feb  8 17:11:03 2017
-----------------------------------------
Testcase                       Result     Exit Value
--------                       ------     ----------
waitpid13                      FAIL       1    

-----------------------------------------------
Total Tests: 1
Total Skipped Tests: 0
Total Failures: 1
Kernel Version: 4.4.0-43-Microsoft
Machine Architecture: x86_64
Hostname: BENHILL-Z800

Test Start Time: Wed Feb  8 17:11:08 2017
-----------------------------------------
Testcase                       Result     Exit Value
--------                       ------     ----------
waitid02                       FAIL       1    

-----------------------------------------------
Total Tests: 1
Total Skipped Tests: 0
Total Failures: 1
Kernel Version: 4.4.0-43-Microsoft
Machine Architecture: x86_64
Hostname: BENHILL-Z800

