Test Start Time: Wed Feb  1 17:35:54 2017
-----------------------------------------
Testcase                       Result     Exit Value
--------                       ------     ----------
clock_getres01                 FAIL       33   

-----------------------------------------------
Total Tests: 1
Total Skipped Tests: 0
Total Failures: 1
Kernel Version: 4.4.0-43-Microsoft
Machine Architecture: x86_64
Hostname: DESKTOP-JSIQGPV

Test Start Time: Wed Feb  1 17:35:54 2017
-----------------------------------------
Testcase                       Result     Exit Value
--------                       ------     ----------
clock_nanosleep01              FAIL       1    

-----------------------------------------------
Total Tests: 1
Total Skipped Tests: 0
Total Failures: 1
Kernel Version: 4.4.0-43-Microsoft
Machine Architecture: x86_64
Hostname: DESKTOP-JSIQGPV

Test Start Time: Wed Feb  1 17:35:55 2017
-----------------------------------------
Testcase                       Result     Exit Value
--------                       ------     ----------
clone02                        FAIL       1    

-----------------------------------------------
Total Tests: 1
Total Skipped Tests: 0
Total Failures: 1
Kernel Version: 4.4.0-43-Microsoft
Machine Architecture: x86_64
Hostname: DESKTOP-JSIQGPV

Test Start Time: Wed Feb  1 17:35:56 2017
-----------------------------------------
Testcase                       Result     Exit Value
--------                       ------     ----------
clone05                        FAIL       3    

-----------------------------------------------
Total Tests: 1
Total Skipped Tests: 0
Total Failures: 1
Kernel Version: 4.4.0-43-Microsoft
Machine Architecture: x86_64
Hostname: DESKTOP-JSIQGPV

Test Start Time: Wed Feb  1 17:35:56 2017
-----------------------------------------
Testcase                       Result     Exit Value
--------                       ------     ----------
clone08                        FAIL       2    

-----------------------------------------------
Total Tests: 1
Total Skipped Tests: 0
Total Failures: 1
Kernel Version: 4.4.0-43-Microsoft
Machine Architecture: x86_64
Hostname: DESKTOP-JSIQGPV

Test Start Time: Wed Feb  1 17:35:57 2017
-----------------------------------------
Testcase                       Result     Exit Value
--------                       ------     ----------
creat05                        FAIL       4    

-----------------------------------------------
Total Tests: 1
Total Skipped Tests: 0
Total Failures: 1
Kernel Version: 4.4.0-43-Microsoft
Machine Architecture: x86_64
Hostname: DESKTOP-JSIQGPV

Test Start Time: Wed Feb  1 17:35:59 2017
-----------------------------------------
Testcase                       Result     Exit Value
--------                       ------     ----------
creat07                        FAIL       2    

-----------------------------------------------
Total Tests: 1
Total Skipped Tests: 0
Total Failures: 1
Kernel Version: 4.4.0-43-Microsoft
Machine Architecture: x86_64
Hostname: DESKTOP-JSIQGPV

Test Start Time: Wed Feb  1 17:36:30 2017
-----------------------------------------
Testcase                       Result     Exit Value
--------                       ------     ----------
eventfd2_03                    FAIL       1    

-----------------------------------------------
Total Tests: 1
Total Skipped Tests: 0
Total Failures: 1
Kernel Version: 4.4.0-43-Microsoft
Machine Architecture: x86_64
Hostname: DESKTOP-JSIQGPV

Test Start Time: Wed Feb  1 17:36:30 2017
-----------------------------------------
Testcase                       Result     Exit Value
--------                       ------     ----------
fallocate04                    CONF       32   

-----------------------------------------------
Total Tests: 1
Total Skipped Tests: 1
Total Failures: 0
Kernel Version: 4.4.0-43-Microsoft
Machine Architecture: x86_64
Hostname: DESKTOP-JSIQGPV

Test Start Time: Wed Feb  1 17:36:31 2017
-----------------------------------------
Testcase                       Result     Exit Value
--------                       ------     ----------
fcntl11                        FAIL       1    

-----------------------------------------------
Total Tests: 1
Total Skipped Tests: 0
Total Failures: 1
Kernel Version: 4.4.0-43-Microsoft
Machine Architecture: x86_64
Hostname: DESKTOP-JSIQGPV

Test Start Time: Wed Feb  1 17:36:31 2017
-----------------------------------------
Testcase                       Result     Exit Value
--------                       ------     ----------
fcntl11_64                     FAIL       1    

-----------------------------------------------
Total Tests: 1
Total Skipped Tests: 0
Total Failures: 1
Kernel Version: 4.4.0-43-Microsoft
Machine Architecture: x86_64
Hostname: DESKTOP-JSIQGPV

Test Start Time: Wed Feb  1 17:36:32 2017
-----------------------------------------
Testcase                       Result     Exit Value
--------                       ------     ----------
fcntl14                        FAIL       1    

-----------------------------------------------
Total Tests: 1
Total Skipped Tests: 0
Total Failures: 1
Kernel Version: 4.4.0-43-Microsoft
Machine Architecture: x86_64
Hostname: DESKTOP-JSIQGPV

Test Start Time: Wed Feb  1 17:36:38 2017
-----------------------------------------
Testcase                       Result     Exit Value
--------                       ------     ----------
fcntl14_64                     FAIL       1    

-----------------------------------------------
Total Tests: 1
Total Skipped Tests: 0
Total Failures: 1
Kernel Version: 4.4.0-43-Microsoft
Machine Architecture: x86_64
Hostname: DESKTOP-JSIQGPV

Test Start Time: Wed Feb  1 17:36:45 2017
-----------------------------------------
Testcase                       Result     Exit Value
--------                       ------     ----------
fcntl15                        FAIL       1    

-----------------------------------------------
Total Tests: 1
Total Skipped Tests: 0
Total Failures: 1
Kernel Version: 4.4.0-43-Microsoft
Machine Architecture: x86_64
Hostname: DESKTOP-JSIQGPV

Test Start Time: Wed Feb  1 17:37:45 2017
-----------------------------------------
Testcase                       Result     Exit Value
--------                       ------     ----------
fcntl15_64                     FAIL       1    

-----------------------------------------------
Total Tests: 1
Total Skipped Tests: 0
Total Failures: 1
Kernel Version: 4.4.0-43-Microsoft
Machine Architecture: x86_64
Hostname: DESKTOP-JSIQGPV

Test Start Time: Wed Feb  1 17:38:46 2017
-----------------------------------------
Testcase                       Result     Exit Value
--------                       ------     ----------
fcntl17                        FAIL       1    

-----------------------------------------------
Total Tests: 1
Total Skipped Tests: 0
Total Failures: 1
Kernel Version: 4.4.0-43-Microsoft
Machine Architecture: x86_64
Hostname: DESKTOP-JSIQGPV

Test Start Time: Wed Feb  1 17:38:46 2017
-----------------------------------------
Testcase                       Result     Exit Value
--------                       ------     ----------
fcntl17_64                     FAIL       1    

-----------------------------------------------
Total Tests: 1
Total Skipped Tests: 0
Total Failures: 1
Kernel Version: 4.4.0-43-Microsoft
Machine Architecture: x86_64
Hostname: DESKTOP-JSIQGPV

Test Start Time: Wed Feb  1 17:38:47 2017
-----------------------------------------
Testcase                       Result     Exit Value
--------                       ------     ----------
fcntl19                        FAIL       1    

-----------------------------------------------
Total Tests: 1
Total Skipped Tests: 0
Total Failures: 1
Kernel Version: 4.4.0-43-Microsoft
Machine Architecture: x86_64
Hostname: DESKTOP-JSIQGPV

Test Start Time: Wed Feb  1 17:38:47 2017
-----------------------------------------
Testcase                       Result     Exit Value
--------                       ------     ----------
fcntl19_64                     FAIL       1    

-----------------------------------------------
Total Tests: 1
Total Skipped Tests: 0
Total Failures: 1
Kernel Version: 4.4.0-43-Microsoft
Machine Architecture: x86_64
Hostname: DESKTOP-JSIQGPV

Test Start Time: Wed Feb  1 17:38:47 2017
-----------------------------------------
Testcase                       Result     Exit Value
--------                       ------     ----------
fcntl20                        FAIL       1    

-----------------------------------------------
Total Tests: 1
Total Skipped Tests: 0
Total Failures: 1
Kernel Version: 4.4.0-43-Microsoft
Machine Architecture: x86_64
Hostname: DESKTOP-JSIQGPV

Test Start Time: Wed Feb  1 17:38:48 2017
-----------------------------------------
Testcase                       Result     Exit Value
--------                       ------     ----------
fcntl20_64                     FAIL       1    

-----------------------------------------------
Total Tests: 1
Total Skipped Tests: 0
Total Failures: 1
Kernel Version: 4.4.0-43-Microsoft
Machine Architecture: x86_64
Hostname: DESKTOP-JSIQGPV

Test Start Time: Wed Feb  1 17:38:48 2017
-----------------------------------------
Testcase                       Result     Exit Value
--------                       ------     ----------
fcntl21                        FAIL       1    

-----------------------------------------------
Total Tests: 1
Total Skipped Tests: 0
Total Failures: 1
Kernel Version: 4.4.0-43-Microsoft
Machine Architecture: x86_64
Hostname: DESKTOP-JSIQGPV

Test Start Time: Wed Feb  1 17:38:49 2017
-----------------------------------------
Testcase                       Result     Exit Value
--------                       ------     ----------
fcntl21_64                     FAIL       1    

-----------------------------------------------
Total Tests: 1
Total Skipped Tests: 0
Total Failures: 1
Kernel Version: 4.4.0-43-Microsoft
Machine Architecture: x86_64
Hostname: DESKTOP-JSIQGPV

Test Start Time: Wed Feb  1 17:38:49 2017
-----------------------------------------
Testcase                       Result     Exit Value
--------                       ------     ----------
fcntl22                        FAIL       1    

-----------------------------------------------
Total Tests: 1
Total Skipped Tests: 0
Total Failures: 1
Kernel Version: 4.4.0-43-Microsoft
Machine Architecture: x86_64
Hostname: DESKTOP-JSIQGPV

Test Start Time: Wed Feb  1 17:38:50 2017
-----------------------------------------
Testcase                       Result     Exit Value
--------                       ------     ----------
fcntl22_64                     FAIL       1    

-----------------------------------------------
Total Tests: 1
Total Skipped Tests: 0
Total Failures: 1
Kernel Version: 4.4.0-43-Microsoft
Machine Architecture: x86_64
Hostname: DESKTOP-JSIQGPV

Test Start Time: Wed Feb  1 17:38:50 2017
-----------------------------------------
Testcase                       Result     Exit Value
--------                       ------     ----------
fcntl23                        FAIL       1    

-----------------------------------------------
Total Tests: 1
Total Skipped Tests: 0
Total Failures: 1
Kernel Version: 4.4.0-43-Microsoft
Machine Architecture: x86_64
Hostname: DESKTOP-JSIQGPV

Test Start Time: Wed Feb  1 17:38:51 2017
-----------------------------------------
Testcase                       Result     Exit Value
--------                       ------     ----------
fcntl23_64                     FAIL       1    

-----------------------------------------------
Total Tests: 1
Total Skipped Tests: 0
Total Failures: 1
Kernel Version: 4.4.0-43-Microsoft
Machine Architecture: x86_64
Hostname: DESKTOP-JSIQGPV

Test Start Time: Wed Feb  1 17:38:51 2017
-----------------------------------------
Testcase                       Result     Exit Value
--------                       ------     ----------
fcntl24                        FAIL       1    

-----------------------------------------------
Total Tests: 1
Total Skipped Tests: 0
Total Failures: 1
Kernel Version: 4.4.0-43-Microsoft
Machine Architecture: x86_64
Hostname: DESKTOP-JSIQGPV

Test Start Time: Wed Feb  1 17:38:52 2017
-----------------------------------------
Testcase                       Result     Exit Value
--------                       ------     ----------
fcntl24_64                     FAIL       1    

-----------------------------------------------
Total Tests: 1
Total Skipped Tests: 0
Total Failures: 1
Kernel Version: 4.4.0-43-Microsoft
Machine Architecture: x86_64
Hostname: DESKTOP-JSIQGPV

Test Start Time: Wed Feb  1 17:38:52 2017
-----------------------------------------
Testcase                       Result     Exit Value
--------                       ------     ----------
fcntl25                        FAIL       1    

-----------------------------------------------
Total Tests: 1
Total Skipped Tests: 0
Total Failures: 1
Kernel Version: 4.4.0-43-Microsoft
Machine Architecture: x86_64
Hostname: DESKTOP-JSIQGPV

Test Start Time: Wed Feb  1 17:38:53 2017
-----------------------------------------
Testcase                       Result     Exit Value
--------                       ------     ----------
fcntl25_64                     FAIL       1    

-----------------------------------------------
Total Tests: 1
Total Skipped Tests: 0
Total Failures: 1
Kernel Version: 4.4.0-43-Microsoft
Machine Architecture: x86_64
Hostname: DESKTOP-JSIQGPV

Test Start Time: Wed Feb  1 17:38:53 2017
-----------------------------------------
Testcase                       Result     Exit Value
--------                       ------     ----------
fcntl26                        FAIL       1    

-----------------------------------------------
Total Tests: 1
Total Skipped Tests: 0
Total Failures: 1
Kernel Version: 4.4.0-43-Microsoft
Machine Architecture: x86_64
Hostname: DESKTOP-JSIQGPV

Test Start Time: Wed Feb  1 17:38:54 2017
-----------------------------------------
Testcase                       Result     Exit Value
--------                       ------     ----------
fcntl26_64                     FAIL       1    

-----------------------------------------------
Total Tests: 1
Total Skipped Tests: 0
Total Failures: 1
Kernel Version: 4.4.0-43-Microsoft
Machine Architecture: x86_64
Hostname: DESKTOP-JSIQGPV

Test Start Time: Wed Feb  1 17:38:54 2017
-----------------------------------------
Testcase                       Result     Exit Value
--------                       ------     ----------
fcntl31                        FAIL       1    

-----------------------------------------------
Total Tests: 1
Total Skipped Tests: 0
Total Failures: 1
Kernel Version: 4.4.0-43-Microsoft
Machine Architecture: x86_64
Hostname: DESKTOP-JSIQGPV

Test Start Time: Wed Feb  1 17:38:55 2017
-----------------------------------------
Testcase                       Result     Exit Value
--------                       ------     ----------
fcntl31_64                     FAIL       1    

-----------------------------------------------
Total Tests: 1
Total Skipped Tests: 0
Total Failures: 1
Kernel Version: 4.4.0-43-Microsoft
Machine Architecture: x86_64
Hostname: DESKTOP-JSIQGPV

Test Start Time: Wed Feb  1 17:38:55 2017
-----------------------------------------
Testcase                       Result     Exit Value
--------                       ------     ----------
fcntl32                        FAIL       1    

-----------------------------------------------
Total Tests: 1
Total Skipped Tests: 0
Total Failures: 1
Kernel Version: 4.4.0-43-Microsoft
Machine Architecture: x86_64
Hostname: DESKTOP-JSIQGPV

Test Start Time: Wed Feb  1 17:38:56 2017
-----------------------------------------
Testcase                       Result     Exit Value
--------                       ------     ----------
fcntl32_64                     FAIL       1    

-----------------------------------------------
Total Tests: 1
Total Skipped Tests: 0
Total Failures: 1
Kernel Version: 4.4.0-43-Microsoft
Machine Architecture: x86_64
Hostname: DESKTOP-JSIQGPV

Test Start Time: Wed Feb  1 17:38:56 2017
-----------------------------------------
Testcase                       Result     Exit Value
--------                       ------     ----------
fcntl33                        FAIL       2    

-----------------------------------------------
Total Tests: 1
Total Skipped Tests: 0
Total Failures: 1
Kernel Version: 4.4.0-43-Microsoft
Machine Architecture: x86_64
Hostname: DESKTOP-JSIQGPV

Test Start Time: Wed Feb  1 17:38:57 2017
-----------------------------------------
Testcase                       Result     Exit Value
--------                       ------     ----------
fcntl33_64                     FAIL       2    

-----------------------------------------------
Total Tests: 1
Total Skipped Tests: 0
Total Failures: 1
Kernel Version: 4.4.0-43-Microsoft
Machine Architecture: x86_64
Hostname: DESKTOP-JSIQGPV

Test Start Time: Wed Feb  1 17:38:57 2017
-----------------------------------------
Testcase                       Result     Exit Value
--------                       ------     ----------
fcntl34                        FAIL       2    

-----------------------------------------------
Total Tests: 1
Total Skipped Tests: 0
Total Failures: 1
Kernel Version: 4.4.0-43-Microsoft
Machine Architecture: x86_64
Hostname: DESKTOP-JSIQGPV

Test Start Time: Wed Feb  1 17:38:58 2017
-----------------------------------------
Testcase                       Result     Exit Value
--------                       ------     ----------
fcntl34_64                     FAIL       2    

-----------------------------------------------
Total Tests: 1
Total Skipped Tests: 0
Total Failures: 1
Kernel Version: 4.4.0-43-Microsoft
Machine Architecture: x86_64
Hostname: DESKTOP-JSIQGPV

Test Start Time: Wed Feb  1 17:38:58 2017
-----------------------------------------
Testcase                       Result     Exit Value
--------                       ------     ----------
fork13                         FAIL       2    

-----------------------------------------------
Total Tests: 1
Total Skipped Tests: 0
Total Failures: 1
Kernel Version: 4.4.0-43-Microsoft
Machine Architecture: x86_64
Hostname: DESKTOP-JSIQGPV

Test Start Time: Wed Feb  1 17:38:59 2017
-----------------------------------------
Testcase                       Result     Exit Value
--------                       ------     ----------
fork14                         FAIL       2    

-----------------------------------------------
Total Tests: 1
Total Skipped Tests: 0
Total Failures: 1
Kernel Version: 4.4.0-43-Microsoft
Machine Architecture: x86_64
Hostname: DESKTOP-JSIQGPV

Test Start Time: Wed Feb  1 18:05:19 2017
-----------------------------------------
Testcase                       Result     Exit Value
--------                       ------     ----------
fstatfs01                      FAIL       1    

-----------------------------------------------
Total Tests: 1
Total Skipped Tests: 0
Total Failures: 1
Kernel Version: 4.4.0-43-Microsoft
Machine Architecture: x86_64
Hostname: DESKTOP-JSIQGPV

Test Start Time: Wed Feb  1 18:05:19 2017
-----------------------------------------
Testcase                       Result     Exit Value
--------                       ------     ----------
fstatfs01_64                   FAIL       1    

-----------------------------------------------
Total Tests: 1
Total Skipped Tests: 0
Total Failures: 1
Kernel Version: 4.4.0-43-Microsoft
Machine Architecture: x86_64
Hostname: DESKTOP-JSIQGPV

Test Start Time: Wed Feb  1 18:05:20 2017
-----------------------------------------
Testcase                       Result     Exit Value
--------                       ------     ----------
futex_wake04                   CONF       32   

-----------------------------------------------
Total Tests: 1
Total Skipped Tests: 1
Total Failures: 0
Kernel Version: 4.4.0-43-Microsoft
Machine Architecture: x86_64
Hostname: DESKTOP-JSIQGPV

Test Start Time: Wed Feb  1 18:05:20 2017
-----------------------------------------
Testcase                       Result     Exit Value
--------                       ------     ----------
getresgid02                    FAIL       1    

-----------------------------------------------
Total Tests: 1
Total Skipped Tests: 0
Total Failures: 1
Kernel Version: 4.4.0-43-Microsoft
Machine Architecture: x86_64
Hostname: DESKTOP-JSIQGPV

Test Start Time: Wed Feb  1 18:05:21 2017
-----------------------------------------
Testcase                       Result     Exit Value
--------                       ------     ----------
getresuid02                    FAIL       1    

-----------------------------------------------
Total Tests: 1
Total Skipped Tests: 0
Total Failures: 1
Kernel Version: 4.4.0-43-Microsoft
Machine Architecture: x86_64
Hostname: DESKTOP-JSIQGPV

Test Start Time: Wed Feb  1 18:05:21 2017
-----------------------------------------
Testcase                       Result     Exit Value
--------                       ------     ----------
get_robust_list01              FAIL       1    

-----------------------------------------------
Total Tests: 1
Total Skipped Tests: 0
Total Failures: 1
Kernel Version: 4.4.0-43-Microsoft
Machine Architecture: x86_64
Hostname: DESKTOP-JSIQGPV

Test Start Time: Wed Feb  1 18:05:22 2017
-----------------------------------------
Testcase                       Result     Exit Value
--------                       ------     ----------
getrusage04                    FAIL       2    

-----------------------------------------------
Total Tests: 1
Total Skipped Tests: 0
Total Failures: 1
Kernel Version: 4.4.0-43-Microsoft
Machine Architecture: x86_64
Hostname: DESKTOP-JSIQGPV

Test Start Time: Wed Feb  1 18:05:22 2017
-----------------------------------------
Testcase                       Result     Exit Value
--------                       ------     ----------
gettimeofday02                 FAIL       2    

-----------------------------------------------
Total Tests: 1
Total Skipped Tests: 0
Total Failures: 1
Kernel Version: 4.4.0-43-Microsoft
Machine Architecture: x86_64
Hostname: DESKTOP-JSIQGPV

Test Start Time: Wed Feb  1 18:05:29 2017
-----------------------------------------
Testcase                       Result     Exit Value
--------                       ------     ----------
ioctl03                        FAIL       2    

-----------------------------------------------
Total Tests: 1
Total Skipped Tests: 0
Total Failures: 1
Kernel Version: 4.4.0-43-Microsoft
Machine Architecture: x86_64
Hostname: DESKTOP-JSIQGPV

Test Start Time: Wed Feb  1 18:05:29 2017
-----------------------------------------
Testcase                       Result     Exit Value
--------                       ------     ----------
keyctl01                       CONF       32   

-----------------------------------------------
Total Tests: 1
Total Skipped Tests: 1
Total Failures: 0
Kernel Version: 4.4.0-43-Microsoft
Machine Architecture: x86_64
Hostname: DESKTOP-JSIQGPV

Test Start Time: Wed Feb  1 18:05:30 2017
-----------------------------------------
Testcase                       Result     Exit Value
--------                       ------     ----------
llseek01                       FAIL       1    

-----------------------------------------------
Total Tests: 1
Total Skipped Tests: 0
Total Failures: 1
Kernel Version: 4.4.0-43-Microsoft
Machine Architecture: x86_64
Hostname: DESKTOP-JSIQGPV

Test Start Time: Wed Feb  1 18:05:30 2017
-----------------------------------------
Testcase                       Result     Exit Value
--------                       ------     ----------
mlock02                        FAIL       1    

-----------------------------------------------
Total Tests: 1
Total Skipped Tests: 0
Total Failures: 1
Kernel Version: 4.4.0-43-Microsoft
Machine Architecture: x86_64
Hostname: DESKTOP-JSIQGPV

Test Start Time: Wed Feb  1 18:05:30 2017
-----------------------------------------
Testcase                       Result     Exit Value
--------                       ------     ----------
mmap09                         FAIL       1    

-----------------------------------------------
Total Tests: 1
Total Skipped Tests: 0
Total Failures: 1
Kernel Version: 4.4.0-43-Microsoft
Machine Architecture: x86_64
Hostname: DESKTOP-JSIQGPV

Test Start Time: Wed Feb  1 18:05:31 2017
-----------------------------------------
Testcase                       Result     Exit Value
--------                       ------     ----------
mmap12                         FAIL       1    

-----------------------------------------------
Total Tests: 1
Total Skipped Tests: 0
Total Failures: 1
Kernel Version: 4.4.0-43-Microsoft
Machine Architecture: x86_64
Hostname: DESKTOP-JSIQGPV

Test Start Time: Wed Feb  1 18:05:31 2017
-----------------------------------------
Testcase                       Result     Exit Value
--------                       ------     ----------
mmap13                         FAIL       2    

-----------------------------------------------
Total Tests: 1
Total Skipped Tests: 0
Total Failures: 1
Kernel Version: 4.4.0-43-Microsoft
Machine Architecture: x86_64
Hostname: DESKTOP-JSIQGPV

Test Start Time: Wed Feb  1 18:05:32 2017
-----------------------------------------
Testcase                       Result     Exit Value
--------                       ------     ----------
mmap14                         FAIL       1    

-----------------------------------------------
Total Tests: 1
Total Skipped Tests: 0
Total Failures: 1
Kernel Version: 4.4.0-43-Microsoft
Machine Architecture: x86_64
Hostname: DESKTOP-JSIQGPV

Test Start Time: Wed Feb  1 18:05:32 2017
-----------------------------------------
Testcase                       Result     Exit Value
--------                       ------     ----------
mmap15                         FAIL       1    

-----------------------------------------------
Total Tests: 1
Total Skipped Tests: 0
Total Failures: 1
Kernel Version: 4.4.0-43-Microsoft
Machine Architecture: x86_64
Hostname: DESKTOP-JSIQGPV

Test Start Time: Wed Feb  1 18:05:33 2017
-----------------------------------------
Testcase                       Result     Exit Value
--------                       ------     ----------
msync03                        FAIL       2    

-----------------------------------------------
Total Tests: 1
Total Skipped Tests: 0
Total Failures: 1
Kernel Version: 4.4.0-43-Microsoft
Machine Architecture: x86_64
Hostname: DESKTOP-JSIQGPV

Test Start Time: Wed Feb  1 18:05:33 2017
-----------------------------------------
Testcase                       Result     Exit Value
--------                       ------     ----------
munlock02                      FAIL       1    

-----------------------------------------------
Total Tests: 1
Total Skipped Tests: 0
Total Failures: 1
Kernel Version: 4.4.0-43-Microsoft
Machine Architecture: x86_64
Hostname: DESKTOP-JSIQGPV

Test Start Time: Wed Feb  1 18:05:34 2017
-----------------------------------------
Testcase                       Result     Exit Value
--------                       ------     ----------
open02                         FAIL       1    

-----------------------------------------------
Total Tests: 1
Total Skipped Tests: 0
Total Failures: 1
Kernel Version: 4.4.0-43-Microsoft
Machine Architecture: x86_64
Hostname: DESKTOP-JSIQGPV

Test Start Time: Wed Feb  1 18:05:34 2017
-----------------------------------------
Testcase                       Result     Exit Value
--------                       ------     ----------
open14                         CONF       32   

-----------------------------------------------
Total Tests: 1
Total Skipped Tests: 1
Total Failures: 0
Kernel Version: 4.4.0-43-Microsoft
Machine Architecture: x86_64
Hostname: DESKTOP-JSIQGPV

Test Start Time: Wed Feb  1 18:05:35 2017
-----------------------------------------
Testcase                       Result     Exit Value
--------                       ------     ----------
openat03                       CONF       32   

-----------------------------------------------
Total Tests: 1
Total Skipped Tests: 1
Total Failures: 0
Kernel Version: 4.4.0-43-Microsoft
Machine Architecture: x86_64
Hostname: DESKTOP-JSIQGPV

Test Start Time: Wed Feb  1 18:05:35 2017
-----------------------------------------
Testcase                       Result     Exit Value
--------                       ------     ----------
madvise01                      FAIL       1    

-----------------------------------------------
Total Tests: 1
Total Skipped Tests: 0
Total Failures: 1
Kernel Version: 4.4.0-43-Microsoft
Machine Architecture: x86_64
Hostname: DESKTOP-JSIQGPV

Test Start Time: Wed Feb  1 18:05:36 2017
-----------------------------------------
Testcase                       Result     Exit Value
--------                       ------     ----------
madvise02                      FAIL       1    

-----------------------------------------------
Total Tests: 1
Total Skipped Tests: 0
Total Failures: 1
Kernel Version: 4.4.0-43-Microsoft
Machine Architecture: x86_64
Hostname: DESKTOP-JSIQGPV

Test Start Time: Wed Feb  1 18:05:36 2017
-----------------------------------------
Testcase                       Result     Exit Value
--------                       ------     ----------
madvise03                      FAIL       2    

-----------------------------------------------
Total Tests: 1
Total Skipped Tests: 0
Total Failures: 1
Kernel Version: 4.4.0-43-Microsoft
Machine Architecture: x86_64
Hostname: DESKTOP-JSIQGPV

Test Start Time: Wed Feb  1 18:05:37 2017
-----------------------------------------
Testcase                       Result     Exit Value
--------                       ------     ----------
madvise06                      FAIL       2    

-----------------------------------------------
Total Tests: 1
Total Skipped Tests: 0
Total Failures: 1
Kernel Version: 4.4.0-43-Microsoft
Machine Architecture: x86_64
Hostname: DESKTOP-JSIQGPV

Test Start Time: Wed Feb  1 18:05:40 2017
-----------------------------------------
Testcase                       Result     Exit Value
--------                       ------     ----------
mremap04                       FAIL       1    

-----------------------------------------------
Total Tests: 1
Total Skipped Tests: 0
Total Failures: 1
Kernel Version: 4.4.0-43-Microsoft
Machine Architecture: x86_64
Hostname: DESKTOP-JSIQGPV

Test Start Time: Wed Feb  1 18:05:40 2017
-----------------------------------------
Testcase                       Result     Exit Value
--------                       ------     ----------
personality01                  FAIL       1    

-----------------------------------------------
Total Tests: 1
Total Skipped Tests: 0
Total Failures: 1
Kernel Version: 4.4.0-43-Microsoft
Machine Architecture: x86_64
Hostname: DESKTOP-JSIQGPV

Test Start Time: Wed Feb  1 18:05:41 2017
-----------------------------------------
Testcase                       Result     Exit Value
--------                       ------     ----------
personality02                  FAIL       1    

-----------------------------------------------
Total Tests: 1
Total Skipped Tests: 0
Total Failures: 1
Kernel Version: 4.4.0-43-Microsoft
Machine Architecture: x86_64
Hostname: DESKTOP-JSIQGPV

Test Start Time: Wed Feb  1 18:05:41 2017
-----------------------------------------
Testcase                       Result     Exit Value
--------                       ------     ----------
profil01                       FAIL       2    

-----------------------------------------------
Total Tests: 1
Total Skipped Tests: 0
Total Failures: 1
Kernel Version: 4.4.0-43-Microsoft
Machine Architecture: x86_64
Hostname: DESKTOP-JSIQGPV

Test Start Time: Wed Feb  1 18:05:42 2017
-----------------------------------------
Testcase                       Result     Exit Value
--------                       ------     ----------
prot_hsymlinks                 FAIL       6    

-----------------------------------------------
Total Tests: 1
Total Skipped Tests: 0
Total Failures: 1
Kernel Version: 4.4.0-43-Microsoft
Machine Architecture: x86_64
Hostname: DESKTOP-JSIQGPV

Test Start Time: Wed Feb  1 18:05:43 2017
-----------------------------------------
Testcase                       Result     Exit Value
--------                       ------     ----------
ptrace01                       FAIL       1    

-----------------------------------------------
Total Tests: 1
Total Skipped Tests: 0
Total Failures: 1
Kernel Version: 4.4.0-43-Microsoft
Machine Architecture: x86_64
Hostname: DESKTOP-JSIQGPV

Test Start Time: Wed Feb  1 18:05:43 2017
-----------------------------------------
Testcase                       Result     Exit Value
--------                       ------     ----------
ptrace02                       FAIL       1    

-----------------------------------------------
Total Tests: 1
Total Skipped Tests: 0
Total Failures: 1
Kernel Version: 4.4.0-43-Microsoft
Machine Architecture: x86_64
Hostname: DESKTOP-JSIQGPV

Test Start Time: Wed Feb  1 18:05:44 2017
-----------------------------------------
Testcase                       Result     Exit Value
--------                       ------     ----------
ptrace03                       FAIL       33   

-----------------------------------------------
Total Tests: 1
Total Skipped Tests: 0
Total Failures: 1
Kernel Version: 4.4.0-43-Microsoft
Machine Architecture: x86_64
Hostname: DESKTOP-JSIQGPV

Test Start Time: Wed Feb  1 18:05:44 2017
-----------------------------------------
Testcase                       Result     Exit Value
--------                       ------     ----------
ptrace05                       FAIL       1    

-----------------------------------------------
Total Tests: 1
Total Skipped Tests: 0
Total Failures: 1
Kernel Version: 4.4.0-43-Microsoft
Machine Architecture: x86_64
Hostname: DESKTOP-JSIQGPV

Test Start Time: Wed Feb  1 18:05:45 2017
-----------------------------------------
Testcase                       Result     Exit Value
--------                       ------     ----------
recv01                         FAIL       1    

-----------------------------------------------
Total Tests: 1
Total Skipped Tests: 0
Total Failures: 1
Kernel Version: 4.4.0-43-Microsoft
Machine Architecture: x86_64
Hostname: DESKTOP-JSIQGPV

Test Start Time: Wed Feb  1 18:05:50 2017
-----------------------------------------
Testcase                       Result     Exit Value
--------                       ------     ----------
recvfrom01                     FAIL       1    

-----------------------------------------------
Total Tests: 1
Total Skipped Tests: 0
Total Failures: 1
Kernel Version: 4.4.0-43-Microsoft
Machine Architecture: x86_64
Hostname: DESKTOP-JSIQGPV

Test Start Time: Wed Feb  1 18:05:51 2017
-----------------------------------------
Testcase                       Result     Exit Value
--------                       ------     ----------
recvmsg01                      FAIL       1    

-----------------------------------------------
Total Tests: 1
Total Skipped Tests: 0
Total Failures: 1
Kernel Version: 4.4.0-43-Microsoft
Machine Architecture: x86_64
Hostname: DESKTOP-JSIQGPV

Test Start Time: Wed Feb  1 18:05:51 2017
-----------------------------------------
Testcase                       Result     Exit Value
--------                       ------     ----------
semctl01                       FAIL       2    

-----------------------------------------------
Total Tests: 1
Total Skipped Tests: 0
Total Failures: 1
Kernel Version: 4.4.0-43-Microsoft
Machine Architecture: x86_64
Hostname: DESKTOP-JSIQGPV

Test Start Time: Wed Feb  1 18:05:52 2017
-----------------------------------------
Testcase                       Result     Exit Value
--------                       ------     ----------
setpgid03                      FAIL       1    

-----------------------------------------------
Total Tests: 1
Total Skipped Tests: 0
Total Failures: 1
Kernel Version: 4.4.0-43-Microsoft
Machine Architecture: x86_64
Hostname: DESKTOP-JSIQGPV

Test Start Time: Wed Feb  1 18:05:52 2017
-----------------------------------------
Testcase                       Result     Exit Value
--------                       ------     ----------
setregid03                     FAIL       1    

-----------------------------------------------
Total Tests: 1
Total Skipped Tests: 0
Total Failures: 1
Kernel Version: 4.4.0-43-Microsoft
Machine Architecture: x86_64
Hostname: DESKTOP-JSIQGPV

Test Start Time: Wed Feb  1 18:05:53 2017
-----------------------------------------
Testcase                       Result     Exit Value
--------                       ------     ----------
setreuid05                     FAIL       1    

-----------------------------------------------
Total Tests: 1
Total Skipped Tests: 0
Total Failures: 1
Kernel Version: 4.4.0-43-Microsoft
Machine Architecture: x86_64
Hostname: DESKTOP-JSIQGPV

Test Start Time: Wed Feb  1 18:05:53 2017
-----------------------------------------
Testcase                       Result     Exit Value
--------                       ------     ----------
setrlimit01                    FAIL       1    

-----------------------------------------------
Total Tests: 1
Total Skipped Tests: 0
Total Failures: 1
Kernel Version: 4.4.0-43-Microsoft
Machine Architecture: x86_64
Hostname: DESKTOP-JSIQGPV

Test Start Time: Wed Feb  1 18:05:54 2017
-----------------------------------------
Testcase                       Result     Exit Value
--------                       ------     ----------
settimeofday01                 FAIL       1    

-----------------------------------------------
Total Tests: 1
Total Skipped Tests: 0
Total Failures: 1
Kernel Version: 4.4.0-43-Microsoft
Machine Architecture: x86_64
Hostname: DESKTOP-JSIQGPV

Test Start Time: Wed Feb  1 18:05:54 2017
-----------------------------------------
Testcase                       Result     Exit Value
--------                       ------     ----------
signal06                       FAIL       11   

-----------------------------------------------
Total Tests: 1
Total Skipped Tests: 0
Total Failures: 1
Kernel Version: 4.4.0-43-Microsoft
Machine Architecture: x86_64
Hostname: DESKTOP-JSIQGPV

Test Start Time: Wed Feb  1 18:05:55 2017
-----------------------------------------
Testcase                       Result     Exit Value
--------                       ------     ----------
sockioctl01                    FAIL       1    

-----------------------------------------------
Total Tests: 1
Total Skipped Tests: 0
Total Failures: 1
Kernel Version: 4.4.0-43-Microsoft
Machine Architecture: x86_64
Hostname: DESKTOP-JSIQGPV

Test Start Time: Wed Feb  1 18:05:55 2017
-----------------------------------------
Testcase                       Result     Exit Value
--------                       ------     ----------
stime01                        FAIL       1    

-----------------------------------------------
Total Tests: 1
Total Skipped Tests: 0
Total Failures: 1
Kernel Version: 4.4.0-43-Microsoft
Machine Architecture: x86_64
Hostname: DESKTOP-JSIQGPV

Test Start Time: Wed Feb  1 18:05:56 2017
-----------------------------------------
Testcase                       Result     Exit Value
--------                       ------     ----------
truncate03                     FAIL       1    

-----------------------------------------------
Total Tests: 1
Total Skipped Tests: 0
Total Failures: 1
Kernel Version: 4.4.0-43-Microsoft
Machine Architecture: x86_64
Hostname: DESKTOP-JSIQGPV

Test Start Time: Wed Feb  1 18:05:56 2017
-----------------------------------------
Testcase                       Result     Exit Value
--------                       ------     ----------
truncate03_64                  FAIL       1    

-----------------------------------------------
Total Tests: 1
Total Skipped Tests: 0
Total Failures: 1
Kernel Version: 4.4.0-43-Microsoft
Machine Architecture: x86_64
Hostname: DESKTOP-JSIQGPV

Test Start Time: Wed Feb  1 18:05:57 2017
-----------------------------------------
Testcase                       Result     Exit Value
--------                       ------     ----------
unshare01                      CONF       32   

-----------------------------------------------
Total Tests: 1
Total Skipped Tests: 1
Total Failures: 0
Kernel Version: 4.4.0-43-Microsoft
Machine Architecture: x86_64
Hostname: DESKTOP-JSIQGPV

Test Start Time: Wed Feb  1 18:05:57 2017
-----------------------------------------
Testcase                       Result     Exit Value
--------                       ------     ----------
unshare02                      FAIL       2    

-----------------------------------------------
Total Tests: 1
Total Skipped Tests: 0
Total Failures: 1
Kernel Version: 4.4.0-43-Microsoft
Machine Architecture: x86_64
Hostname: DESKTOP-JSIQGPV

Test Start Time: Wed Feb  1 18:05:58 2017
-----------------------------------------
Testcase                       Result     Exit Value
--------                       ------     ----------
utimensat01                    CONF       32   

-----------------------------------------------
Total Tests: 1
Total Skipped Tests: 1
Total Failures: 0
Kernel Version: 4.4.0-43-Microsoft
Machine Architecture: x86_64
Hostname: DESKTOP-JSIQGPV

Test Start Time: Wed Feb  1 18:05:59 2017
-----------------------------------------
Testcase                       Result     Exit Value
--------                       ------     ----------
waitpid11                      FAIL       1    

-----------------------------------------------
Total Tests: 1
Total Skipped Tests: 0
Total Failures: 1
Kernel Version: 4.4.0-43-Microsoft
Machine Architecture: x86_64
Hostname: DESKTOP-JSIQGPV

Test Start Time: Wed Feb  1 18:05:59 2017
-----------------------------------------
Testcase                       Result     Exit Value
--------                       ------     ----------
waitpid12                      FAIL       1    

-----------------------------------------------
Total Tests: 1
Total Skipped Tests: 0
Total Failures: 1
Kernel Version: 4.4.0-43-Microsoft
Machine Architecture: x86_64
Hostname: DESKTOP-JSIQGPV

Test Start Time: Wed Feb  1 18:06:02 2017
-----------------------------------------
Testcase                       Result     Exit Value
--------                       ------     ----------
waitpid13                      FAIL       1    

-----------------------------------------------
Total Tests: 1
Total Skipped Tests: 0
Total Failures: 1
Kernel Version: 4.4.0-43-Microsoft
Machine Architecture: x86_64
Hostname: DESKTOP-JSIQGPV

Test Start Time: Wed Feb  1 18:06:07 2017
-----------------------------------------
Testcase                       Result     Exit Value
--------                       ------     ----------
waitid02                       FAIL       1    

-----------------------------------------------
Total Tests: 1
Total Skipped Tests: 0
Total Failures: 1
Kernel Version: 4.4.0-43-Microsoft
Machine Architecture: x86_64
Hostname: DESKTOP-JSIQGPV

