  Test Start Time: Wed Aug 23 16:29:44 2017
-----------------------------------------
Testcase                       Result     Exit Value
--------                       ------     ----------
abort01                        PASS       0    
accept01                       PASS       0    
accept4_01                     PASS       0    
access01                       PASS       0    
access02                       PASS       0    
access03                       PASS       0    
access04                       PASS       0    
access05                       PASS       0    
access06                       CONF       32   
acct01                         CONF       32   
add_key01                      CONF       32   
add_key02                      CONF       32   
adjtimex01                     FAIL       2    
adjtimex02                     FAIL       2    
alarm01                        PASS       0    
alarm02                        PASS       0    
alarm03                        PASS       0    
alarm05                        PASS       0    
alarm06                        PASS       0    
alarm07                        PASS       0    
asyncio02                      PASS       0    
bind01                         PASS       0    
bind02                         PASS       0    
bdflush01                      CONF       32   
brk01                          PASS       0    
capget01                       PASS       0    
capget02                       PASS       0    
capset01                       PASS       0    
capset02                       PASS       0    
cacheflush01                   CONF       32   
chdir01                        PASS       0    
chdir01A                       PASS       0    
chdir02                        PASS       0    
chdir03                        PASS       0    
chdir04                        PASS       0    
chmod01                        PASS       0    
chmod01A                       PASS       0    
chmod02                        PASS       0    
chmod03                        PASS       0    
chmod04                        PASS       0    
chmod05                        PASS       0    
chmod06                        FAIL       34   
chmod07                        PASS       0    
chown01                        PASS       0    
chown01_16                     CONF       32   
chown02                        PASS       0    
chown02_16                     CONF       32   
chown03                        PASS       0    
chown03_16                     CONF       32   
chown04                        CONF       32   
chown04_16                     CONF       32   
chown05                        PASS       0    
chown05_16                     CONF       32   
chroot01                       PASS       0    
chroot02                       PASS       0    
chroot03                       PASS       0    
chroot04                       PASS       0    
clock_getres01                 FAIL       33   
clock_nanosleep01              FAIL       1    
clock_nanosleep2_01            PASS       0    
clone01                        PASS       0    
clone02                        FAIL       1    
clone03                        PASS       0    
clone04                        PASS       0    
clone05                        FAIL       1    
clone06                        PASS       0    
clone07                        PASS       0    
clone08                        FAIL       2    
close01                        PASS       0    
close02                        PASS       0    
close08                        PASS       0    
confstr01                      PASS       0    
connect01                      PASS       0    
creat01                        PASS       0    
creat03                        PASS       0    
creat04                        PASS       0    
creat05                        PASS       0    
creat06                        CONF       32   
creat07                        FAIL       9    
creat08                        PASS       0    
dup01                          PASS       0    
dup02                          PASS       0    
dup03                          PASS       0    
dup04                          PASS       0    
dup05                          PASS       0    
dup06                          PASS       0    
dup07                          PASS       0    
dup201                         PASS       0    
dup202                         PASS       0    
dup203                         PASS       0    
dup204                         PASS       0    
dup205                         PASS       0    
dup3_01                        PASS       0    
dup3_02                        PASS       0    
epoll_create1_01               PASS       0    
epoll01                        PASS       0    
epoll_wait01                   PASS       0    
epoll_wait02                   PASS       0    
epoll_wait03                   PASS       0    
epoll_pwait01                  PASS       0    
eventfd01                      CONF       32   
eventfd2_01                    PASS       0    
eventfd2_02                    PASS       0    
eventfd2_03                    PASS       0    
execl01                        PASS       0    
execle01                       PASS       0    
execlp01                       PASS       0    
execv01                        PASS       0    
execve01                       PASS       0    
execve02                       PASS       0    
execve03                       PASS       0    
execve04                       PASS       0    
execve05                       PASS       0    
execvp01                       PASS       0    
exit01                         PASS       0    
exit02                         PASS       0    
exit_group01                   PASS       0    
faccessat01                    PASS       0    
fallocate01                    PASS       0    
fallocate02                    PASS       0    
fallocate03                    PASS       0    
fallocate04                    CONF       32   
posix_fadvise01                PASS       0    
posix_fadvise01_64             PASS       0    
posix_fadvise02                FAIL       1    
posix_fadvise02_64             FAIL       1    
posix_fadvise03                FAIL       1    
posix_fadvise03_64             FAIL       1    
posix_fadvise04                FAIL       1    
posix_fadvise04_64             FAIL       1    
fchdir01                       PASS       0    
fchdir02                       PASS       0    
fchdir03                       PASS       0    
fchmod01                       PASS       0    
fchmod02                       PASS       0    
fchmod03                       PASS       0    
fchmod04                       PASS       0    
fchmod05                       PASS       0    
fchmod06                       CONF       32   
fchmod07                       PASS       0    
fchmodat01                     PASS       0    
fchown01                       PASS       0    
fchown01_16                    CONF       32   
fchown02                       PASS       0    
fchown02_16                    CONF       32   
fchown03                       PASS       0    
fchown03_16                    CONF       32   
fchown04                       CONF       32   
fchown04_16                    CONF       32   
fchown05                       PASS       0    
fchown05_16                    CONF       32   
fchownat01                     PASS       0    
fchownat02                     PASS       0    
fcntl01                        PASS       0    
fcntl01_64                     PASS       0    
fcntl02                        PASS       0    
fcntl02_64                     PASS       0    
fcntl03                        PASS       0    
fcntl03_64                     PASS       0    
fcntl04                        PASS       0    
fcntl04_64                     PASS       0    
fcntl05                        PASS       0    
fcntl05_64                     PASS       0    
fcntl06                        CONF       32   
fcntl06_64                     CONF       32   
fcntl07                        PASS       0    
fcntl07_64                     PASS       0    
fcntl08                        PASS       0    
fcntl08_64                     PASS       0    
fcntl09                        PASS       0    
fcntl09_64                     PASS       0    
fcntl10                        PASS       0    
fcntl10_64                     PASS       0    
fcntl11                        FAIL       1    
fcntl11_64                     FAIL       1    
fcntl12                        PASS       0    
fcntl12_64                     PASS       0    
fcntl13                        PASS       0    
fcntl13_64                     PASS       0    
fcntl14                        FAIL       1    
fcntl14_64                     FAIL       1    
fcntl15                        FAIL       1    
fcntl15_64                     FAIL       1    
fcntl16                        PASS       0    
fcntl16_64                     PASS       0    
fcntl17                        FAIL       1    
fcntl17_64                     FAIL       1    
fcntl18                        PASS       0    
fcntl18_64                     PASS       0    
fcntl19                        FAIL       1    
fcntl19_64                     FAIL       1    
fcntl20                        FAIL       1    
fcntl20_64                     FAIL       1    
fcntl21                        FAIL       1    
fcntl21_64                     FAIL       1    
fcntl22                        FAIL       1    
fcntl22_64                     FAIL       1    
fcntl23                        FAIL       1    
fcntl23_64                     FAIL       1    
fcntl24                        FAIL       1    
fcntl24_64                     FAIL       1    
fcntl25                        FAIL       1    
fcntl25_64                     FAIL       1    
fcntl26                        FAIL       1    
fcntl26_64                     FAIL       1    
fcntl27                        PASS       0    
fcntl27_64                     PASS       0    
fcntl28                        PASS       0    
fcntl28_64                     PASS       0    
fcntl29                        PASS       0    
fcntl29_64                     PASS       0    
fcntl30                        PASS       0    
fcntl30_64                     PASS       0    
fcntl31                        FAIL       1    
fcntl31_64                     FAIL       1    
fcntl32                        FAIL       1    
fcntl32_64                     FAIL       1    
fcntl33                        FAIL       2    
fcntl33_64                     FAIL       2    
fcntl34                        FAIL       2    
fcntl34_64                     FAIL       2    
fdatasync01                    PASS       0    
fdatasync02                    PASS       0    
flock01                        PASS       0    
flock02                        PASS       0    
flock03                        PASS       0    
flock04                        PASS       0    
flock05                        PASS       0    
flock06                        PASS       0    
fmtmsg01                       PASS       0    
fork01                         PASS       0    
fork02                         PASS       0    
fork03                         PASS       0    
fork04                         PASS       0    
fork05                         PASS       0    
fork06                         PASS       0    
fork07                         PASS       0    
fork08                         PASS       0    
fork09                         PASS       0    
fork10                         PASS       0    
fork11                         PASS       0    
fork13                         FAIL       2    
fork14                         FAIL       9    
fpathconf01                    PASS       0    
fstat01                        PASS       0    
fstat01_64                     PASS       0    
fstat02                        PASS       0    
fstat02_64                     PASS       0    
fstat03                        PASS       0    
fstat03_64                     PASS       0    
fstat05                        PASS       0    
fstat05_64                     PASS       0    
fstatat01                      PASS       0    
fstatfs01                      FAIL       1    
fstatfs01_64                   FAIL       1    
fstatfs02                      PASS       0    
fstatfs02_64                   PASS       0    
fsync01                        PASS       0    
fsync02                        PASS       0    
fsync03                        PASS       0    
ftruncate01                    PASS       0    
ftruncate01_64                 PASS       0    
ftruncate02                    PASS       0    
ftruncate02_64                 PASS       0    
ftruncate03                    PASS       0    
ftruncate03_64                 PASS       0    
ftruncate04                    CONF       32   
ftruncate04_64                 CONF       32   
futimesat01                    CONF       32   
getcontext01                   PASS       0    
getcpu01                       PASS       0    
getcwd01                       PASS       0    
getcwd02                       PASS       0    
getcwd03                       PASS       0    
getcwd04                       PASS       0    
getdents01                     PASS       0    
getdents02                     PASS       0    
getdents01_64                  PASS       0    
getdents02_64                  PASS       0    
getdomainname01                PASS       0    
getdtablesize01                PASS       0    
getegid01                      PASS       0    
getegid01_16                   CONF       32   
getegid02                      PASS       0    
getegid02_16                   CONF       32   
geteuid01                      PASS       0    
geteuid01_16                   CONF       32   
geteuid02                      PASS       0    
geteuid02_16                   CONF       32   
getgid01                       PASS       0    
getgid01_16                    CONF       32   
getgid03                       PASS       0    
getgid03_16                    CONF       32   
getgroups01                    PASS       0    
getgroups01_16                 CONF       32   
getgroups03                    PASS       0    
getgroups03_16                 CONF       32   
gethostbyname_r01              PASS       0    
gethostid01                    PASS       0    
gethostname01                  PASS       0    
getitimer01                    PASS       0    
getitimer02                    PASS       0    
getitimer03                    PASS       0    
getpagesize01                  PASS       0    
getpeername01                  PASS       0    
getpgid01                      PASS       0    
getpgid02                      PASS       0    
getpgrp01                      PASS       0    
getpid01                       PASS       0    
getpid02                       PASS       0    
getppid01                      PASS       0    
getppid02                      PASS       0    
getpriority01                  PASS       0    
getpriority02                  PASS       0    
getrandom01                    PASS       0    
getrandom02                    PASS       0    
getrandom03                    PASS       0    
getrandom04                    PASS       0    
getresgid01                    PASS       0    
getresgid02                    PASS       0    
getresgid03                    PASS       0    
getresuid01                    PASS       0    
getresuid02                    PASS       0    
getresuid03                    PASS       0    
getrlimit01                    PASS       0    
getrlimit02                    PASS       0    
get_mempolicy01                CONF       32   
get_robust_list01              FAIL       1    
getrusage01                    PASS       0    
getrusage02                    PASS       0    
getrusage03                    PASS       0    
getrusage04                    FAIL       1    
getsid01                       PASS       0    
getsid02                       PASS       0    
getsockname01                  PASS       0    
getsockopt01                   PASS       0    
gettid01                       PASS       0    
gettimeofday01                 PASS       0    
gettimeofday02                 PASS       0    
getuid01                       PASS       0    
getuid01_16                    CONF       32   
getuid03                       PASS       0    
getuid03_16                    CONF       32   
getxattr01                     PASS       0    
getxattr02                     PASS       0    
getxattr03                     PASS       0    
ioctl01_02                     PASS       0    
ioctl03                        FAIL       2    
inotify_init1_01               PASS       0    
inotify_init1_02               PASS       0    
inotify01                      PASS       0    
inotify02                      PASS       0    
inotify03                      FAIL       36   
inotify04                      PASS       0    
inotify05                      PASS       0    
inotify06                      PASS       0    
fanotify01                     CONF       32   
fanotify02                     CONF       32   
fanotify03                     CONF       32   
fanotify04                     CONF       32   
fanotify05                     CONF       32   
fanotify06                     CONF       32   
ioperm01                       FAIL       3    
ioperm02                       FAIL       1    
iopl01                         FAIL       5    
iopl02                         FAIL       1    
io_cancel01                    CONF       32   
io_destroy01                   CONF       32   
io_getevents01                 CONF       32   
io_setup01                     CONF       32   
io_submit01                    CONF       32   
keyctl01                       CONF       32   
kcmp01                         CONF       32   
kcmp02                         CONF       32   
kill01                         PASS       0    
kill02                         PASS       0    
kill03                         PASS       0    
kill04                         PASS       0    
kill05                         PASS       0    
kill06                         PASS       0    
kill07                         PASS       0    
kill08                         PASS       0    
kill09                         PASS       0    
kill10                         PASS       0    
kill11                         PASS       0    
kill12                         PASS       0    
lchown01                       PASS       0    
lchown01_16                    CONF       32   
lchown02                       PASS       0    
lchown03                       CONF       32   
lchown02_16                    CONF       32   
lchown03_16                    CONF       32   
link01                         PASS       0    
link02                         PASS       0    
link03                         PASS       0    
link04                         PASS       0    
link05                         PASS       0    
link06                         PASS       0    
link07                         PASS       0    
link08                         CONF       32   
linkat01                       PASS       0    
linkat02                       CONF       32   
listen01                       PASS       0    
llistxattr01                   PASS       0    
llistxattr02                   PASS       0    
llistxattr03                   PASS       0    
llseek01                       FAIL       1    
llseek02                       PASS       0    
llseek03                       PASS       0    
lseek01                        PASS       0    
lseek02                        PASS       0    
lseek03                        PASS       0    
lseek04                        PASS       0    
lseek05                        PASS       0    
lseek06                        PASS       0    
lseek07                        PASS       0    
lseek08                        PASS       0    
lseek09                        PASS       0    
lseek10                        PASS       0    
lstat01A                       PASS       0    
lstat01A_64                    PASS       0    
lstat01                        PASS       0    
lstat01_64                     PASS       0    
lstat02                        PASS       0    
lstat02_64                     PASS       0    
lstat03                        PASS       0    
lstat03_64                     PASS       0    
mallopt01                      PASS       0    
mbind01                        CONF       32   
memset01                       PASS       0    
memcmp01                       PASS       0    
memcpy01                       PASS       0    
migrate_pages01                CONF       32   
migrate_pages02                CONF       32   
mlockall01                     FAIL       1    
mlockall02                     FAIL       1    
mlockall03                     FAIL       1    
mkdir01                        PASS       0    
mkdir02                        PASS       0    
mkdir03                        CONF       32   
mkdir04                        PASS       0    
mkdir05                        PASS       0    
mkdir05A                       PASS       0    
mkdir08                        PASS       0    
mkdir09                        PASS       0    
mkdirat01                      PASS       0    
mkdirat02                      CONF       32   
mknod01                        PASS       0    
mknod02                        PASS       0    
mknod03                        PASS       0    
mknod04                        PASS       0    
mknod05                        PASS       0    
mknod06                        PASS       0    
mknod07                        CONF       32   
mknod08                        PASS       0    
mknod09                        PASS       0    
mknodat01                      PASS       0    
mknodat02                      CONF       32   
mlock01                        PASS       0    
mlock02                        FAIL       1    
mlock03                        PASS       0    
mlock04                        PASS       0    
qmm01                          PASS       0    
mmap01                         PASS       0    
mmap02                         PASS       0    
mmap03                         PASS       0    
mmap04                         PASS       0    
mmap05                         PASS       0    
mmap06                         PASS       0    
mmap07                         PASS       0    
mmap08                         PASS       0    
mmap09                         FAIL       1    
mmap12                         FAIL       1    
mmap13                         FAIL       2    
mmap14                         FAIL       1    
mmap15                         FAIL       1    
mmap16                         CONF       32   
modify_ldt01                   CONF       32   
modify_ldt02                   CONF       32   
modify_ldt03                   CONF       32   
mount01                        CONF       32   
mount02                        CONF       32   
mount03                        CONF       32   
mount04                        CONF       32   
mount05                        PASS       0    
mount06                        CONF       32   
move_pages01                   CONF       32   
move_pages02                   CONF       32   
move_pages03                   CONF       32   
move_pages04                   CONF       32   
move_pages05                   CONF       32   
move_pages06                   CONF       32   
move_pages07                   CONF       32   
move_pages08                   CONF       32   
move_pages09                   CONF       32   
move_pages10                   CONF       32   
move_pages11                   CONF       32   
mprotect01                     PASS       0    
mprotect02                     PASS       0    
mprotect03                     PASS       0    
mprotect04                     PASS       0    
mq_notify01                    FAIL       1    
mq_notify02                    FAIL       1    
mq_open01                      FAIL       1    
mq_timedreceive01              FAIL       1    
mq_timedsend01                 FAIL       1    
mq_unlink01                    FAIL       1    
mremap01                       PASS       0    
mremap02                       PASS       0    
mremap03                       PASS       0    
mremap04                       FAIL       1    
mremap05                       PASS       0    
msgctl01                       FAIL       2    
msgctl02                       FAIL       2    
msgctl03                       FAIL       2    
msgctl04                       FAIL       2    
msgctl05                       FAIL       2    
msgctl06                       FAIL       1    
msgctl07                       FAIL       1    
msgctl08                       FAIL       7    
msgctl09                       FAIL       7    
msgctl10                       FAIL       7    
msgctl11                       FAIL       2    
msgctl12                       FAIL       2    
msgctl13                       FAIL       2    
msgget01                       FAIL       1    
msgget02                       FAIL       2    
msgget03                       FAIL       2    
msgget04                       FAIL       2    
msgrcv01                       FAIL       2    
msgrcv02                       FAIL       2    
msgrcv03                       FAIL       2    
msgrcv04                       FAIL       2    
msgrcv05                       FAIL       2    
msgrcv06                       FAIL       2    
msgrcv07                       FAIL       2    
msgrcv08                       CONF       32   
msgsnd01                       FAIL       2    
msgsnd02                       FAIL       2    
msgsnd03                       FAIL       2    
msgsnd04                       FAIL       2    
msgsnd05                       FAIL       2    
msgsnd06                       FAIL       2    
msync01                        PASS       0    
msync02                        PASS       0    
msync03                        FAIL       2    
munlock01                      PASS       0    
munlock02                      FAIL       1    
munlockall01                   FAIL       1    
munlockall02                   CONF       32   
munmap01                       PASS       0    
munmap02                       PASS       0    
munmap03                       PASS       0    
nanosleep01                    PASS       0    
nanosleep02                    PASS       0    
nanosleep03                    PASS       0    
nanosleep04                    PASS       0    
nftw01                         PASS       0    
nftw6401                       PASS       0    
nice01                         PASS       0    
nice02                         PASS       0    
nice03                         PASS       0    
nice04                         PASS       0    
nice05                         PASS       0    
open01                         PASS       0    
open01A                        PASS       0    
open02                         PASS       0    
open03                         PASS       0    
open04                         PASS       0    
open05                         PASS       0    
open06                         PASS       0    
open07                         PASS       0    
open08                         PASS       0    
open09                         PASS       0    
open10                         PASS       0    
open11                         PASS       0    
open12                         PASS       0    
open13                         PASS       0    
open14                         CONF       32   
openat01                       PASS       0    
openat02                       PASS       0    
openat03                       CONF       32   
mincore01                      FAIL       1    
mincore02                      FAIL       2    
madvise01                      FAIL       1    
madvise02                      FAIL       1    
madvise03                      FAIL       1    
madvise04                      PASS       0    
madvise05                      PASS       0    
madvise06                      PASS       0    
newuname01                     PASS       0    
pathconf01                     PASS       0    
pause01                        PASS       0    
pause02                        PASS       0    
pause03                        PASS       0    
personality01                  FAIL       1    
personality02                  FAIL       1    
pipe01                         PASS       0    
pipe02                         PASS       0    
pipe03                         PASS       0    
pipe04                         PASS       0    
pipe05                         PASS       0    
pipe06                         PASS       0    
pipe07                         PASS       0    
pipe08                         PASS       0    
pipe09                         PASS       0    
pipe10                         PASS       0    
pipe11                         PASS       0    
pipe2_01                       PASS       0    
pipe2_02                       PASS       0    
poll01                         PASS       0    
poll02                         PASS       0    
ppoll01                        PASS       0    
prctl01                        PASS       0    
prctl02                        PASS       0    
pread01                        PASS       0    
pread01_64                     PASS       0    
pread02                        PASS       0    
pread02_64                     PASS       0    
pread03                        PASS       0    
pread03_64                     PASS       0    
preadv01                       PASS       0    
preadv01_64                    PASS       0    
preadv02                       PASS       0    
preadv02_64                    PASS       0    
profil01                       FAIL       2    
process_vm_readv01             PASS       0    
process_vm_readv02             PASS       0    
process_vm_readv03             PASS       0    
process_vm_writev01            PASS       0    
process_vm_writev02            PASS       0    
prot_hsymlinks                 FAIL       6    
pselect01                      PASS       0    
pselect01_64                   PASS       0    
pselect02                      PASS       0    
pselect02_64                   PASS       0    
ptrace01                       PASS       0    
ptrace02                       PASS       0    
ptrace03                       CONF       32   
ptrace04                       CONF       32   
ptrace05                       PASS       0    
pwrite01                       PASS       0    
pwrite02                       PASS       0    
pwrite04                       PASS       0    
pwrite01_64                    PASS       0    
pwrite02_64                    PASS       0    
pwrite04_64                    PASS       0    
pwritev01                      PASS       0    
pwritev01_64                   PASS       0    
pwritev02                      PASS       0    
pwritev02_64                   PASS       0    
quotactl01                     CONF       32   
quotactl02                     CONF       32   
read01                         PASS       0    
read02                         PASS       0    
read03                         PASS       0    
read04                         PASS       0    
readahead01                    CONF       32   
readahead02                    CONF       32   
readdir01                      PASS       0    
readdir02                      PASS       0    
readdir21                      CONF       32   
readlink01A                    PASS       0    
readlink01                     PASS       0    
readlink02                     PASS       0    
readlink03                     PASS       0    
readlink04                     PASS       0    
readlinkat01                   PASS       0    
readlinkat02                   PASS       0    
readv01                        PASS       0    
readv02                        PASS       0    
readv03                        PASS       0    
reboot01                       PASS       0    
reboot02                       PASS       0    
recv01                         FAIL       1    
recvfrom01                     FAIL       1    
recvmsg01                      FAIL       1    
recvmsg02                      PASS       0    
remap_file_pages01             FAIL       7    
remap_file_pages02             FAIL       1    
removexattr01                  PASS       0    
removexattr02                  PASS       0    
rename01                       PASS       0    
rename01A                      PASS       0    
rename02                       PASS       0    
rename03                       PASS       0    
rename04                       PASS       0    
rename05                       PASS       0    
rename06                       PASS       0    
rename07                       PASS       0    
rename08                       PASS       0    
rename09                       PASS       0    
rename10                       PASS       0    
rename11                       CONF       32   
rename12                       PASS       0    
rename13                       PASS       0    
rename14                       PASS       0    
renameat01                     CONF       32   
renameat201                    CONF       32   
renameat202                    CONF       32   
request_key01                  CONF       32   
request_key02                  CONF       32   
rmdir01                        PASS       0    
rmdir02                        CONF       32   
rmdir03                        PASS       0    
rmdir03A                       PASS       0    
rmdir04                        PASS       0    
rmdir05                        CONF       32   
rt_sigaction01                 PASS       0    
rt_sigaction02                 PASS       0    
rt_sigaction03                 PASS       0    
rt_sigprocmask01               PASS       0    
rt_sigprocmask02               PASS       0    
rt_sigqueueinfo01              FAIL       1    
rt_sigsuspend01                PASS       0    
sbrk01                         PASS       0    
sbrk02                         PASS       0    
sched_get_priority_max01       PASS       0    
sched_get_priority_max02       PASS       0    
sched_get_priority_min01       PASS       0    
sched_get_priority_min02       PASS       0    
sched_getparam01               PASS       0    
sched_getparam02               PASS       0    
sched_getparam03               PASS       0    
sched_rr_get_interval01        FAIL       1    
sched_rr_get_interval02        FAIL       1    
sched_rr_get_interval03        FAIL       1    
sched_setparam01               PASS       0    
sched_setparam02               PASS       0    
sched_setparam03               PASS       0    
sched_setparam04               PASS       0    
sched_setparam05               PASS       0    
sched_getscheduler01           PASS       0    
sched_getscheduler02           PASS       0    
sched_setscheduler01           PASS       0    
sched_setscheduler02           PASS       0    
sched_yield01                  PASS       0    
sched_setaffinity01            PASS       0    
sched_getaffinity01            PASS       0    
sched_setattr01                FAIL       1    
sched_getattr01                FAIL       1    
sched_getattr02                FAIL       1    
select01                       PASS       0    
select02                       PASS       0    
select03                       PASS       0    
select04                       PASS       0    
semctl01                       FAIL       2    
semctl02                       PASS       0    
semctl03                       PASS       0    
semctl04                       PASS       0    
semctl05                       PASS       0    
semctl06                       PASS       0    
semctl07                       PASS       0    
semget01                       PASS       0    
semget02                       PASS       0    
semget03                       PASS       0    
semget05                       PASS       0    
semget06                       PASS       0    
semop01                        PASS       0    
semop02                        PASS       0    
semop03                        PASS       0    
semop04                        PASS       0    
semop05                        PASS       0    
send01                         PASS       0    
sendfile02                     PASS       0    
sendfile02_64                  PASS       0    
sendfile03                     PASS       0    
sendfile03_64                  PASS       0    
sendfile04                     PASS       0    
sendfile04_64                  PASS       0    
sendfile05                     PASS       0    
sendfile05_64                  PASS       0    
sendfile06                     PASS       0    
sendfile06_64                  PASS       0    
sendfile07                     PASS       0    
sendfile07_64                  PASS       0    
sendfile08                     PASS       0    
sendfile08_64                  PASS       0    
sendfile09                     PASS       0    
sendfile09_64                  PASS       0    
sendmsg01                      PASS       0    
sendmsg02                      PASS       0    
sendto01                       PASS       0    
setdomainname01                PASS       0    
setdomainname02                PASS       0    
setdomainname03                PASS       0    
setfsgid01                     PASS       0    
setfsgid01_16                  CONF       32   
setfsgid02                     PASS       0    
setfsgid02_16                  CONF       32   
setfsgid03                     PASS       0    
setfsgid03_16                  CONF       32   
setfsuid01                     PASS       0    
setfsuid01_16                  CONF       32   
setfsuid02                     PASS       0    
setfsuid02_16                  CONF       32   
setfsuid03                     PASS       0    
setfsuid03_16                  CONF       32   
setfsuid04                     PASS       0    
setfsuid04_16                  CONF       32   
setgid01                       PASS       0    
setgid01_16                    CONF       32   
setgid02                       PASS       0    
setgid02_16                    CONF       32   
setgid03                       PASS       0    
setgid03_16                    CONF       32   
setegid01                      PASS       0    
setegid02                      PASS       0    
sgetmask01                     CONF       32   
setgroups01                    PASS       0    
setgroups01_16                 CONF       32   
setgroups02                    PASS       0    
setgroups02_16                 CONF       32   
setgroups03                    PASS       0    
setgroups03_16                 CONF       32   
setgroups04                    PASS       0    
setgroups04_16                 CONF       32   
sethostname01                  PASS       0    
sethostname02                  PASS       0    
sethostname03                  PASS       0    
setitimer01                    PASS       0    
setitimer02                    PASS       0    
setitimer03                    PASS       0    
setns01                        PASS       0    
setns02                        PASS       0    
setpgid01                      PASS       0    
setpgid02                      PASS       0    
setpgid03                      PASS       0    
setpgrp01                      PASS       0    
setpgrp02                      PASS       0    
setpriority01                  PASS       0    
setpriority02                  PASS       0    
setpriority03                  PASS       0    
setpriority04                  PASS       0    
setpriority05                  PASS       0    
setregid01                     PASS       0    
setregid01_16                  CONF       32   
setregid02                     PASS       0    
setregid02_16                  CONF       32   
setregid03                     PASS       0    
setregid03_16                  CONF       32   
setregid04                     PASS       0    
setregid04_16                  CONF       32   
setresgid01                    PASS       0    
setresgid01_16                 CONF       32   
setresgid02                    PASS       0    
setresgid02_16                 CONF       32   
setresgid03                    PASS       0    
setresgid03_16                 CONF       32   
setresgid04                    PASS       0    
setresgid04_16                 CONF       32   
setresuid01                    PASS       0    
setresuid01_16                 CONF       32   
setresuid02                    PASS       0    
setresuid02_16                 CONF       32   
setresuid03                    PASS       0    
setresuid03_16                 CONF       32   
setresuid04                    PASS       0    
setresuid04_16                 CONF       32   
setresuid05                    PASS       0    
setresuid05_16                 CONF       32   
setreuid01                     PASS       0    
setreuid01_16                  CONF       32   
setreuid02                     PASS       0    
setreuid02_16                  CONF       32   
setreuid03                     PASS       0    
setreuid03_16                  CONF       32   
setreuid04                     PASS       0    
setreuid04_16                  CONF       32   
setreuid05                     PASS       0    
setreuid05_16                  CONF       32   
setreuid06                     PASS       0    
setreuid06_16                  CONF       32   
setreuid07                     PASS       0    
setreuid07_16                  CONF       32   
setrlimit01                    FAIL       1    
setrlimit02                    PASS       0    
setrlimit03                    PASS       0    
set_robust_list01              PASS       0    
set_thread_area01              CONF       32   
set_tid_address01              PASS       0    
setsid01                       PASS       0    
setsockopt01                   PASS       0    
settimeofday01                 FAIL       1    
settimeofday02                 PASS       0    
setuid01                       PASS       0    
setuid01_16                    CONF       32   
setuid02                       PASS       0    
setuid02_16                    CONF       32   
setuid03                       PASS       0    
setuid03_16                    CONF       32   
setuid04                       PASS       0    
setuid04_16                    CONF       32   
setxattr01                     PASS       0    
setxattr02                     PASS       0    
setxattr03                     FAIL       6    
shmat01                        PASS       0    
shmat02                        PASS       0    
shmat03                        PASS       0    
shmctl01                       PASS       0    
shmctl02                       CONF       32   
shmctl03                       PASS       0    
shmctl04                       PASS       0    
shmdt01                        PASS       0    
shmdt02                        PASS       0    
shmget01                       PASS       0    
shmget02                       PASS       0    
shmget03                       PASS       0    
shmget04                       PASS       0    
shmget05                       PASS       0    
sigaction01                    PASS       0    
sigaction02                    PASS       0    
sigaltstack01                  PASS       0    
sigaltstack02                  PASS       0    
sighold02                      PASS       0    
signal01                       PASS       0    
signal02                       PASS       0    
signal03                       PASS       0    
signal04                       PASS       0    
signal05                       PASS       0    
signal06                       FAIL       11   
signalfd01                     FAIL       1    
signalfd4_01                   CONF       32   
signalfd4_02                   CONF       32   
sigpending02                   PASS       0    
sigprocmask01                  PASS       0    
sigrelse01                     PASS       0    
sigsuspend01                   PASS       0    
socket01                       PASS       0    
socket02                       PASS       0    
socket03                       PASS       0    
socketcall01                   PASS       0    
socketcall02                   PASS       0    
socketcall03                   PASS       0    
socketcall04                   PASS       0    
socketpair01                   PASS       0    
socketpair02                   PASS       0    
sockioctl01                    FAIL       1    
splice01                       PASS       0    
splice02                       PASS       0    
splice03                       PASS       0    
tee01                          PASS       0    
tee02                          PASS       0    
ssetmask01                     CONF       32   
stat01                         PASS       0    
stat01_64                      PASS       0    
stat02                         PASS       0    
stat02_64                      PASS       0    
stat03                         PASS       0    
stat03_64                      PASS       0    
stat04                         PASS       0    
stat04_64                      PASS       0    
stat05                         PASS       0    
stat05_64                      PASS       0    
stat06                         PASS       0    
stat06_64                      PASS       0    
statfs01                       PASS       0    
statfs01_64                    PASS       0    
statfs02                       PASS       0    
statfs02_64                    PASS       0    
statfs03                       PASS       0    
statfs03_64                    PASS       0    
statvfs01                      PASS       0    
statvfs02                      PASS       0    
stime01                        FAIL       1    
stime02                        PASS       0    
string01                       PASS       0    
swapoff01                      CONF       32   
swapoff02                      CONF       32   
swapon01                       CONF       32   
swapon02                       CONF       32   
swapon03                       FAIL       1    
switch01                       CONF       32   
symlink01                      PASS       0    
symlink02                      PASS       0    
symlink03                      PASS       0    
symlink04                      PASS       0    
symlink05                      PASS       0    
symlinkat01                    PASS       0    
sync01                         PASS       0    
sync02                         PASS       0    
sync_file_range01              CONF       32   
syscall01                      PASS       0    
sysconf01                      CONF       32   
sysctl01                       CONF       32   
sysctl03                       CONF       32   
sysctl04                       CONF       32   
sysctl05                       CONF       32   
sysfs01                        CONF       32   
sysfs02                        CONF       32   
sysfs03                        CONF       32   
sysfs04                        CONF       32   
sysfs05                        CONF       32   
sysfs06                        CONF       32   
sysinfo01                      PASS       0    
sysinfo02                      PASS       0    
syslog01                       FAIL       1    
syslog02                       FAIL       1    
syslog03                       FAIL       1    
syslog04                       FAIL       1    
syslog05                       FAIL       1    
syslog06                       FAIL       1    
syslog07                       FAIL       1    
syslog08                       FAIL       1    
syslog09                       FAIL       1    
syslog10                       FAIL       1    
syslog11                       FAIL       1    
syslog12                       FAIL       1    
time01                         PASS       0    
time02                         PASS       0    
times01                        PASS       0    
times03                        PASS       0    
timerfd01                      PASS       0    
timerfd02                      PASS       0    
timerfd03                      PASS       0    
timerfd_create01               PASS       0    
timerfd_gettime01              PASS       0    
timerfd_settime01              PASS       0    
timer_getoverrun01             PASS       0    
timer_gettime01                PASS       0    
tkill01                        PASS       0    
tkill02                        PASS       0    
truncate01                     PASS       0    
truncate01_64                  PASS       0    
truncate02                     PASS       0    
truncate02_64                  PASS       0    
truncate03                     FAIL       1    
truncate03_64                  FAIL       1    
ulimit01                       PASS       0    
umask01                        PASS       0    
umask02                        PASS       0    
umask03                        PASS       0    
uname01                        PASS       0    
uname02                        PASS       0    
uname03                        PASS       0    
unlink01                       PASS       0    
unlink05                       PASS       0    
unlink06                       PASS       0    
unlink07                       PASS       0    
unlink08                       PASS       0    
unlinkat01                     PASS       0    
unshare01                      FAIL       1    
unshare02                      PASS       0    
umount01                       CONF       32   
umount02                       CONF       32   
umount03                       CONF       32   
umount2_01                     CONF       32   
umount2_02                     CONF       32   
umount2_03                     CONF       32   
ustat01                        CONF       32   
ustat02                        CONF       32   
utime01                        PASS       0    
utime01A                       PASS       0    
utime02                        PASS       0    
utime03                        PASS       0    
utime04                        PASS       0    
utime05                        PASS       0    
utime06                        CONF       32   
utimes01                       CONF       32   
utimensat01                    CONF       32   
vfork01                        PASS       0    
vfork02                        PASS       0    
vhangup01                      FAIL       1    
vhangup02                      PASS       0    
vmsplice01                     FAIL       2    
vmsplice02                     FAIL       1    
wait01                         PASS       0    
wait02                         PASS       0    
wait401                        PASS       0    
wait402                        PASS       0    
waitpid01                      PASS       0    
waitpid02                      PASS       0    
waitpid03                      PASS       0    
waitpid04                      PASS       0    
waitpid05                      PASS       0    
waitpid06                      PASS       0    
waitpid07                      PASS       0    
waitpid08                      PASS       0    
waitpid09                      PASS       0    
waitpid10                      PASS       0    
waitpid11                      FAIL       1    
waitpid12                      FAIL       1    
waitpid13                      FAIL       1    
waitid01                       PASS       0    
waitid02                       FAIL       1    
write01                        PASS       0    
write02                        PASS       0    
write03                        PASS       0    
write04                        PASS       0    
write05                        PASS       0    
writev01                       PASS       0    
writev02                       PASS       0    
writev03                       PASS       0    
writev04                       PASS       0    
writev05                       PASS       0    
writev06                       PASS       0    
perf_event_open01              CONF       32   
perf_event_open02              CONF       32   
futex_wait01                   PASS       0    
futex_wait02                   PASS       0    
futex_wait03                   PASS       0    
futex_wait04                   PASS       0    
futex_wait05                   PASS       0    
futex_wake01                   PASS       0    
futex_wake02                   PASS       0    
futex_wake03                   PASS       0    
futex_wake04                   CONF       32   
futex_wait_bitset01            PASS       0    
futex_wait_bitset02            PASS       0    
gf01                           PASS       0    
gf02                           FAIL       1    
gf03                           PASS       0    
gf04                           PASS       0    
gf05                           FAIL       1    
gf06                           PASS       0    
gf07                           FAIL       1    
gf08                           PASS       0    
gf09                           FAIL       1    
gf10                           PASS       0    
gf11                           PASS       0    
gf12                           PASS       0    
gf13                           PASS       0    
gf14                           PASS       0    
gf15                           PASS       0    
gf16                           PASS       0    
gf17                           PASS       0    
gf18                           PASS       0    
gf19                           FAIL       1    
gf20                           PASS       0    
gf21                           PASS       0    
gf22                           PASS       0    
gf23                           PASS       0    
gf24                           PASS       0    
gf25                           PASS       0    
gf26                           PASS       0    
gf27                           PASS       0    
gf28                           PASS       0    
gf29                           PASS       0    
gf30                           PASS       0    
rwtest01                       PASS       0    
rwtest02                       PASS       0    
rwtest03                       FAIL       4    
rwtest04                       FAIL       4    
rwtest05                       PASS       0    
iogen01                        PASS       0    
fs_inod01                      PASS       0    
linker01                       PASS       0    
openfile01                     PASS       0    
inode01                        PASS       0    
inode02                        PASS       0    
stream01                       PASS       0    
stream02                       PASS       0    
stream03                       PASS       0    
stream04                       PASS       0    
stream05                       PASS       0    
ftest01                        PASS       0    
ftest02                        PASS       0    
ftest03                        PASS       0    
ftest04                        PASS       0    
ftest05                        PASS       0    
ftest06                        PASS       0    
ftest07                        PASS       0    
ftest08                        PASS       0    
lftest01                       PASS       0    
writetest01                    PASS       0    
fs_di                          PASS       0    
proc01                         PASS       0    
fs_racer                       PASS       0    
quota_remount_test01           PASS       0    
isofs                          FAIL       1    
fs_perms01                     PASS       0    
fs_perms02                     PASS       0    
fs_perms03                     PASS       0    
fs_perms04                     PASS       0    
fs_perms05                     PASS       0    
fs_perms06                     PASS       0    
fs_perms07                     PASS       0    
fs_perms08                     PASS       0    
fs_perms09                     PASS       0    
fs_perms10                     PASS       0    
fs_perms11                     PASS       0    
fs_perms12                     PASS       0    
fs_perms13                     PASS       0    
fs_perms14                     PASS       0    
fs_perms15                     PASS       0    
fs_perms16                     PASS       0    
fs_perms17                     PASS       0    
fs_perms18                     PASS       0    
fsx-linux                      FAIL       203  
dio01                          PASS       0    
dio02                          PASS       0    
dio03                          PASS       0    
dio04                          FAIL       1    
dio05                          PASS       0    
dio06                          PASS       0    
dio07                          PASS       0    
dio08                          PASS       0    
dio09                          PASS       0    
dio10                          FAIL       1    
dio11                          PASS       0    
dio12                          PASS       0    
dio13                          PASS       0    
dio14                          PASS       0    
dio15                          PASS       0    
dio16                          PASS       0    
dio17                          PASS       0    
dio18                          PASS       0    
dio19                          PASS       0    
dio20                          PASS       0    
dio21                          PASS       0    
dio22                          PASS       0    
dio23                          PASS       0    
dio24                          PASS       0    
dio25                          PASS       0    
dio26                          PASS       0    
dio27                          PASS       0    
dio28                          PASS       0    
aio01                          FAIL       2    
aio02                          FAIL       2    
mm01                           PASS       0    
mm02                           PASS       0    
mtest01                        PASS       0    
mtest01w                       PASS       0    
mtest05                        PASS       0    
mtest06                        PASS       0    
mtest06_2                      PASS       0    
mtest06_3                      PASS       0    
mem01                          PASS       0    
mem02                          PASS       0    
mem03                          PASS       0    
page01                         PASS       0    
page02                         PASS       0    
data_space                     PASS       0    
stack_space                    PASS       0    
shmt02                         PASS       0    
shmt03                         PASS       0    
shmt04                         PASS       0    
shmt05                         PASS       0    
shmt06                         PASS       0    
shmt07                         PASS       0    
shmt08                         PASS       0    
shmt09                         PASS       0    
shmt10                         PASS       0    
shm_test01                     PASS       0    
mallocstress01                 PASS       0    
mmapstress01                   PASS       0    
mmapstress02                   PASS       0    
mmapstress03                   PASS       0    
mmapstress04                   PASS       0    
mmapstress05                   PASS       0    
mmapstress06                   PASS       0    
mmapstress07                   PASS       0    
mmapstress08                   PASS       0    
mmapstress09                   PASS       0    
mmapstress10                   PASS       0    
mmap10                         PASS       0    
mmap10_1                       PASS       0    
mmap10_2                       CONF       32   
mmap10_3                       CONF       32   
mmap10_4                       CONF       32   
ksm01                          CONF       32   
ksm01_1                        CONF       32   
ksm02                          CONF       32   
ksm02_1                        CONF       32   
ksm03                          CONF       32   
ksm03_1                        CONF       32   
ksm04                          CONF       32   
ksm04_1                        CONF       32   
ksm05                          CONF       32   
ksm06                          CONF       32   
ksm06_1                        CONF       32   
ksm06_2                        CONF       32   
oom01                          FAIL       1    
oom02                          CONF       32   
oom03                          CONF       32   
oom04                          CONF       32   
oom05                          CONF       32   
swapping01                     PASS       0    
thp01                          FAIL       2    
thp02                          CONF       32   
thp03                          CONF       32   
vma01                          FAIL       1    
vma02                          CONF       32   
vma03                          CONF       32   
vma04                          CONF       32   
overcommit_memory01            CONF       32   
overcommit_memory02            CONF       32   
overcommit_memory03            CONF       32   
overcommit_memory04            CONF       32   
overcommit_memory05            CONF       32   
overcommit_memory06            CONF       32   
max_map_count                  FAIL       2    
min_free_kbytes                FAIL       3    
pipeio_1                       PASS       0    
pipeio_3                       PASS       0    
pipeio_4                       FAIL       127  
pipeio_5                       FAIL       127  
pipeio_6                       FAIL       127  
pipeio_8                       FAIL       127  
sem01                          FAIL       127  
sem02                          FAIL       127  
message_queue_test_01          FAIL       127  
message_queue_test_02_get      FAIL       127  
message_queue_test_02_snd      FAIL       127  
message_queue_test_02_rcv      FAIL       127  
message_queue_test_02_ctl      FAIL       127  
message_queue_test_04          FAIL       127  
message_queue_test_05          FAIL       127  
pipe_test_01                   FAIL       127  
semaphore_test_01              FAIL       127  
semaphore_test_03              FAIL       127  
shmem_test_03                  FAIL       127  
shmem_test_06                  FAIL       127  
signal_test_02                 FAIL       127  
signal_test_03                 FAIL       127  
signal_test_05                 FAIL       127  
signal_test_06                 FAIL       127  
signal_test_07                 FAIL       127  
pth_str02                      FAIL       127  
pth_str03                      FAIL       127  
trace_sched01                  FAIL       127  
hackbench02                    FAIL       127  
sched_getattr02                FAIL       127  
sched_cli_serv                 FAIL       127  
sched_stress                   FAIL       127  
abs01                          FAIL       127  
float_bessel                   FAIL       127  
float_power                    FAIL       127  
float_trigo                    FAIL       127  
nextafter01                    FAIL       127  
nptl01                         FAIL       127  
ptem01                         FAIL       127  
pidns02                        FAIL       127  
pidns03                        FAIL       127  
pidns05                        FAIL       127  
pidns12                        FAIL       127  
pidns13                        FAIL       127  
mqns_01_clone                  FAIL       127  
shmnstest_unshare              FAIL       127  
shmem_2nstest_none             FAIL       127  
cgroup_fj_stress_perf_event_4_ FAIL       127  
cgroup_fj_stress_perf_event_3_ FAIL       127  
cpuset_syscall                 FAIL       127  
Connectors                     FAIL       127  
su01                           FAIL       127  

-----------------------------------------------
Total Tests: 1904
Total Skipped Tests: 209
Total Failures: 229
Kernel Version: 4.4.0-43-Microsoft
Machine Architecture: x86_64
Hostname: BENHILL-Z800

