Test Start Time: Thu Jul 27 11:26:51 2017
-----------------------------------------
Testcase                       Result     Exit Value
--------                       ------     ----------
acct01                         CONF       32   

-----------------------------------------------
Total Tests: 1
Total Skipped Tests: 1
Total Failures: 0
Kernel Version: 4.4.0-43-Microsoft
Machine Architecture: x86_64
Hostname: BENHILL-VM2

Test Start Time: Thu Jul 27 11:26:52 2017
-----------------------------------------
Testcase                       Result     Exit Value
--------                       ------     ----------
add_key01                      CONF       32   

-----------------------------------------------
Total Tests: 1
Total Skipped Tests: 1
Total Failures: 0
Kernel Version: 4.4.0-43-Microsoft
Machine Architecture: x86_64
Hostname: BENHILL-VM2

Test Start Time: Thu Jul 27 11:26:53 2017
-----------------------------------------
Testcase                       Result     Exit Value
--------                       ------     ----------
add_key02                      CONF       32   

-----------------------------------------------
Total Tests: 1
Total Skipped Tests: 1
Total Failures: 0
Kernel Version: 4.4.0-43-Microsoft
Machine Architecture: x86_64
Hostname: BENHILL-VM2

Test Start Time: Thu Jul 27 11:26:54 2017
-----------------------------------------
Testcase                       Result     Exit Value
--------                       ------     ----------
adjtimex01                     FAIL       2    

-----------------------------------------------
Total Tests: 1
Total Skipped Tests: 0
Total Failures: 1
Kernel Version: 4.4.0-43-Microsoft
Machine Architecture: x86_64
Hostname: BENHILL-VM2

Test Start Time: Thu Jul 27 11:26:56 2017
-----------------------------------------
Testcase                       Result     Exit Value
--------                       ------     ----------
adjtimex02                     FAIL       2    

-----------------------------------------------
Total Tests: 1
Total Skipped Tests: 0
Total Failures: 1
Kernel Version: 4.4.0-43-Microsoft
Machine Architecture: x86_64
Hostname: BENHILL-VM2

Test Start Time: Thu Jul 27 11:26:57 2017
-----------------------------------------
Testcase                       Result     Exit Value
--------                       ------     ----------
futimesat01                    CONF       32   

-----------------------------------------------
Total Tests: 1
Total Skipped Tests: 1
Total Failures: 0
Kernel Version: 4.4.0-43-Microsoft
Machine Architecture: x86_64
Hostname: BENHILL-VM2

Test Start Time: Thu Jul 27 11:26:58 2017
-----------------------------------------
Testcase                       Result     Exit Value
--------                       ------     ----------
fanotify01                     CONF       32   

-----------------------------------------------
Total Tests: 1
Total Skipped Tests: 1
Total Failures: 0
Kernel Version: 4.4.0-43-Microsoft
Machine Architecture: x86_64
Hostname: BENHILL-VM2

Test Start Time: Thu Jul 27 11:27:00 2017
-----------------------------------------
Testcase                       Result     Exit Value
--------                       ------     ----------
fanotify02                     CONF       32   

-----------------------------------------------
Total Tests: 1
Total Skipped Tests: 1
Total Failures: 0
Kernel Version: 4.4.0-43-Microsoft
Machine Architecture: x86_64
Hostname: BENHILL-VM2

Test Start Time: Thu Jul 27 11:27:01 2017
-----------------------------------------
Testcase                       Result     Exit Value
--------                       ------     ----------
fanotify03                     CONF       32   

-----------------------------------------------
Total Tests: 1
Total Skipped Tests: 1
Total Failures: 0
Kernel Version: 4.4.0-43-Microsoft
Machine Architecture: x86_64
Hostname: BENHILL-VM2

Test Start Time: Thu Jul 27 11:27:02 2017
-----------------------------------------
Testcase                       Result     Exit Value
--------                       ------     ----------
fanotify04                     CONF       32   

-----------------------------------------------
Total Tests: 1
Total Skipped Tests: 1
Total Failures: 0
Kernel Version: 4.4.0-43-Microsoft
Machine Architecture: x86_64
Hostname: BENHILL-VM2

Test Start Time: Thu Jul 27 11:27:03 2017
-----------------------------------------
Testcase                       Result     Exit Value
--------                       ------     ----------
fanotify05                     CONF       32   

-----------------------------------------------
Total Tests: 1
Total Skipped Tests: 1
Total Failures: 0
Kernel Version: 4.4.0-43-Microsoft
Machine Architecture: x86_64
Hostname: BENHILL-VM2

Test Start Time: Thu Jul 27 11:27:05 2017
-----------------------------------------
Testcase                       Result     Exit Value
--------                       ------     ----------
fanotify06                     CONF       32   

-----------------------------------------------
Total Tests: 1
Total Skipped Tests: 1
Total Failures: 0
Kernel Version: 4.4.0-43-Microsoft
Machine Architecture: x86_64
Hostname: BENHILL-VM2

Test Start Time: Thu Jul 27 11:27:06 2017
-----------------------------------------
Testcase                       Result     Exit Value
--------                       ------     ----------
ioperm01                       FAIL       3    

-----------------------------------------------
Total Tests: 1
Total Skipped Tests: 0
Total Failures: 1
Kernel Version: 4.4.0-43-Microsoft
Machine Architecture: x86_64
Hostname: BENHILL-VM2

Test Start Time: Thu Jul 27 11:27:08 2017
-----------------------------------------
Testcase                       Result     Exit Value
--------                       ------     ----------
ioperm02                       FAIL       1    

-----------------------------------------------
Total Tests: 1
Total Skipped Tests: 0
Total Failures: 1
Kernel Version: 4.4.0-43-Microsoft
Machine Architecture: x86_64
Hostname: BENHILL-VM2

Test Start Time: Thu Jul 27 11:27:09 2017
-----------------------------------------
Testcase                       Result     Exit Value
--------                       ------     ----------
iopl01                         FAIL       5    

-----------------------------------------------
Total Tests: 1
Total Skipped Tests: 0
Total Failures: 1
Kernel Version: 4.4.0-43-Microsoft
Machine Architecture: x86_64
Hostname: BENHILL-VM2

Test Start Time: Thu Jul 27 11:27:10 2017
-----------------------------------------
Testcase                       Result     Exit Value
--------                       ------     ----------
iopl02                         FAIL       1    

-----------------------------------------------
Total Tests: 1
Total Skipped Tests: 0
Total Failures: 1
Kernel Version: 4.4.0-43-Microsoft
Machine Architecture: x86_64
Hostname: BENHILL-VM2

Test Start Time: Thu Jul 27 11:27:12 2017
-----------------------------------------
Testcase                       Result     Exit Value
--------                       ------     ----------
kcmp01                         CONF       32   

-----------------------------------------------
Total Tests: 1
Total Skipped Tests: 1
Total Failures: 0
Kernel Version: 4.4.0-43-Microsoft
Machine Architecture: x86_64
Hostname: BENHILL-VM2

Test Start Time: Thu Jul 27 11:27:13 2017
-----------------------------------------
Testcase                       Result     Exit Value
--------                       ------     ----------
kcmp02                         CONF       32   

-----------------------------------------------
Total Tests: 1
Total Skipped Tests: 1
Total Failures: 0
Kernel Version: 4.4.0-43-Microsoft
Machine Architecture: x86_64
Hostname: BENHILL-VM2

Test Start Time: Thu Jul 27 11:27:14 2017
-----------------------------------------
Testcase                       Result     Exit Value
--------                       ------     ----------
mlockall01                     FAIL       1    

-----------------------------------------------
Total Tests: 1
Total Skipped Tests: 0
Total Failures: 1
Kernel Version: 4.4.0-43-Microsoft
Machine Architecture: x86_64
Hostname: BENHILL-VM2

Test Start Time: Thu Jul 27 11:27:15 2017
-----------------------------------------
Testcase                       Result     Exit Value
--------                       ------     ----------
mlockall02                     FAIL       1    

-----------------------------------------------
Total Tests: 1
Total Skipped Tests: 0
Total Failures: 1
Kernel Version: 4.4.0-43-Microsoft
Machine Architecture: x86_64
Hostname: BENHILL-VM2

Test Start Time: Thu Jul 27 11:27:17 2017
-----------------------------------------
Testcase                       Result     Exit Value
--------                       ------     ----------
mlockall03                     FAIL       1    

-----------------------------------------------
Total Tests: 1
Total Skipped Tests: 0
Total Failures: 1
Kernel Version: 4.4.0-43-Microsoft
Machine Architecture: x86_64
Hostname: BENHILL-VM2

Test Start Time: Thu Jul 27 11:27:18 2017
-----------------------------------------
Testcase                       Result     Exit Value
--------                       ------     ----------
move_pages01                   CONF       32   

-----------------------------------------------
Total Tests: 1
Total Skipped Tests: 1
Total Failures: 0
Kernel Version: 4.4.0-43-Microsoft
Machine Architecture: x86_64
Hostname: BENHILL-VM2

Test Start Time: Thu Jul 27 11:27:20 2017
-----------------------------------------
Testcase                       Result     Exit Value
--------                       ------     ----------
move_pages02                   CONF       32   

-----------------------------------------------
Total Tests: 1
Total Skipped Tests: 1
Total Failures: 0
Kernel Version: 4.4.0-43-Microsoft
Machine Architecture: x86_64
Hostname: BENHILL-VM2

Test Start Time: Thu Jul 27 11:27:21 2017
-----------------------------------------
Testcase                       Result     Exit Value
--------                       ------     ----------
move_pages03                   CONF       32   

-----------------------------------------------
Total Tests: 1
Total Skipped Tests: 1
Total Failures: 0
Kernel Version: 4.4.0-43-Microsoft
Machine Architecture: x86_64
Hostname: BENHILL-VM2

Test Start Time: Thu Jul 27 11:27:23 2017
-----------------------------------------
Testcase                       Result     Exit Value
--------                       ------     ----------
move_pages04                   CONF       32   

-----------------------------------------------
Total Tests: 1
Total Skipped Tests: 1
Total Failures: 0
Kernel Version: 4.4.0-43-Microsoft
Machine Architecture: x86_64
Hostname: BENHILL-VM2

Test Start Time: Thu Jul 27 11:27:24 2017
-----------------------------------------
Testcase                       Result     Exit Value
--------                       ------     ----------
move_pages05                   CONF       32   

-----------------------------------------------
Total Tests: 1
Total Skipped Tests: 1
Total Failures: 0
Kernel Version: 4.4.0-43-Microsoft
Machine Architecture: x86_64
Hostname: BENHILL-VM2

Test Start Time: Thu Jul 27 11:27:26 2017
-----------------------------------------
Testcase                       Result     Exit Value
--------                       ------     ----------
move_pages06                   CONF       32   

-----------------------------------------------
Total Tests: 1
Total Skipped Tests: 1
Total Failures: 0
Kernel Version: 4.4.0-43-Microsoft
Machine Architecture: x86_64
Hostname: BENHILL-VM2

Test Start Time: Thu Jul 27 11:27:27 2017
-----------------------------------------
Testcase                       Result     Exit Value
--------                       ------     ----------
move_pages07                   CONF       32   

-----------------------------------------------
Total Tests: 1
Total Skipped Tests: 1
Total Failures: 0
Kernel Version: 4.4.0-43-Microsoft
Machine Architecture: x86_64
Hostname: BENHILL-VM2

Test Start Time: Thu Jul 27 11:27:28 2017
-----------------------------------------
Testcase                       Result     Exit Value
--------                       ------     ----------
move_pages08                   CONF       32   

-----------------------------------------------
Total Tests: 1
Total Skipped Tests: 1
Total Failures: 0
Kernel Version: 4.4.0-43-Microsoft
Machine Architecture: x86_64
Hostname: BENHILL-VM2

Test Start Time: Thu Jul 27 11:27:30 2017
-----------------------------------------
Testcase                       Result     Exit Value
--------                       ------     ----------
move_pages09                   CONF       32   

-----------------------------------------------
Total Tests: 1
Total Skipped Tests: 1
Total Failures: 0
Kernel Version: 4.4.0-43-Microsoft
Machine Architecture: x86_64
Hostname: BENHILL-VM2

Test Start Time: Thu Jul 27 11:27:31 2017
-----------------------------------------
Testcase                       Result     Exit Value
--------                       ------     ----------
move_pages10                   CONF       32   

-----------------------------------------------
Total Tests: 1
Total Skipped Tests: 1
Total Failures: 0
Kernel Version: 4.4.0-43-Microsoft
Machine Architecture: x86_64
Hostname: BENHILL-VM2

Test Start Time: Thu Jul 27 11:27:32 2017
-----------------------------------------
Testcase                       Result     Exit Value
--------                       ------     ----------
move_pages11                   CONF       32   

-----------------------------------------------
Total Tests: 1
Total Skipped Tests: 1
Total Failures: 0
Kernel Version: 4.4.0-43-Microsoft
Machine Architecture: x86_64
Hostname: BENHILL-VM2

Test Start Time: Thu Jul 27 11:27:34 2017
-----------------------------------------
Testcase                       Result     Exit Value
--------                       ------     ----------
mq_notify01                    FAIL       1    

-----------------------------------------------
Total Tests: 1
Total Skipped Tests: 0
Total Failures: 1
Kernel Version: 4.4.0-43-Microsoft
Machine Architecture: x86_64
Hostname: BENHILL-VM2

Test Start Time: Thu Jul 27 11:27:35 2017
-----------------------------------------
Testcase                       Result     Exit Value
--------                       ------     ----------
mq_notify02                    FAIL       1    

-----------------------------------------------
Total Tests: 1
Total Skipped Tests: 0
Total Failures: 1
Kernel Version: 4.4.0-43-Microsoft
Machine Architecture: x86_64
Hostname: BENHILL-VM2

Test Start Time: Thu Jul 27 11:27:36 2017
-----------------------------------------
Testcase                       Result     Exit Value
--------                       ------     ----------
mq_open01                      FAIL       1    

-----------------------------------------------
Total Tests: 1
Total Skipped Tests: 0
Total Failures: 1
Kernel Version: 4.4.0-43-Microsoft
Machine Architecture: x86_64
Hostname: BENHILL-VM2

Test Start Time: Thu Jul 27 11:27:38 2017
-----------------------------------------
Testcase                       Result     Exit Value
--------                       ------     ----------
mq_timedreceive01              FAIL       1    

-----------------------------------------------
Total Tests: 1
Total Skipped Tests: 0
Total Failures: 1
Kernel Version: 4.4.0-43-Microsoft
Machine Architecture: x86_64
Hostname: BENHILL-VM2

Test Start Time: Thu Jul 27 11:27:39 2017
-----------------------------------------
Testcase                       Result     Exit Value
--------                       ------     ----------
mq_timedsend01                 FAIL       1    

-----------------------------------------------
Total Tests: 1
Total Skipped Tests: 0
Total Failures: 1
Kernel Version: 4.4.0-43-Microsoft
Machine Architecture: x86_64
Hostname: BENHILL-VM2

Test Start Time: Thu Jul 27 11:27:40 2017
-----------------------------------------
Testcase                       Result     Exit Value
--------                       ------     ----------
mq_unlink01                    FAIL       1    

-----------------------------------------------
Total Tests: 1
Total Skipped Tests: 0
Total Failures: 1
Kernel Version: 4.4.0-43-Microsoft
Machine Architecture: x86_64
Hostname: BENHILL-VM2

Test Start Time: Thu Jul 27 11:27:42 2017
-----------------------------------------
Testcase                       Result     Exit Value
--------                       ------     ----------
msgctl01                       FAIL       2    

-----------------------------------------------
Total Tests: 1
Total Skipped Tests: 0
Total Failures: 1
Kernel Version: 4.4.0-43-Microsoft
Machine Architecture: x86_64
Hostname: BENHILL-VM2

Test Start Time: Thu Jul 27 11:27:43 2017
-----------------------------------------
Testcase                       Result     Exit Value
--------                       ------     ----------
msgctl02                       FAIL       2    

-----------------------------------------------
Total Tests: 1
Total Skipped Tests: 0
Total Failures: 1
Kernel Version: 4.4.0-43-Microsoft
Machine Architecture: x86_64
Hostname: BENHILL-VM2

Test Start Time: Thu Jul 27 11:27:44 2017
-----------------------------------------
Testcase                       Result     Exit Value
--------                       ------     ----------
msgctl03                       FAIL       2    

-----------------------------------------------
Total Tests: 1
Total Skipped Tests: 0
Total Failures: 1
Kernel Version: 4.4.0-43-Microsoft
Machine Architecture: x86_64
Hostname: BENHILL-VM2

Test Start Time: Thu Jul 27 11:27:46 2017
-----------------------------------------
Testcase                       Result     Exit Value
--------                       ------     ----------
msgctl04                       FAIL       2    

-----------------------------------------------
Total Tests: 1
Total Skipped Tests: 0
Total Failures: 1
Kernel Version: 4.4.0-43-Microsoft
Machine Architecture: x86_64
Hostname: BENHILL-VM2

Test Start Time: Thu Jul 27 11:27:47 2017
-----------------------------------------
Testcase                       Result     Exit Value
--------                       ------     ----------
msgctl05                       FAIL       2    

-----------------------------------------------
Total Tests: 1
Total Skipped Tests: 0
Total Failures: 1
Kernel Version: 4.4.0-43-Microsoft
Machine Architecture: x86_64
Hostname: BENHILL-VM2

Test Start Time: Thu Jul 27 11:27:49 2017
-----------------------------------------
Testcase                       Result     Exit Value
--------                       ------     ----------
msgctl06                       FAIL       1    

-----------------------------------------------
Total Tests: 1
Total Skipped Tests: 0
Total Failures: 1
Kernel Version: 4.4.0-43-Microsoft
Machine Architecture: x86_64
Hostname: BENHILL-VM2

Test Start Time: Thu Jul 27 11:27:50 2017
-----------------------------------------
Testcase                       Result     Exit Value
--------                       ------     ----------
msgctl07                       FAIL       1    

-----------------------------------------------
Total Tests: 1
Total Skipped Tests: 0
Total Failures: 1
Kernel Version: 4.4.0-43-Microsoft
Machine Architecture: x86_64
Hostname: BENHILL-VM2

Test Start Time: Thu Jul 27 11:27:51 2017
-----------------------------------------
Testcase                       Result     Exit Value
--------                       ------     ----------
msgctl08                       FAIL       7    

-----------------------------------------------
Total Tests: 1
Total Skipped Tests: 0
Total Failures: 1
Kernel Version: 4.4.0-43-Microsoft
Machine Architecture: x86_64
Hostname: BENHILL-VM2

Test Start Time: Thu Jul 27 11:27:53 2017
-----------------------------------------
Testcase                       Result     Exit Value
--------                       ------     ----------
msgctl09                       FAIL       7    

-----------------------------------------------
Total Tests: 1
Total Skipped Tests: 0
Total Failures: 1
Kernel Version: 4.4.0-43-Microsoft
Machine Architecture: x86_64
Hostname: BENHILL-VM2

Test Start Time: Thu Jul 27 11:27:55 2017
-----------------------------------------
Testcase                       Result     Exit Value
--------                       ------     ----------
msgctl10                       FAIL       7    

-----------------------------------------------
Total Tests: 1
Total Skipped Tests: 0
Total Failures: 1
Kernel Version: 4.4.0-43-Microsoft
Machine Architecture: x86_64
Hostname: BENHILL-VM2

Test Start Time: Thu Jul 27 11:27:56 2017
-----------------------------------------
Testcase                       Result     Exit Value
--------                       ------     ----------
msgctl11                       FAIL       2    

-----------------------------------------------
Total Tests: 1
Total Skipped Tests: 0
Total Failures: 1
Kernel Version: 4.4.0-43-Microsoft
Machine Architecture: x86_64
Hostname: BENHILL-VM2

Test Start Time: Thu Jul 27 11:27:57 2017
-----------------------------------------
Testcase                       Result     Exit Value
--------                       ------     ----------
msgctl12                       FAIL       2    

-----------------------------------------------
Total Tests: 1
Total Skipped Tests: 0
Total Failures: 1
Kernel Version: 4.4.0-43-Microsoft
Machine Architecture: x86_64
Hostname: BENHILL-VM2

Test Start Time: Thu Jul 27 11:27:59 2017
-----------------------------------------
Testcase                       Result     Exit Value
--------                       ------     ----------
msgctl13                       FAIL       2    

-----------------------------------------------
Total Tests: 1
Total Skipped Tests: 0
Total Failures: 1
Kernel Version: 4.4.0-43-Microsoft
Machine Architecture: x86_64
Hostname: BENHILL-VM2

Test Start Time: Thu Jul 27 11:28:00 2017
-----------------------------------------
Testcase                       Result     Exit Value
--------                       ------     ----------
msgget01                       FAIL       1    

-----------------------------------------------
Total Tests: 1
Total Skipped Tests: 0
Total Failures: 1
Kernel Version: 4.4.0-43-Microsoft
Machine Architecture: x86_64
Hostname: BENHILL-VM2

Test Start Time: Thu Jul 27 11:28:02 2017
-----------------------------------------
Testcase                       Result     Exit Value
--------                       ------     ----------
msgget02                       FAIL       2    

-----------------------------------------------
Total Tests: 1
Total Skipped Tests: 0
Total Failures: 1
Kernel Version: 4.4.0-43-Microsoft
Machine Architecture: x86_64
Hostname: BENHILL-VM2

Test Start Time: Thu Jul 27 11:28:03 2017
-----------------------------------------
Testcase                       Result     Exit Value
--------                       ------     ----------
msgget03                       FAIL       2    

-----------------------------------------------
Total Tests: 1
Total Skipped Tests: 0
Total Failures: 1
Kernel Version: 4.4.0-43-Microsoft
Machine Architecture: x86_64
Hostname: BENHILL-VM2

Test Start Time: Thu Jul 27 11:28:04 2017
-----------------------------------------
Testcase                       Result     Exit Value
--------                       ------     ----------
msgget04                       FAIL       2    

-----------------------------------------------
Total Tests: 1
Total Skipped Tests: 0
Total Failures: 1
Kernel Version: 4.4.0-43-Microsoft
Machine Architecture: x86_64
Hostname: BENHILL-VM2

Test Start Time: Thu Jul 27 11:28:06 2017
-----------------------------------------
Testcase                       Result     Exit Value
--------                       ------     ----------
msgrcv01                       FAIL       2    

-----------------------------------------------
Total Tests: 1
Total Skipped Tests: 0
Total Failures: 1
Kernel Version: 4.4.0-43-Microsoft
Machine Architecture: x86_64
Hostname: BENHILL-VM2

Test Start Time: Thu Jul 27 11:28:07 2017
-----------------------------------------
Testcase                       Result     Exit Value
--------                       ------     ----------
msgrcv02                       FAIL       2    

-----------------------------------------------
Total Tests: 1
Total Skipped Tests: 0
Total Failures: 1
Kernel Version: 4.4.0-43-Microsoft
Machine Architecture: x86_64
Hostname: BENHILL-VM2

Test Start Time: Thu Jul 27 11:28:08 2017
-----------------------------------------
Testcase                       Result     Exit Value
--------                       ------     ----------
msgrcv03                       FAIL       2    

-----------------------------------------------
Total Tests: 1
Total Skipped Tests: 0
Total Failures: 1
Kernel Version: 4.4.0-43-Microsoft
Machine Architecture: x86_64
Hostname: BENHILL-VM2

Test Start Time: Thu Jul 27 11:28:10 2017
-----------------------------------------
Testcase                       Result     Exit Value
--------                       ------     ----------
msgrcv04                       FAIL       2    

-----------------------------------------------
Total Tests: 1
Total Skipped Tests: 0
Total Failures: 1
Kernel Version: 4.4.0-43-Microsoft
Machine Architecture: x86_64
Hostname: BENHILL-VM2

Test Start Time: Thu Jul 27 11:28:11 2017
-----------------------------------------
Testcase                       Result     Exit Value
--------                       ------     ----------
msgrcv05                       FAIL       2    

-----------------------------------------------
Total Tests: 1
Total Skipped Tests: 0
Total Failures: 1
Kernel Version: 4.4.0-43-Microsoft
Machine Architecture: x86_64
Hostname: BENHILL-VM2

Test Start Time: Thu Jul 27 11:28:12 2017
-----------------------------------------
Testcase                       Result     Exit Value
--------                       ------     ----------
msgrcv06                       FAIL       2    

-----------------------------------------------
Total Tests: 1
Total Skipped Tests: 0
Total Failures: 1
Kernel Version: 4.4.0-43-Microsoft
Machine Architecture: x86_64
Hostname: BENHILL-VM2

Test Start Time: Thu Jul 27 11:28:14 2017
-----------------------------------------
Testcase                       Result     Exit Value
--------                       ------     ----------
msgrcv07                       FAIL       2    

-----------------------------------------------
Total Tests: 1
Total Skipped Tests: 0
Total Failures: 1
Kernel Version: 4.4.0-43-Microsoft
Machine Architecture: x86_64
Hostname: BENHILL-VM2

Test Start Time: Thu Jul 27 11:28:15 2017
-----------------------------------------
Testcase                       Result     Exit Value
--------                       ------     ----------
msgrcv08                       CONF       32   

-----------------------------------------------
Total Tests: 1
Total Skipped Tests: 1
Total Failures: 0
Kernel Version: 4.4.0-43-Microsoft
Machine Architecture: x86_64
Hostname: BENHILL-VM2

Test Start Time: Thu Jul 27 11:28:17 2017
-----------------------------------------
Testcase                       Result     Exit Value
--------                       ------     ----------
msgsnd01                       FAIL       2    

-----------------------------------------------
Total Tests: 1
Total Skipped Tests: 0
Total Failures: 1
Kernel Version: 4.4.0-43-Microsoft
Machine Architecture: x86_64
Hostname: BENHILL-VM2

Test Start Time: Thu Jul 27 11:28:18 2017
-----------------------------------------
Testcase                       Result     Exit Value
--------                       ------     ----------
msgsnd02                       FAIL       2    

-----------------------------------------------
Total Tests: 1
Total Skipped Tests: 0
Total Failures: 1
Kernel Version: 4.4.0-43-Microsoft
Machine Architecture: x86_64
Hostname: BENHILL-VM2

Test Start Time: Thu Jul 27 11:28:20 2017
-----------------------------------------
Testcase                       Result     Exit Value
--------                       ------     ----------
msgsnd03                       FAIL       2    

-----------------------------------------------
Total Tests: 1
Total Skipped Tests: 0
Total Failures: 1
Kernel Version: 4.4.0-43-Microsoft
Machine Architecture: x86_64
Hostname: BENHILL-VM2

Test Start Time: Thu Jul 27 11:28:21 2017
-----------------------------------------
Testcase                       Result     Exit Value
--------                       ------     ----------
msgsnd04                       FAIL       2    

-----------------------------------------------
Total Tests: 1
Total Skipped Tests: 0
Total Failures: 1
Kernel Version: 4.4.0-43-Microsoft
Machine Architecture: x86_64
Hostname: BENHILL-VM2

Test Start Time: Thu Jul 27 11:28:23 2017
-----------------------------------------
Testcase                       Result     Exit Value
--------                       ------     ----------
msgsnd05                       FAIL       2    

-----------------------------------------------
Total Tests: 1
Total Skipped Tests: 0
Total Failures: 1
Kernel Version: 4.4.0-43-Microsoft
Machine Architecture: x86_64
Hostname: BENHILL-VM2

Test Start Time: Thu Jul 27 11:28:24 2017
-----------------------------------------
Testcase                       Result     Exit Value
--------                       ------     ----------
msgsnd06                       FAIL       2    

-----------------------------------------------
Total Tests: 1
Total Skipped Tests: 0
Total Failures: 1
Kernel Version: 4.4.0-43-Microsoft
Machine Architecture: x86_64
Hostname: BENHILL-VM2

Test Start Time: Thu Jul 27 11:28:26 2017
-----------------------------------------
Testcase                       Result     Exit Value
--------                       ------     ----------
munlockall01                   FAIL       1    

-----------------------------------------------
Total Tests: 1
Total Skipped Tests: 0
Total Failures: 1
Kernel Version: 4.4.0-43-Microsoft
Machine Architecture: x86_64
Hostname: BENHILL-VM2

Test Start Time: Thu Jul 27 11:28:27 2017
-----------------------------------------
Testcase                       Result     Exit Value
--------                       ------     ----------
mincore01                      FAIL       1    

-----------------------------------------------
Total Tests: 1
Total Skipped Tests: 0
Total Failures: 1
Kernel Version: 4.4.0-43-Microsoft
Machine Architecture: x86_64
Hostname: BENHILL-VM2

Test Start Time: Thu Jul 27 11:28:28 2017
-----------------------------------------
Testcase                       Result     Exit Value
--------                       ------     ----------
mincore02                      FAIL       2    

-----------------------------------------------
Total Tests: 1
Total Skipped Tests: 0
Total Failures: 1
Kernel Version: 4.4.0-43-Microsoft
Machine Architecture: x86_64
Hostname: BENHILL-VM2

Test Start Time: Thu Jul 27 11:28:30 2017
-----------------------------------------
Testcase                       Result     Exit Value
--------                       ------     ----------
posix_fadvise02                FAIL       1    

-----------------------------------------------
Total Tests: 1
Total Skipped Tests: 0
Total Failures: 1
Kernel Version: 4.4.0-43-Microsoft
Machine Architecture: x86_64
Hostname: BENHILL-VM2

Test Start Time: Thu Jul 27 11:28:31 2017
-----------------------------------------
Testcase                       Result     Exit Value
--------                       ------     ----------
posix_fadvise02_64             FAIL       1    

-----------------------------------------------
Total Tests: 1
Total Skipped Tests: 0
Total Failures: 1
Kernel Version: 4.4.0-43-Microsoft
Machine Architecture: x86_64
Hostname: BENHILL-VM2

Test Start Time: Thu Jul 27 11:28:33 2017
-----------------------------------------
Testcase                       Result     Exit Value
--------                       ------     ----------
posix_fadvise03                FAIL       1    

-----------------------------------------------
Total Tests: 1
Total Skipped Tests: 0
Total Failures: 1
Kernel Version: 4.4.0-43-Microsoft
Machine Architecture: x86_64
Hostname: BENHILL-VM2

Test Start Time: Thu Jul 27 11:28:34 2017
-----------------------------------------
Testcase                       Result     Exit Value
--------                       ------     ----------
posix_fadvise03_64             FAIL       1    

-----------------------------------------------
Total Tests: 1
Total Skipped Tests: 0
Total Failures: 1
Kernel Version: 4.4.0-43-Microsoft
Machine Architecture: x86_64
Hostname: BENHILL-VM2

Test Start Time: Thu Jul 27 11:28:36 2017
-----------------------------------------
Testcase                       Result     Exit Value
--------                       ------     ----------
posix_fadvise04                FAIL       1    

-----------------------------------------------
Total Tests: 1
Total Skipped Tests: 0
Total Failures: 1
Kernel Version: 4.4.0-43-Microsoft
Machine Architecture: x86_64
Hostname: BENHILL-VM2

Test Start Time: Thu Jul 27 11:28:37 2017
-----------------------------------------
Testcase                       Result     Exit Value
--------                       ------     ----------
posix_fadvise04_64             FAIL       1    

-----------------------------------------------
Total Tests: 1
Total Skipped Tests: 0
Total Failures: 1
Kernel Version: 4.4.0-43-Microsoft
Machine Architecture: x86_64
Hostname: BENHILL-VM2

Test Start Time: Thu Jul 27 11:28:39 2017
-----------------------------------------
Testcase                       Result     Exit Value
--------                       ------     ----------
readahead01                    CONF       32   

-----------------------------------------------
Total Tests: 1
Total Skipped Tests: 1
Total Failures: 0
Kernel Version: 4.4.0-43-Microsoft
Machine Architecture: x86_64
Hostname: BENHILL-VM2

Test Start Time: Thu Jul 27 11:28:40 2017
-----------------------------------------
Testcase                       Result     Exit Value
--------                       ------     ----------
remap_file_pages01             FAIL       7    

-----------------------------------------------
Total Tests: 1
Total Skipped Tests: 0
Total Failures: 1
Kernel Version: 4.4.0-43-Microsoft
Machine Architecture: x86_64
Hostname: BENHILL-VM2

Test Start Time: Thu Jul 27 11:28:42 2017
-----------------------------------------
Testcase                       Result     Exit Value
--------                       ------     ----------
remap_file_pages02             FAIL       1    

-----------------------------------------------
Total Tests: 1
Total Skipped Tests: 0
Total Failures: 1
Kernel Version: 4.4.0-43-Microsoft
Machine Architecture: x86_64
Hostname: BENHILL-VM2

Test Start Time: Thu Jul 27 11:28:46 2017
-----------------------------------------
Testcase                       Result     Exit Value
--------                       ------     ----------
renameat201                    CONF       32   

-----------------------------------------------
Total Tests: 1
Total Skipped Tests: 1
Total Failures: 0
Kernel Version: 4.4.0-43-Microsoft
Machine Architecture: x86_64
Hostname: BENHILL-VM2

Test Start Time: Thu Jul 27 11:28:47 2017
-----------------------------------------
Testcase                       Result     Exit Value
--------                       ------     ----------
renameat202                    CONF       32   

-----------------------------------------------
Total Tests: 1
Total Skipped Tests: 1
Total Failures: 0
Kernel Version: 4.4.0-43-Microsoft
Machine Architecture: x86_64
Hostname: BENHILL-VM2

Test Start Time: Thu Jul 27 11:28:48 2017
-----------------------------------------
Testcase                       Result     Exit Value
--------                       ------     ----------
request_key01                  CONF       32   

-----------------------------------------------
Total Tests: 1
Total Skipped Tests: 1
Total Failures: 0
Kernel Version: 4.4.0-43-Microsoft
Machine Architecture: x86_64
Hostname: BENHILL-VM2

Test Start Time: Thu Jul 27 11:28:50 2017
-----------------------------------------
Testcase                       Result     Exit Value
--------                       ------     ----------
request_key02                  CONF       32   

-----------------------------------------------
Total Tests: 1
Total Skipped Tests: 1
Total Failures: 0
Kernel Version: 4.4.0-43-Microsoft
Machine Architecture: x86_64
Hostname: BENHILL-VM2

Test Start Time: Thu Jul 27 11:28:51 2017
-----------------------------------------
Testcase                       Result     Exit Value
--------                       ------     ----------
rt_sigqueueinfo01              FAIL       1    

-----------------------------------------------
Total Tests: 1
Total Skipped Tests: 0
Total Failures: 1
Kernel Version: 4.4.0-43-Microsoft
Machine Architecture: x86_64
Hostname: BENHILL-VM2

Test Start Time: Thu Jul 27 11:28:52 2017
-----------------------------------------
Testcase                       Result     Exit Value
--------                       ------     ----------
sched_setattr01                FAIL       1    

-----------------------------------------------
Total Tests: 1
Total Skipped Tests: 0
Total Failures: 1
Kernel Version: 4.4.0-43-Microsoft
Machine Architecture: x86_64
Hostname: BENHILL-VM2

Test Start Time: Thu Jul 27 11:28:54 2017
-----------------------------------------
Testcase                       Result     Exit Value
--------                       ------     ----------
sched_getattr01                FAIL       1    

-----------------------------------------------
Total Tests: 1
Total Skipped Tests: 0
Total Failures: 1
Kernel Version: 4.4.0-43-Microsoft
Machine Architecture: x86_64
Hostname: BENHILL-VM2

Test Start Time: Thu Jul 27 11:28:55 2017
-----------------------------------------
Testcase                       Result     Exit Value
--------                       ------     ----------
sched_getattr02                FAIL       1    

-----------------------------------------------
Total Tests: 1
Total Skipped Tests: 0
Total Failures: 1
Kernel Version: 4.4.0-43-Microsoft
Machine Architecture: x86_64
Hostname: BENHILL-VM2

Test Start Time: Thu Jul 27 11:28:56 2017
-----------------------------------------
Testcase                       Result     Exit Value
--------                       ------     ----------
sched_rr_get_interval01        FAIL       1    

-----------------------------------------------
Total Tests: 1
Total Skipped Tests: 0
Total Failures: 1
Kernel Version: 4.4.0-43-Microsoft
Machine Architecture: x86_64
Hostname: BENHILL-VM2

Test Start Time: Thu Jul 27 11:28:58 2017
-----------------------------------------
Testcase                       Result     Exit Value
--------                       ------     ----------
sched_rr_get_interval02        FAIL       1    

-----------------------------------------------
Total Tests: 1
Total Skipped Tests: 0
Total Failures: 1
Kernel Version: 4.4.0-43-Microsoft
Machine Architecture: x86_64
Hostname: BENHILL-VM2

Test Start Time: Thu Jul 27 11:28:59 2017
-----------------------------------------
Testcase                       Result     Exit Value
--------                       ------     ----------
sched_rr_get_interval03        FAIL       1    

-----------------------------------------------
Total Tests: 1
Total Skipped Tests: 0
Total Failures: 1
Kernel Version: 4.4.0-43-Microsoft
Machine Architecture: x86_64
Hostname: BENHILL-VM2

Test Start Time: Thu Jul 27 11:29:01 2017
-----------------------------------------
Testcase                       Result     Exit Value
--------                       ------     ----------
signalfd01                     FAIL       1    

-----------------------------------------------
Total Tests: 1
Total Skipped Tests: 0
Total Failures: 1
Kernel Version: 4.4.0-43-Microsoft
Machine Architecture: x86_64
Hostname: BENHILL-VM2

Test Start Time: Thu Jul 27 11:29:02 2017
-----------------------------------------
Testcase                       Result     Exit Value
--------                       ------     ----------
signalfd4_01                   CONF       32   

-----------------------------------------------
Total Tests: 1
Total Skipped Tests: 1
Total Failures: 0
Kernel Version: 4.4.0-43-Microsoft
Machine Architecture: x86_64
Hostname: BENHILL-VM2

Test Start Time: Thu Jul 27 11:29:03 2017
-----------------------------------------
Testcase                       Result     Exit Value
--------                       ------     ----------
signalfd4_02                   CONF       32   

-----------------------------------------------
Total Tests: 1
Total Skipped Tests: 1
Total Failures: 0
Kernel Version: 4.4.0-43-Microsoft
Machine Architecture: x86_64
Hostname: BENHILL-VM2

Test Start Time: Thu Jul 27 11:29:05 2017
-----------------------------------------
Testcase                       Result     Exit Value
--------                       ------     ----------
swapoff01                      CONF       32   

-----------------------------------------------
Total Tests: 1
Total Skipped Tests: 1
Total Failures: 0
Kernel Version: 4.4.0-43-Microsoft
Machine Architecture: x86_64
Hostname: BENHILL-VM2

Test Start Time: Thu Jul 27 11:29:11 2017
-----------------------------------------
Testcase                       Result     Exit Value
--------                       ------     ----------
swapoff02                      CONF       32   

-----------------------------------------------
Total Tests: 1
Total Skipped Tests: 1
Total Failures: 0
Kernel Version: 4.4.0-43-Microsoft
Machine Architecture: x86_64
Hostname: BENHILL-VM2

Test Start Time: Thu Jul 27 11:29:12 2017
-----------------------------------------
Testcase                       Result     Exit Value
--------                       ------     ----------
swapon01                       CONF       32   

-----------------------------------------------
Total Tests: 1
Total Skipped Tests: 1
Total Failures: 0
Kernel Version: 4.4.0-43-Microsoft
Machine Architecture: x86_64
Hostname: BENHILL-VM2

Test Start Time: Thu Jul 27 11:29:13 2017
-----------------------------------------
Testcase                       Result     Exit Value
--------                       ------     ----------
swapon02                       CONF       32   

-----------------------------------------------
Total Tests: 1
Total Skipped Tests: 1
Total Failures: 0
Kernel Version: 4.4.0-43-Microsoft
Machine Architecture: x86_64
Hostname: BENHILL-VM2

Test Start Time: Thu Jul 27 11:29:15 2017
-----------------------------------------
Testcase                       Result     Exit Value
--------                       ------     ----------
swapon03                       FAIL       1    

-----------------------------------------------
Total Tests: 1
Total Skipped Tests: 0
Total Failures: 1
Kernel Version: 4.4.0-43-Microsoft
Machine Architecture: x86_64
Hostname: BENHILL-VM2

Test Start Time: Thu Jul 27 11:29:17 2017
-----------------------------------------
Testcase                       Result     Exit Value
--------                       ------     ----------
sync_file_range01              CONF       32   

-----------------------------------------------
Total Tests: 1
Total Skipped Tests: 1
Total Failures: 0
Kernel Version: 4.4.0-43-Microsoft
Machine Architecture: x86_64
Hostname: BENHILL-VM2

Test Start Time: Thu Jul 27 11:29:18 2017
-----------------------------------------
Testcase                       Result     Exit Value
--------                       ------     ----------
sysfs01                        CONF       32   

-----------------------------------------------
Total Tests: 1
Total Skipped Tests: 1
Total Failures: 0
Kernel Version: 4.4.0-43-Microsoft
Machine Architecture: x86_64
Hostname: BENHILL-VM2

Test Start Time: Thu Jul 27 11:29:19 2017
-----------------------------------------
Testcase                       Result     Exit Value
--------                       ------     ----------
sysfs02                        CONF       32   

-----------------------------------------------
Total Tests: 1
Total Skipped Tests: 1
Total Failures: 0
Kernel Version: 4.4.0-43-Microsoft
Machine Architecture: x86_64
Hostname: BENHILL-VM2

Test Start Time: Thu Jul 27 11:29:21 2017
-----------------------------------------
Testcase                       Result     Exit Value
--------                       ------     ----------
sysfs03                        CONF       32   

-----------------------------------------------
Total Tests: 1
Total Skipped Tests: 1
Total Failures: 0
Kernel Version: 4.4.0-43-Microsoft
Machine Architecture: x86_64
Hostname: BENHILL-VM2

Test Start Time: Thu Jul 27 11:29:22 2017
-----------------------------------------
Testcase                       Result     Exit Value
--------                       ------     ----------
sysfs04                        CONF       32   

-----------------------------------------------
Total Tests: 1
Total Skipped Tests: 1
Total Failures: 0
Kernel Version: 4.4.0-43-Microsoft
Machine Architecture: x86_64
Hostname: BENHILL-VM2

Test Start Time: Thu Jul 27 11:29:24 2017
-----------------------------------------
Testcase                       Result     Exit Value
--------                       ------     ----------
sysfs05                        CONF       32   

-----------------------------------------------
Total Tests: 1
Total Skipped Tests: 1
Total Failures: 0
Kernel Version: 4.4.0-43-Microsoft
Machine Architecture: x86_64
Hostname: BENHILL-VM2

Test Start Time: Thu Jul 27 11:29:25 2017
-----------------------------------------
Testcase                       Result     Exit Value
--------                       ------     ----------
sysfs06                        CONF       32   

-----------------------------------------------
Total Tests: 1
Total Skipped Tests: 1
Total Failures: 0
Kernel Version: 4.4.0-43-Microsoft
Machine Architecture: x86_64
Hostname: BENHILL-VM2

Test Start Time: Thu Jul 27 11:29:26 2017
-----------------------------------------
Testcase                       Result     Exit Value
--------                       ------     ----------
syslog01                       FAIL       1    

-----------------------------------------------
Total Tests: 1
Total Skipped Tests: 0
Total Failures: 1
Kernel Version: 4.4.0-43-Microsoft
Machine Architecture: x86_64
Hostname: BENHILL-VM2

Test Start Time: Thu Jul 27 11:29:31 2017
-----------------------------------------
Testcase                       Result     Exit Value
--------                       ------     ----------
syslog02                       FAIL       1    

-----------------------------------------------
Total Tests: 1
Total Skipped Tests: 0
Total Failures: 1
Kernel Version: 4.4.0-43-Microsoft
Machine Architecture: x86_64
Hostname: BENHILL-VM2

Test Start Time: Thu Jul 27 11:29:33 2017
-----------------------------------------
Testcase                       Result     Exit Value
--------                       ------     ----------
syslog03                       FAIL       1    

-----------------------------------------------
Total Tests: 1
Total Skipped Tests: 0
Total Failures: 1
Kernel Version: 4.4.0-43-Microsoft
Machine Architecture: x86_64
Hostname: BENHILL-VM2

Test Start Time: Thu Jul 27 11:29:35 2017
-----------------------------------------
Testcase                       Result     Exit Value
--------                       ------     ----------
syslog04                       FAIL       1    

-----------------------------------------------
Total Tests: 1
Total Skipped Tests: 0
Total Failures: 1
Kernel Version: 4.4.0-43-Microsoft
Machine Architecture: x86_64
Hostname: BENHILL-VM2

Test Start Time: Thu Jul 27 11:29:37 2017
-----------------------------------------
Testcase                       Result     Exit Value
--------                       ------     ----------
syslog05                       FAIL       1    

-----------------------------------------------
Total Tests: 1
Total Skipped Tests: 0
Total Failures: 1
Kernel Version: 4.4.0-43-Microsoft
Machine Architecture: x86_64
Hostname: BENHILL-VM2

Test Start Time: Thu Jul 27 11:29:39 2017
-----------------------------------------
Testcase                       Result     Exit Value
--------                       ------     ----------
syslog06                       FAIL       1    

-----------------------------------------------
Total Tests: 1
Total Skipped Tests: 0
Total Failures: 1
Kernel Version: 4.4.0-43-Microsoft
Machine Architecture: x86_64
Hostname: BENHILL-VM2

Test Start Time: Thu Jul 27 11:29:41 2017
-----------------------------------------
Testcase                       Result     Exit Value
--------                       ------     ----------
syslog07                       FAIL       1    

-----------------------------------------------
Total Tests: 1
Total Skipped Tests: 0
Total Failures: 1
Kernel Version: 4.4.0-43-Microsoft
Machine Architecture: x86_64
Hostname: BENHILL-VM2

Test Start Time: Thu Jul 27 11:29:43 2017
-----------------------------------------
Testcase                       Result     Exit Value
--------                       ------     ----------
syslog08                       FAIL       1    

-----------------------------------------------
Total Tests: 1
Total Skipped Tests: 0
Total Failures: 1
Kernel Version: 4.4.0-43-Microsoft
Machine Architecture: x86_64
Hostname: BENHILL-VM2

Test Start Time: Thu Jul 27 11:29:45 2017
-----------------------------------------
Testcase                       Result     Exit Value
--------                       ------     ----------
syslog09                       FAIL       1    

-----------------------------------------------
Total Tests: 1
Total Skipped Tests: 0
Total Failures: 1
Kernel Version: 4.4.0-43-Microsoft
Machine Architecture: x86_64
Hostname: BENHILL-VM2

Test Start Time: Thu Jul 27 11:29:47 2017
-----------------------------------------
Testcase                       Result     Exit Value
--------                       ------     ----------
syslog10                       FAIL       1    

-----------------------------------------------
Total Tests: 1
Total Skipped Tests: 0
Total Failures: 1
Kernel Version: 4.4.0-43-Microsoft
Machine Architecture: x86_64
Hostname: BENHILL-VM2

Test Start Time: Thu Jul 27 11:29:49 2017
-----------------------------------------
Testcase                       Result     Exit Value
--------                       ------     ----------
syslog11                       FAIL       1    

-----------------------------------------------
Total Tests: 1
Total Skipped Tests: 0
Total Failures: 1
Kernel Version: 4.4.0-43-Microsoft
Machine Architecture: x86_64
Hostname: BENHILL-VM2

Test Start Time: Thu Jul 27 11:29:50 2017
-----------------------------------------
Testcase                       Result     Exit Value
--------                       ------     ----------
syslog12                       FAIL       1    

-----------------------------------------------
Total Tests: 1
Total Skipped Tests: 0
Total Failures: 1
Kernel Version: 4.4.0-43-Microsoft
Machine Architecture: x86_64
Hostname: BENHILL-VM2

Test Start Time: Thu Jul 27 11:29:52 2017
-----------------------------------------
Testcase                       Result     Exit Value
--------                       ------     ----------
ustat01                        CONF       32   

-----------------------------------------------
Total Tests: 1
Total Skipped Tests: 1
Total Failures: 0
Kernel Version: 4.4.0-43-Microsoft
Machine Architecture: x86_64
Hostname: BENHILL-VM2

Test Start Time: Thu Jul 27 11:29:53 2017
-----------------------------------------
Testcase                       Result     Exit Value
--------                       ------     ----------
ustat02                        CONF       32   

-----------------------------------------------
Total Tests: 1
Total Skipped Tests: 1
Total Failures: 0
Kernel Version: 4.4.0-43-Microsoft
Machine Architecture: x86_64
Hostname: BENHILL-VM2

Test Start Time: Thu Jul 27 11:29:55 2017
-----------------------------------------
Testcase                       Result     Exit Value
--------                       ------     ----------
vhangup01                      FAIL       1    

-----------------------------------------------
Total Tests: 1
Total Skipped Tests: 0
Total Failures: 1
Kernel Version: 4.4.0-43-Microsoft
Machine Architecture: x86_64
Hostname: BENHILL-VM2

Test Start Time: Thu Jul 27 11:29:58 2017
-----------------------------------------
Testcase                       Result     Exit Value
--------                       ------     ----------
vmsplice01                     FAIL       2    

-----------------------------------------------
Total Tests: 1
Total Skipped Tests: 0
Total Failures: 1
Kernel Version: 4.4.0-43-Microsoft
Machine Architecture: x86_64
Hostname: BENHILL-VM2

Test Start Time: Thu Jul 27 11:30:00 2017
-----------------------------------------
Testcase                       Result     Exit Value
--------                       ------     ----------
vmsplice02                     FAIL       1    

-----------------------------------------------
Total Tests: 1
Total Skipped Tests: 0
Total Failures: 1
Kernel Version: 4.4.0-43-Microsoft
Machine Architecture: x86_64
Hostname: BENHILL-VM2

Test Start Time: Thu Jul 27 11:30:01 2017
-----------------------------------------
Testcase                       Result     Exit Value
--------                       ------     ----------
access06                       CONF       32   

-----------------------------------------------
Total Tests: 1
Total Skipped Tests: 1
Total Failures: 0
Kernel Version: 4.4.0-43-Microsoft
Machine Architecture: x86_64
Hostname: BENHILL-VM2

Test Start Time: Thu Jul 27 11:30:08 2017
-----------------------------------------
Testcase                       Result     Exit Value
--------                       ------     ----------
chmod06                        FAIL       34   

-----------------------------------------------
Total Tests: 1
Total Skipped Tests: 0
Total Failures: 1
Kernel Version: 4.4.0-43-Microsoft
Machine Architecture: x86_64
Hostname: BENHILL-VM2

Test Start Time: Thu Jul 27 11:30:13 2017
-----------------------------------------
Testcase                       Result     Exit Value
--------                       ------     ----------
chown04                        CONF       32   

-----------------------------------------------
Total Tests: 1
Total Skipped Tests: 1
Total Failures: 0
Kernel Version: 4.4.0-43-Microsoft
Machine Architecture: x86_64
Hostname: BENHILL-VM2

Test Start Time: Thu Jul 27 11:30:20 2017
-----------------------------------------
Testcase                       Result     Exit Value
--------                       ------     ----------
creat06                        CONF       32   

-----------------------------------------------
Total Tests: 1
Total Skipped Tests: 1
Total Failures: 0
Kernel Version: 4.4.0-43-Microsoft
Machine Architecture: x86_64
Hostname: BENHILL-VM2

Test Start Time: Thu Jul 27 11:30:27 2017
-----------------------------------------
Testcase                       Result     Exit Value
--------                       ------     ----------
fchmod06                       CONF       32   

-----------------------------------------------
Total Tests: 1
Total Skipped Tests: 1
Total Failures: 0
Kernel Version: 4.4.0-43-Microsoft
Machine Architecture: x86_64
Hostname: BENHILL-VM2

Test Start Time: Thu Jul 27 11:30:33 2017
-----------------------------------------
Testcase                       Result     Exit Value
--------                       ------     ----------
fchown04                       CONF       32   

-----------------------------------------------
Total Tests: 1
Total Skipped Tests: 1
Total Failures: 0
Kernel Version: 4.4.0-43-Microsoft
Machine Architecture: x86_64
Hostname: BENHILL-VM2

Test Start Time: Thu Jul 27 11:30:40 2017
-----------------------------------------
Testcase                       Result     Exit Value
--------                       ------     ----------
ftruncate04                    CONF       32   

-----------------------------------------------
Total Tests: 1
Total Skipped Tests: 1
Total Failures: 0
Kernel Version: 4.4.0-43-Microsoft
Machine Architecture: x86_64
Hostname: BENHILL-VM2

Test Start Time: Thu Jul 27 11:31:00 2017
-----------------------------------------
Testcase                       Result     Exit Value
--------                       ------     ----------
ftruncate04_64                 CONF       32   

-----------------------------------------------
Total Tests: 1
Total Skipped Tests: 1
Total Failures: 0
Kernel Version: 4.4.0-43-Microsoft
Machine Architecture: x86_64
Hostname: BENHILL-VM2

Test Start Time: Thu Jul 27 11:31:07 2017
-----------------------------------------
Testcase                       Result     Exit Value
--------                       ------     ----------
inotify03                      FAIL       36   

-----------------------------------------------
Total Tests: 1
Total Skipped Tests: 0
Total Failures: 1
Kernel Version: 4.4.0-43-Microsoft
Machine Architecture: x86_64
Hostname: BENHILL-VM2

Test Start Time: Thu Jul 27 11:31:22 2017
-----------------------------------------
Testcase                       Result     Exit Value
--------                       ------     ----------
lchown03                       CONF       32   

-----------------------------------------------
Total Tests: 1
Total Skipped Tests: 1
Total Failures: 0
Kernel Version: 4.4.0-43-Microsoft
Machine Architecture: x86_64
Hostname: BENHILL-VM2

Test Start Time: Thu Jul 27 11:31:30 2017
-----------------------------------------
Testcase                       Result     Exit Value
--------                       ------     ----------
link08                         CONF       32   

-----------------------------------------------
Total Tests: 1
Total Skipped Tests: 1
Total Failures: 0
Kernel Version: 4.4.0-43-Microsoft
Machine Architecture: x86_64
Hostname: BENHILL-VM2

Test Start Time: Thu Jul 27 11:31:40 2017
-----------------------------------------
Testcase                       Result     Exit Value
--------                       ------     ----------
linkat02                       CONF       32   

-----------------------------------------------
Total Tests: 1
Total Skipped Tests: 1
Total Failures: 0
Kernel Version: 4.4.0-43-Microsoft
Machine Architecture: x86_64
Hostname: BENHILL-VM2

Test Start Time: Thu Jul 27 11:31:49 2017
-----------------------------------------
Testcase                       Result     Exit Value
--------                       ------     ----------
mkdir03                        CONF       32   

-----------------------------------------------
Total Tests: 1
Total Skipped Tests: 1
Total Failures: 0
Kernel Version: 4.4.0-43-Microsoft
Machine Architecture: x86_64
Hostname: BENHILL-VM2

Test Start Time: Thu Jul 27 11:32:00 2017
-----------------------------------------
Testcase                       Result     Exit Value
--------                       ------     ----------
mkdirat02                      CONF       32   

-----------------------------------------------
Total Tests: 1
Total Skipped Tests: 1
Total Failures: 0
Kernel Version: 4.4.0-43-Microsoft
Machine Architecture: x86_64
Hostname: BENHILL-VM2

Test Start Time: Thu Jul 27 11:32:10 2017
-----------------------------------------
Testcase                       Result     Exit Value
--------                       ------     ----------
mknod07                        CONF       32   

-----------------------------------------------
Total Tests: 1
Total Skipped Tests: 1
Total Failures: 0
Kernel Version: 4.4.0-43-Microsoft
Machine Architecture: x86_64
Hostname: BENHILL-VM2

Test Start Time: Thu Jul 27 11:32:21 2017
-----------------------------------------
Testcase                       Result     Exit Value
--------                       ------     ----------
mknodat02                      CONF       32   

-----------------------------------------------
Total Tests: 1
Total Skipped Tests: 1
Total Failures: 0
Kernel Version: 4.4.0-43-Microsoft
Machine Architecture: x86_64
Hostname: BENHILL-VM2

Test Start Time: Thu Jul 27 11:32:30 2017
-----------------------------------------
Testcase                       Result     Exit Value
--------                       ------     ----------
mmap16                         CONF       32   

-----------------------------------------------
Total Tests: 1
Total Skipped Tests: 1
Total Failures: 0
Kernel Version: 4.4.0-43-Microsoft
Machine Architecture: x86_64
Hostname: BENHILL-VM2

Test Start Time: Thu Jul 27 11:32:40 2017
-----------------------------------------
Testcase                       Result     Exit Value
--------                       ------     ----------
mount01                        CONF       32   

-----------------------------------------------
Total Tests: 1
Total Skipped Tests: 1
Total Failures: 0
Kernel Version: 4.4.0-43-Microsoft
Machine Architecture: x86_64
Hostname: BENHILL-VM2

Test Start Time: Thu Jul 27 11:32:50 2017
-----------------------------------------
Testcase                       Result     Exit Value
--------                       ------     ----------
mount02                        CONF       32   

-----------------------------------------------
Total Tests: 1
Total Skipped Tests: 1
Total Failures: 0
Kernel Version: 4.4.0-43-Microsoft
Machine Architecture: x86_64
Hostname: BENHILL-VM2

Test Start Time: Thu Jul 27 11:33:02 2017
-----------------------------------------
Testcase                       Result     Exit Value
--------                       ------     ----------
mount03                        CONF       32   

-----------------------------------------------
Total Tests: 1
Total Skipped Tests: 1
Total Failures: 0
Kernel Version: 4.4.0-43-Microsoft
Machine Architecture: x86_64
Hostname: BENHILL-VM2

Test Start Time: Thu Jul 27 11:33:13 2017
-----------------------------------------
Testcase                       Result     Exit Value
--------                       ------     ----------
mount04                        CONF       32   

-----------------------------------------------
Total Tests: 1
Total Skipped Tests: 1
Total Failures: 0
Kernel Version: 4.4.0-43-Microsoft
Machine Architecture: x86_64
Hostname: BENHILL-VM2

Test Start Time: Thu Jul 27 11:33:23 2017
-----------------------------------------
Testcase                       Result     Exit Value
--------                       ------     ----------
mount06                        CONF       32   

-----------------------------------------------
Total Tests: 1
Total Skipped Tests: 1
Total Failures: 0
Kernel Version: 4.4.0-43-Microsoft
Machine Architecture: x86_64
Hostname: BENHILL-VM2

Test Start Time: Thu Jul 27 11:33:32 2017
-----------------------------------------
Testcase                       Result     Exit Value
--------                       ------     ----------
rename11                       CONF       32   

-----------------------------------------------
Total Tests: 1
Total Skipped Tests: 1
Total Failures: 0
Kernel Version: 4.4.0-43-Microsoft
Machine Architecture: x86_64
Hostname: BENHILL-VM2

Test Start Time: Thu Jul 27 11:33:41 2017
-----------------------------------------
Testcase                       Result     Exit Value
--------                       ------     ----------
renameat01                     CONF       32   

-----------------------------------------------
Total Tests: 1
Total Skipped Tests: 1
Total Failures: 0
Kernel Version: 4.4.0-43-Microsoft
Machine Architecture: x86_64
Hostname: BENHILL-VM2

Test Start Time: Thu Jul 27 11:33:51 2017
-----------------------------------------
Testcase                       Result     Exit Value
--------                       ------     ----------
rmdir02                        CONF       32   

-----------------------------------------------
Total Tests: 1
Total Skipped Tests: 1
Total Failures: 0
Kernel Version: 4.4.0-43-Microsoft
Machine Architecture: x86_64
Hostname: BENHILL-VM2

Test Start Time: Thu Jul 27 11:33:57 2017
-----------------------------------------
Testcase                       Result     Exit Value
--------                       ------     ----------
umount01                       CONF       32   

-----------------------------------------------
Total Tests: 1
Total Skipped Tests: 1
Total Failures: 0
Kernel Version: 4.4.0-43-Microsoft
Machine Architecture: x86_64
Hostname: BENHILL-VM2

Test Start Time: Thu Jul 27 11:34:04 2017
-----------------------------------------
Testcase                       Result     Exit Value
--------                       ------     ----------
umount02                       CONF       32   

-----------------------------------------------
Total Tests: 1
Total Skipped Tests: 1
Total Failures: 0
Kernel Version: 4.4.0-43-Microsoft
Machine Architecture: x86_64
Hostname: BENHILL-VM2

Test Start Time: Thu Jul 27 11:34:11 2017
-----------------------------------------
Testcase                       Result     Exit Value
--------                       ------     ----------
umount03                       CONF       32   

-----------------------------------------------
Total Tests: 1
Total Skipped Tests: 1
Total Failures: 0
Kernel Version: 4.4.0-43-Microsoft
Machine Architecture: x86_64
Hostname: BENHILL-VM2

Test Start Time: Thu Jul 27 11:34:19 2017
-----------------------------------------
Testcase                       Result     Exit Value
--------                       ------     ----------
umount2_01                     CONF       32   

-----------------------------------------------
Total Tests: 1
Total Skipped Tests: 1
Total Failures: 0
Kernel Version: 4.4.0-43-Microsoft
Machine Architecture: x86_64
Hostname: BENHILL-VM2

Test Start Time: Thu Jul 27 11:34:26 2017
-----------------------------------------
Testcase                       Result     Exit Value
--------                       ------     ----------
umount2_02                     CONF       32   

-----------------------------------------------
Total Tests: 1
Total Skipped Tests: 1
Total Failures: 0
Kernel Version: 4.4.0-43-Microsoft
Machine Architecture: x86_64
Hostname: BENHILL-VM2

Test Start Time: Thu Jul 27 11:34:33 2017
-----------------------------------------
Testcase                       Result     Exit Value
--------                       ------     ----------
umount2_03                     CONF       32   

-----------------------------------------------
Total Tests: 1
Total Skipped Tests: 1
Total Failures: 0
Kernel Version: 4.4.0-43-Microsoft
Machine Architecture: x86_64
Hostname: BENHILL-VM2

Test Start Time: Thu Jul 27 11:34:39 2017
-----------------------------------------
Testcase                       Result     Exit Value
--------                       ------     ----------
utime06                        CONF       32   

-----------------------------------------------
Total Tests: 1
Total Skipped Tests: 1
Total Failures: 0
Kernel Version: 4.4.0-43-Microsoft
Machine Architecture: x86_64
Hostname: BENHILL-VM2

Test Start Time: Thu Jul 27 11:34:47 2017
-----------------------------------------
Testcase                       Result     Exit Value
--------                       ------     ----------
utimes01                       CONF       32   

-----------------------------------------------
Total Tests: 1
Total Skipped Tests: 1
Total Failures: 0
Kernel Version: 4.4.0-43-Microsoft
Machine Architecture: x86_64
Hostname: BENHILL-VM2

