Test Start Time: Thu Jul 27 11:19:27 2017
-----------------------------------------
Testcase                       Result     Exit Value
--------                       ------     ----------
clock_getres01                 FAIL       33   

-----------------------------------------------
Total Tests: 1
Total Skipped Tests: 0
Total Failures: 1
Kernel Version: 4.4.0-43-Microsoft
Machine Architecture: x86_64
Hostname: BENHILL-VM2

Test Start Time: Thu Jul 27 11:19:28 2017
-----------------------------------------
Testcase                       Result     Exit Value
--------                       ------     ----------
clock_nanosleep01              FAIL       1    

-----------------------------------------------
Total Tests: 1
Total Skipped Tests: 0
Total Failures: 1
Kernel Version: 4.4.0-43-Microsoft
Machine Architecture: x86_64
Hostname: BENHILL-VM2

Test Start Time: Thu Jul 27 11:19:30 2017
-----------------------------------------
Testcase                       Result     Exit Value
--------                       ------     ----------
clone02                        FAIL       1    

-----------------------------------------------
Total Tests: 1
Total Skipped Tests: 0
Total Failures: 1
Kernel Version: 4.4.0-43-Microsoft
Machine Architecture: x86_64
Hostname: BENHILL-VM2

Test Start Time: Thu Jul 27 11:19:31 2017
-----------------------------------------
Testcase                       Result     Exit Value
--------                       ------     ----------
clone05                        FAIL       1    

-----------------------------------------------
Total Tests: 1
Total Skipped Tests: 0
Total Failures: 1
Kernel Version: 4.4.0-43-Microsoft
Machine Architecture: x86_64
Hostname: BENHILL-VM2

Test Start Time: Thu Jul 27 11:19:33 2017
-----------------------------------------
Testcase                       Result     Exit Value
--------                       ------     ----------
clone08                        FAIL       2    

-----------------------------------------------
Total Tests: 1
Total Skipped Tests: 0
Total Failures: 0
Kernel Version: 4.4.0-43-Microsoft
Machine Architecture: x86_64
Hostname: BENHILL-VM2

Test Start Time: Thu Jul 27 11:19:44 2017
-----------------------------------------
Testcase                       Result     Exit Value
--------                       ------     ----------
creat07                        FAIL       2    

-----------------------------------------------
Total Tests: 1
Total Skipped Tests: 0
Total Failures: 1
Kernel Version: 4.4.0-43-Microsoft
Machine Architecture: x86_64
Hostname: BENHILL-VM2

Test Start Time: Thu Jul 27 11:19:57 2017
-----------------------------------------
Testcase                       Result     Exit Value
--------                       ------     ----------
fallocate04                    CONF       32   

-----------------------------------------------
Total Tests: 1
Total Skipped Tests: 1
Total Failures: 0
Kernel Version: 4.4.0-43-Microsoft
Machine Architecture: x86_64
Hostname: BENHILL-VM2

Test Start Time: Thu Jul 27 11:19:59 2017
-----------------------------------------
Testcase                       Result     Exit Value
--------                       ------     ----------
fcntl11                        FAIL       1    

-----------------------------------------------
Total Tests: 1
Total Skipped Tests: 0
Total Failures: 1
Kernel Version: 4.4.0-43-Microsoft
Machine Architecture: x86_64
Hostname: BENHILL-VM2

Test Start Time: Thu Jul 27 11:20:00 2017
-----------------------------------------
Testcase                       Result     Exit Value
--------                       ------     ----------
fcntl11_64                     FAIL       1    

-----------------------------------------------
Total Tests: 1
Total Skipped Tests: 0
Total Failures: 1
Kernel Version: 4.4.0-43-Microsoft
Machine Architecture: x86_64
Hostname: BENHILL-VM2

Test Start Time: Thu Jul 27 11:20:01 2017
-----------------------------------------
Testcase                       Result     Exit Value
--------                       ------     ----------
fcntl14                        FAIL       1    

-----------------------------------------------
Total Tests: 1
Total Skipped Tests: 0
Total Failures: 1
Kernel Version: 4.4.0-43-Microsoft
Machine Architecture: x86_64
Hostname: BENHILL-VM2

Test Start Time: Thu Jul 27 11:20:10 2017
-----------------------------------------
Testcase                       Result     Exit Value
--------                       ------     ----------
fcntl14_64                     FAIL       1    

-----------------------------------------------
Total Tests: 1
Total Skipped Tests: 0
Total Failures: 1
Kernel Version: 4.4.0-43-Microsoft
Machine Architecture: x86_64
Hostname: BENHILL-VM2

Test Start Time: Thu Jul 27 11:20:17 2017
-----------------------------------------
Testcase                       Result     Exit Value
--------                       ------     ----------
fcntl15                        FAIL       1    

-----------------------------------------------
Total Tests: 1
Total Skipped Tests: 0
Total Failures: 1
Kernel Version: 4.4.0-43-Microsoft
Machine Architecture: x86_64
Hostname: BENHILL-VM2

Test Start Time: Thu Jul 27 11:21:19 2017
-----------------------------------------
Testcase                       Result     Exit Value
--------                       ------     ----------
fcntl15_64                     FAIL       1    

-----------------------------------------------
Total Tests: 1
Total Skipped Tests: 0
Total Failures: 1
Kernel Version: 4.4.0-43-Microsoft
Machine Architecture: x86_64
Hostname: BENHILL-VM2

Test Start Time: Thu Jul 27 11:22:21 2017
-----------------------------------------
Testcase                       Result     Exit Value
--------                       ------     ----------
fcntl17                        FAIL       1    

-----------------------------------------------
Total Tests: 1
Total Skipped Tests: 0
Total Failures: 1
Kernel Version: 4.4.0-43-Microsoft
Machine Architecture: x86_64
Hostname: BENHILL-VM2

Test Start Time: Thu Jul 27 11:22:23 2017
-----------------------------------------
Testcase                       Result     Exit Value
--------                       ------     ----------
fcntl17_64                     FAIL       1    

-----------------------------------------------
Total Tests: 1
Total Skipped Tests: 0
Total Failures: 1
Kernel Version: 4.4.0-43-Microsoft
Machine Architecture: x86_64
Hostname: BENHILL-VM2

Test Start Time: Thu Jul 27 11:22:25 2017
-----------------------------------------
Testcase                       Result     Exit Value
--------                       ------     ----------
fcntl19                        FAIL       1    

-----------------------------------------------
Total Tests: 1
Total Skipped Tests: 0
Total Failures: 1
Kernel Version: 4.4.0-43-Microsoft
Machine Architecture: x86_64
Hostname: BENHILL-VM2

Test Start Time: Thu Jul 27 11:22:27 2017
-----------------------------------------
Testcase                       Result     Exit Value
--------                       ------     ----------
fcntl19_64                     FAIL       1    

-----------------------------------------------
Total Tests: 1
Total Skipped Tests: 0
Total Failures: 1
Kernel Version: 4.4.0-43-Microsoft
Machine Architecture: x86_64
Hostname: BENHILL-VM2

Test Start Time: Thu Jul 27 11:22:28 2017
-----------------------------------------
Testcase                       Result     Exit Value
--------                       ------     ----------
fcntl20                        FAIL       1    

-----------------------------------------------
Total Tests: 1
Total Skipped Tests: 0
Total Failures: 1
Kernel Version: 4.4.0-43-Microsoft
Machine Architecture: x86_64
Hostname: BENHILL-VM2

Test Start Time: Thu Jul 27 11:22:29 2017
-----------------------------------------
Testcase                       Result     Exit Value
--------                       ------     ----------
fcntl20_64                     FAIL       1    

-----------------------------------------------
Total Tests: 1
Total Skipped Tests: 0
Total Failures: 1
Kernel Version: 4.4.0-43-Microsoft
Machine Architecture: x86_64
Hostname: BENHILL-VM2

Test Start Time: Thu Jul 27 11:22:32 2017
-----------------------------------------
Testcase                       Result     Exit Value
--------                       ------     ----------
fcntl21                        FAIL       1    

-----------------------------------------------
Total Tests: 1
Total Skipped Tests: 0
Total Failures: 1
Kernel Version: 4.4.0-43-Microsoft
Machine Architecture: x86_64
Hostname: BENHILL-VM2

Test Start Time: Thu Jul 27 11:22:33 2017
-----------------------------------------
Testcase                       Result     Exit Value
--------                       ------     ----------
fcntl21_64                     FAIL       1    

-----------------------------------------------
Total Tests: 1
Total Skipped Tests: 0
Total Failures: 1
Kernel Version: 4.4.0-43-Microsoft
Machine Architecture: x86_64
Hostname: BENHILL-VM2

Test Start Time: Thu Jul 27 11:22:35 2017
-----------------------------------------
Testcase                       Result     Exit Value
--------                       ------     ----------
fcntl22                        FAIL       1    

-----------------------------------------------
Total Tests: 1
Total Skipped Tests: 0
Total Failures: 1
Kernel Version: 4.4.0-43-Microsoft
Machine Architecture: x86_64
Hostname: BENHILL-VM2

Test Start Time: Thu Jul 27 11:22:36 2017
-----------------------------------------
Testcase                       Result     Exit Value
--------                       ------     ----------
fcntl22_64                     FAIL       1    

-----------------------------------------------
Total Tests: 1
Total Skipped Tests: 0
Total Failures: 1
Kernel Version: 4.4.0-43-Microsoft
Machine Architecture: x86_64
Hostname: BENHILL-VM2

Test Start Time: Thu Jul 27 11:22:38 2017
-----------------------------------------
Testcase                       Result     Exit Value
--------                       ------     ----------
fcntl23                        FAIL       1    

-----------------------------------------------
Total Tests: 1
Total Skipped Tests: 0
Total Failures: 1
Kernel Version: 4.4.0-43-Microsoft
Machine Architecture: x86_64
Hostname: BENHILL-VM2

Test Start Time: Thu Jul 27 11:22:40 2017
-----------------------------------------
Testcase                       Result     Exit Value
--------                       ------     ----------
fcntl23_64                     FAIL       1    

-----------------------------------------------
Total Tests: 1
Total Skipped Tests: 0
Total Failures: 1
Kernel Version: 4.4.0-43-Microsoft
Machine Architecture: x86_64
Hostname: BENHILL-VM2

Test Start Time: Thu Jul 27 11:22:41 2017
-----------------------------------------
Testcase                       Result     Exit Value
--------                       ------     ----------
fcntl24                        FAIL       1    

-----------------------------------------------
Total Tests: 1
Total Skipped Tests: 0
Total Failures: 1
Kernel Version: 4.4.0-43-Microsoft
Machine Architecture: x86_64
Hostname: BENHILL-VM2

Test Start Time: Thu Jul 27 11:22:45 2017
-----------------------------------------
Testcase                       Result     Exit Value
--------                       ------     ----------
fcntl24_64                     FAIL       1    

-----------------------------------------------
Total Tests: 1
Total Skipped Tests: 0
Total Failures: 1
Kernel Version: 4.4.0-43-Microsoft
Machine Architecture: x86_64
Hostname: BENHILL-VM2

Test Start Time: Thu Jul 27 11:22:47 2017
-----------------------------------------
Testcase                       Result     Exit Value
--------                       ------     ----------
fcntl25                        FAIL       1    

-----------------------------------------------
Total Tests: 1
Total Skipped Tests: 0
Total Failures: 1
Kernel Version: 4.4.0-43-Microsoft
Machine Architecture: x86_64
Hostname: BENHILL-VM2

Test Start Time: Thu Jul 27 11:22:49 2017
-----------------------------------------
Testcase                       Result     Exit Value
--------                       ------     ----------
fcntl25_64                     FAIL       1    

-----------------------------------------------
Total Tests: 1
Total Skipped Tests: 0
Total Failures: 1
Kernel Version: 4.4.0-43-Microsoft
Machine Architecture: x86_64
Hostname: BENHILL-VM2

Test Start Time: Thu Jul 27 11:22:51 2017
-----------------------------------------
Testcase                       Result     Exit Value
--------                       ------     ----------
fcntl26                        FAIL       1    

-----------------------------------------------
Total Tests: 1
Total Skipped Tests: 0
Total Failures: 1
Kernel Version: 4.4.0-43-Microsoft
Machine Architecture: x86_64
Hostname: BENHILL-VM2

Test Start Time: Thu Jul 27 11:22:53 2017
-----------------------------------------
Testcase                       Result     Exit Value
--------                       ------     ----------
fcntl26_64                     FAIL       1    

-----------------------------------------------
Total Tests: 1
Total Skipped Tests: 0
Total Failures: 1
Kernel Version: 4.4.0-43-Microsoft
Machine Architecture: x86_64
Hostname: BENHILL-VM2

Test Start Time: Thu Jul 27 11:22:54 2017
-----------------------------------------
Testcase                       Result     Exit Value
--------                       ------     ----------
fcntl31                        FAIL       1    

-----------------------------------------------
Total Tests: 1
Total Skipped Tests: 0
Total Failures: 1
Kernel Version: 4.4.0-43-Microsoft
Machine Architecture: x86_64
Hostname: BENHILL-VM2

Test Start Time: Thu Jul 27 11:22:55 2017
-----------------------------------------
Testcase                       Result     Exit Value
--------                       ------     ----------
fcntl31_64                     FAIL       1    

-----------------------------------------------
Total Tests: 1
Total Skipped Tests: 0
Total Failures: 1
Kernel Version: 4.4.0-43-Microsoft
Machine Architecture: x86_64
Hostname: BENHILL-VM2

Test Start Time: Thu Jul 27 11:22:57 2017
-----------------------------------------
Testcase                       Result     Exit Value
--------                       ------     ----------
fcntl32                        FAIL       1    

-----------------------------------------------
Total Tests: 1
Total Skipped Tests: 0
Total Failures: 1
Kernel Version: 4.4.0-43-Microsoft
Machine Architecture: x86_64
Hostname: BENHILL-VM2

Test Start Time: Thu Jul 27 11:22:58 2017
-----------------------------------------
Testcase                       Result     Exit Value
--------                       ------     ----------
fcntl32_64                     FAIL       1    

-----------------------------------------------
Total Tests: 1
Total Skipped Tests: 0
Total Failures: 1
Kernel Version: 4.4.0-43-Microsoft
Machine Architecture: x86_64
Hostname: BENHILL-VM2

Test Start Time: Thu Jul 27 11:23:00 2017
-----------------------------------------
Testcase                       Result     Exit Value
--------                       ------     ----------
fcntl33                        FAIL       2    

-----------------------------------------------
Total Tests: 1
Total Skipped Tests: 0
Total Failures: 1
Kernel Version: 4.4.0-43-Microsoft
Machine Architecture: x86_64
Hostname: BENHILL-VM2

Test Start Time: Thu Jul 27 11:23:02 2017
-----------------------------------------
Testcase                       Result     Exit Value
--------                       ------     ----------
fcntl33_64                     FAIL       2    

-----------------------------------------------
Total Tests: 1
Total Skipped Tests: 0
Total Failures: 1
Kernel Version: 4.4.0-43-Microsoft
Machine Architecture: x86_64
Hostname: BENHILL-VM2

Test Start Time: Thu Jul 27 11:23:04 2017
-----------------------------------------
Testcase                       Result     Exit Value
--------                       ------     ----------
fcntl34                        FAIL       2    

-----------------------------------------------
Total Tests: 1
Total Skipped Tests: 0
Total Failures: 1
Kernel Version: 4.4.0-43-Microsoft
Machine Architecture: x86_64
Hostname: BENHILL-VM2

Test Start Time: Thu Jul 27 11:23:06 2017
-----------------------------------------
Testcase                       Result     Exit Value
--------                       ------     ----------
fcntl34_64                     FAIL       2    

-----------------------------------------------
Total Tests: 1
Total Skipped Tests: 0
Total Failures: 1
Kernel Version: 4.4.0-43-Microsoft
Machine Architecture: x86_64
Hostname: BENHILL-VM2

Test Start Time: Thu Jul 27 11:23:08 2017
-----------------------------------------
Testcase                       Result     Exit Value
--------                       ------     ----------
fork13                         FAIL       2    

-----------------------------------------------
Total Tests: 1
Total Skipped Tests: 0
Total Failures: 1
Kernel Version: 4.4.0-43-Microsoft
Machine Architecture: x86_64
Hostname: BENHILL-VM2

Test Start Time: Thu Jul 27 11:23:09 2017
-----------------------------------------
Testcase                       Result     Exit Value
--------                       ------     ----------
fork14                         FAIL       2    

-----------------------------------------------
Total Tests: 1
Total Skipped Tests: 0
Total Failures: 1
Kernel Version: 4.4.0-43-Microsoft
Machine Architecture: x86_64
Hostname: BENHILL-VM2

Test Start Time: Thu Jul 27 11:23:14 2017
-----------------------------------------
Testcase                       Result     Exit Value
--------                       ------     ----------
fstatfs01                      FAIL       1    

-----------------------------------------------
Total Tests: 1
Total Skipped Tests: 0
Total Failures: 1
Kernel Version: 4.4.0-43-Microsoft
Machine Architecture: x86_64
Hostname: BENHILL-VM2

Test Start Time: Thu Jul 27 11:23:16 2017
-----------------------------------------
Testcase                       Result     Exit Value
--------                       ------     ----------
fstatfs01_64                   FAIL       1    

-----------------------------------------------
Total Tests: 1
Total Skipped Tests: 0
Total Failures: 1
Kernel Version: 4.4.0-43-Microsoft
Machine Architecture: x86_64
Hostname: BENHILL-VM2

Test Start Time: Thu Jul 27 11:23:18 2017
-----------------------------------------
Testcase                       Result     Exit Value
--------                       ------     ----------
futex_wake04                   CONF       32   

-----------------------------------------------
Total Tests: 1
Total Skipped Tests: 1
Total Failures: 0
Kernel Version: 4.4.0-43-Microsoft
Machine Architecture: x86_64
Hostname: BENHILL-VM2

Test Start Time: Thu Jul 27 11:23:20 2017
-----------------------------------------
Testcase                       Result     Exit Value
--------                       ------     ----------
get_robust_list01              FAIL       1    

-----------------------------------------------
Total Tests: 1
Total Skipped Tests: 0
Total Failures: 1
Kernel Version: 4.4.0-43-Microsoft
Machine Architecture: x86_64
Hostname: BENHILL-VM2

Test Start Time: Thu Jul 27 11:23:22 2017
-----------------------------------------
Testcase                       Result     Exit Value
--------                       ------     ----------
getrusage04                    FAIL       1    

-----------------------------------------------
Total Tests: 1
Total Skipped Tests: 0
Total Failures: 1
Kernel Version: 4.4.0-43-Microsoft
Machine Architecture: x86_64
Hostname: BENHILL-VM2

Test Start Time: Thu Jul 27 11:23:23 2017
-----------------------------------------
Testcase                       Result     Exit Value
--------                       ------     ----------
gettimeofday02                 PASS       0    

-----------------------------------------------
Total Tests: 1
Total Skipped Tests: 0
Total Failures: 0
Kernel Version: 4.4.0-43-Microsoft
Machine Architecture: x86_64
Hostname: BENHILL-VM2

Test Start Time: Thu Jul 27 11:23:55 2017
-----------------------------------------
Testcase                       Result     Exit Value
--------                       ------     ----------
ioctl03                        FAIL       2    

-----------------------------------------------
Total Tests: 1
Total Skipped Tests: 0
Total Failures: 1
Kernel Version: 4.4.0-43-Microsoft
Machine Architecture: x86_64
Hostname: BENHILL-VM2

Test Start Time: Thu Jul 27 11:23:57 2017
-----------------------------------------
Testcase                       Result     Exit Value
--------                       ------     ----------
keyctl01                       CONF       32   

-----------------------------------------------
Total Tests: 1
Total Skipped Tests: 1
Total Failures: 0
Kernel Version: 4.4.0-43-Microsoft
Machine Architecture: x86_64
Hostname: BENHILL-VM2

Test Start Time: Thu Jul 27 11:23:58 2017
-----------------------------------------
Testcase                       Result     Exit Value
--------                       ------     ----------
llseek01                       FAIL       1    

-----------------------------------------------
Total Tests: 1
Total Skipped Tests: 0
Total Failures: 1
Kernel Version: 4.4.0-43-Microsoft
Machine Architecture: x86_64
Hostname: BENHILL-VM2

Test Start Time: Thu Jul 27 11:24:00 2017
-----------------------------------------
Testcase                       Result     Exit Value
--------                       ------     ----------
mlock02                        FAIL       1    

-----------------------------------------------
Total Tests: 1
Total Skipped Tests: 0
Total Failures: 1
Kernel Version: 4.4.0-43-Microsoft
Machine Architecture: x86_64
Hostname: BENHILL-VM2

Test Start Time: Thu Jul 27 11:24:02 2017
-----------------------------------------
Testcase                       Result     Exit Value
--------                       ------     ----------
mmap09                         FAIL       1    

-----------------------------------------------
Total Tests: 1
Total Skipped Tests: 0
Total Failures: 1
Kernel Version: 4.4.0-43-Microsoft
Machine Architecture: x86_64
Hostname: BENHILL-VM2

Test Start Time: Thu Jul 27 11:24:03 2017
-----------------------------------------
Testcase                       Result     Exit Value
--------                       ------     ----------
mmap12                         FAIL       1    

-----------------------------------------------
Total Tests: 1
Total Skipped Tests: 0
Total Failures: 1
Kernel Version: 4.4.0-43-Microsoft
Machine Architecture: x86_64
Hostname: BENHILL-VM2

Test Start Time: Thu Jul 27 11:24:05 2017
-----------------------------------------
Testcase                       Result     Exit Value
--------                       ------     ----------
mmap13                         FAIL       2    

-----------------------------------------------
Total Tests: 1
Total Skipped Tests: 0
Total Failures: 1
Kernel Version: 4.4.0-43-Microsoft
Machine Architecture: x86_64
Hostname: BENHILL-VM2

Test Start Time: Thu Jul 27 11:24:07 2017
-----------------------------------------
Testcase                       Result     Exit Value
--------                       ------     ----------
mmap14                         FAIL       1    

-----------------------------------------------
Total Tests: 1
Total Skipped Tests: 0
Total Failures: 1
Kernel Version: 4.4.0-43-Microsoft
Machine Architecture: x86_64
Hostname: BENHILL-VM2

Test Start Time: Thu Jul 27 11:24:08 2017
-----------------------------------------
Testcase                       Result     Exit Value
--------                       ------     ----------
mmap15                         FAIL       1    

-----------------------------------------------
Total Tests: 1
Total Skipped Tests: 0
Total Failures: 1
Kernel Version: 4.4.0-43-Microsoft
Machine Architecture: x86_64
Hostname: BENHILL-VM2

Test Start Time: Thu Jul 27 11:24:09 2017
-----------------------------------------
Testcase                       Result     Exit Value
--------                       ------     ----------
msync03                        FAIL       2    

-----------------------------------------------
Total Tests: 1
Total Skipped Tests: 0
Total Failures: 1
Kernel Version: 4.4.0-43-Microsoft
Machine Architecture: x86_64
Hostname: BENHILL-VM2

Test Start Time: Thu Jul 27 11:24:11 2017
-----------------------------------------
Testcase                       Result     Exit Value
--------                       ------     ----------
munlock02                      FAIL       1    

-----------------------------------------------
Total Tests: 1
Total Skipped Tests: 0
Total Failures: 1
Kernel Version: 4.4.0-43-Microsoft
Machine Architecture: x86_64
Hostname: BENHILL-VM2

Test Start Time: Thu Jul 27 11:24:13 2017
-----------------------------------------
Testcase                       Result     Exit Value
--------                       ------     ----------
open14                         CONF       32   

-----------------------------------------------
Total Tests: 1
Total Skipped Tests: 1
Total Failures: 0
Kernel Version: 4.4.0-43-Microsoft
Machine Architecture: x86_64
Hostname: BENHILL-VM2

Test Start Time: Thu Jul 27 11:24:14 2017
-----------------------------------------
Testcase                       Result     Exit Value
--------                       ------     ----------
openat03                       CONF       32   

-----------------------------------------------
Total Tests: 1
Total Skipped Tests: 1
Total Failures: 0
Kernel Version: 4.4.0-43-Microsoft
Machine Architecture: x86_64
Hostname: BENHILL-VM2

Test Start Time: Thu Jul 27 11:24:16 2017
-----------------------------------------
Testcase                       Result     Exit Value
--------                       ------     ----------
madvise01                      FAIL       1    

-----------------------------------------------
Total Tests: 1
Total Skipped Tests: 0
Total Failures: 1
Kernel Version: 4.4.0-43-Microsoft
Machine Architecture: x86_64
Hostname: BENHILL-VM2

Test Start Time: Thu Jul 27 11:24:18 2017
-----------------------------------------
Testcase                       Result     Exit Value
--------                       ------     ----------
madvise02                      FAIL       1    

-----------------------------------------------
Total Tests: 1
Total Skipped Tests: 0
Total Failures: 1
Kernel Version: 4.4.0-43-Microsoft
Machine Architecture: x86_64
Hostname: BENHILL-VM2

Test Start Time: Thu Jul 27 11:24:19 2017
-----------------------------------------
Testcase                       Result     Exit Value
--------                       ------     ----------
madvise03                      FAIL       2    

-----------------------------------------------
Total Tests: 1
Total Skipped Tests: 0
Total Failures: 1
Kernel Version: 4.4.0-43-Microsoft
Machine Architecture: x86_64
Hostname: BENHILL-VM2

Test Start Time: Thu Jul 27 11:24:21 2017
-----------------------------------------
Testcase                       Result     Exit Value
--------                       ------     ----------
madvise06                      CONF       32   

-----------------------------------------------
Total Tests: 1
Total Skipped Tests: 1
Total Failures: 0
Kernel Version: 4.4.0-43-Microsoft
Machine Architecture: x86_64
Hostname: BENHILL-VM2

Test Start Time: Thu Jul 27 11:24:22 2017
-----------------------------------------
Testcase                       Result     Exit Value
--------                       ------     ----------
mremap04                       FAIL       1    

-----------------------------------------------
Total Tests: 1
Total Skipped Tests: 0
Total Failures: 1
Kernel Version: 4.4.0-43-Microsoft
Machine Architecture: x86_64
Hostname: BENHILL-VM2

Test Start Time: Thu Jul 27 11:24:24 2017
-----------------------------------------
Testcase                       Result     Exit Value
--------                       ------     ----------
personality01                  FAIL       1    

-----------------------------------------------
Total Tests: 1
Total Skipped Tests: 0
Total Failures: 1
Kernel Version: 4.4.0-43-Microsoft
Machine Architecture: x86_64
Hostname: BENHILL-VM2

Test Start Time: Thu Jul 27 11:24:26 2017
-----------------------------------------
Testcase                       Result     Exit Value
--------                       ------     ----------
personality02                  FAIL       1    

-----------------------------------------------
Total Tests: 1
Total Skipped Tests: 0
Total Failures: 1
Kernel Version: 4.4.0-43-Microsoft
Machine Architecture: x86_64
Hostname: BENHILL-VM2

Test Start Time: Thu Jul 27 11:24:27 2017
-----------------------------------------
Testcase                       Result     Exit Value
--------                       ------     ----------
profil01                       FAIL       2    

-----------------------------------------------
Total Tests: 1
Total Skipped Tests: 0
Total Failures: 1
Kernel Version: 4.4.0-43-Microsoft
Machine Architecture: x86_64
Hostname: BENHILL-VM2

Test Start Time: Thu Jul 27 11:24:28 2017
-----------------------------------------
Testcase                       Result     Exit Value
--------                       ------     ----------
prot_hsymlinks                 FAIL       6    

-----------------------------------------------
Total Tests: 1
Total Skipped Tests: 0
Total Failures: 1
Kernel Version: 4.4.0-43-Microsoft
Machine Architecture: x86_64
Hostname: BENHILL-VM2

Test Start Time: Thu Jul 27 11:24:35 2017
-----------------------------------------
Testcase                       Result     Exit Value
--------                       ------     ----------
ptrace03                       CONF       32   

-----------------------------------------------
Total Tests: 1
Total Skipped Tests: 1
Total Failures: 0
Kernel Version: 4.4.0-43-Microsoft
Machine Architecture: x86_64
Hostname: BENHILL-VM2

Test Start Time: Thu Jul 27 11:24:37 2017
-----------------------------------------
Testcase                       Result     Exit Value
--------                       ------     ----------
recv01                         FAIL       1    

-----------------------------------------------
Total Tests: 1
Total Skipped Tests: 0
Total Failures: 1
Kernel Version: 4.4.0-43-Microsoft
Machine Architecture: x86_64
Hostname: BENHILL-VM2

Test Start Time: Thu Jul 27 11:24:44 2017
-----------------------------------------
Testcase                       Result     Exit Value
--------                       ------     ----------
recvfrom01                     FAIL       1    

-----------------------------------------------
Total Tests: 1
Total Skipped Tests: 0
Total Failures: 1
Kernel Version: 4.4.0-43-Microsoft
Machine Architecture: x86_64
Hostname: BENHILL-VM2

Test Start Time: Thu Jul 27 11:24:45 2017
-----------------------------------------
Testcase                       Result     Exit Value
--------                       ------     ----------
recvmsg01                      FAIL       1    

-----------------------------------------------
Total Tests: 1
Total Skipped Tests: 0
Total Failures: 1
Kernel Version: 4.4.0-43-Microsoft
Machine Architecture: x86_64
Hostname: BENHILL-VM2

Test Start Time: Thu Jul 27 11:24:47 2017
-----------------------------------------
Testcase                       Result     Exit Value
--------                       ------     ----------
semctl01                       FAIL       2    

-----------------------------------------------
Total Tests: 1
Total Skipped Tests: 0
Total Failures: 1
Kernel Version: 4.4.0-43-Microsoft
Machine Architecture: x86_64
Hostname: BENHILL-VM2

Test Start Time: Thu Jul 27 11:24:48 2017
-----------------------------------------
Testcase                       Result     Exit Value
--------                       ------     ----------
setrlimit01                    FAIL       1    

-----------------------------------------------
Total Tests: 1
Total Skipped Tests: 0
Total Failures: 1
Kernel Version: 4.4.0-43-Microsoft
Machine Architecture: x86_64
Hostname: BENHILL-VM2

Test Start Time: Thu Jul 27 11:24:50 2017
-----------------------------------------
Testcase                       Result     Exit Value
--------                       ------     ----------
settimeofday01                 FAIL       1    

-----------------------------------------------
Total Tests: 1
Total Skipped Tests: 0
Total Failures: 1
Kernel Version: 4.4.0-43-Microsoft
Machine Architecture: x86_64
Hostname: BENHILL-VM2

Test Start Time: Thu Jul 27 11:24:51 2017
-----------------------------------------
Testcase                       Result     Exit Value
--------                       ------     ----------
setxattr03                     FAIL       6    

-----------------------------------------------
Total Tests: 1
Total Skipped Tests: 0
Total Failures: 1
Kernel Version: 4.4.0-43-Microsoft
Machine Architecture: x86_64
Hostname: BENHILL-VM2

Test Start Time: Thu Jul 27 11:24:53 2017
-----------------------------------------
Testcase                       Result     Exit Value
--------                       ------     ----------
signal06                       FAIL       11   

-----------------------------------------------
Total Tests: 1
Total Skipped Tests: 0
Total Failures: 1
Kernel Version: 4.4.0-43-Microsoft
Machine Architecture: x86_64
Hostname: BENHILL-VM2

Test Start Time: Thu Jul 27 11:24:54 2017
-----------------------------------------
Testcase                       Result     Exit Value
--------                       ------     ----------
sockioctl01                    FAIL       1    

-----------------------------------------------
Total Tests: 1
Total Skipped Tests: 0
Total Failures: 1
Kernel Version: 4.4.0-43-Microsoft
Machine Architecture: x86_64
Hostname: BENHILL-VM2

Test Start Time: Thu Jul 27 11:24:56 2017
-----------------------------------------
Testcase                       Result     Exit Value
--------                       ------     ----------
stime01                        FAIL       1    

-----------------------------------------------
Total Tests: 1
Total Skipped Tests: 0
Total Failures: 1
Kernel Version: 4.4.0-43-Microsoft
Machine Architecture: x86_64
Hostname: BENHILL-VM2

Test Start Time: Thu Jul 27 11:24:57 2017
-----------------------------------------
Testcase                       Result     Exit Value
--------                       ------     ----------
truncate03                     FAIL       1    

-----------------------------------------------
Total Tests: 1
Total Skipped Tests: 0
Total Failures: 1
Kernel Version: 4.4.0-43-Microsoft
Machine Architecture: x86_64
Hostname: BENHILL-VM2

Test Start Time: Thu Jul 27 11:24:59 2017
-----------------------------------------
Testcase                       Result     Exit Value
--------                       ------     ----------
truncate03_64                  FAIL       1    

-----------------------------------------------
Total Tests: 1
Total Skipped Tests: 0
Total Failures: 1
Kernel Version: 4.4.0-43-Microsoft
Machine Architecture: x86_64
Hostname: BENHILL-VM2

Test Start Time: Thu Jul 27 11:25:00 2017
-----------------------------------------
Testcase                       Result     Exit Value
--------                       ------     ----------
unshare01                      FAIL       1    

-----------------------------------------------
Total Tests: 1
Total Skipped Tests: 0
Total Failures: 1
Kernel Version: 4.4.0-43-Microsoft
Machine Architecture: x86_64
Hostname: BENHILL-VM2

Test Start Time: Thu Jul 27 11:25:02 2017
-----------------------------------------
Testcase                       Result     Exit Value
--------                       ------     ----------
utimensat01                    CONF       32   

-----------------------------------------------
Total Tests: 1
Total Skipped Tests: 1
Total Failures: 0
Kernel Version: 4.4.0-43-Microsoft
Machine Architecture: x86_64
Hostname: BENHILL-VM2

Test Start Time: Thu Jul 27 11:25:06 2017
-----------------------------------------
Testcase                       Result     Exit Value
--------                       ------     ----------
waitpid11                      FAIL       1    

-----------------------------------------------
Total Tests: 1
Total Skipped Tests: 0
Total Failures: 1
Kernel Version: 4.4.0-43-Microsoft
Machine Architecture: x86_64
Hostname: BENHILL-VM2

Test Start Time: Thu Jul 27 11:25:08 2017
-----------------------------------------
Testcase                       Result     Exit Value
--------                       ------     ----------
waitpid12                      FAIL       1    

-----------------------------------------------
Total Tests: 1
Total Skipped Tests: 0
Total Failures: 1
Kernel Version: 4.4.0-43-Microsoft
Machine Architecture: x86_64
Hostname: BENHILL-VM2

Test Start Time: Thu Jul 27 11:25:11 2017
-----------------------------------------
Testcase                       Result     Exit Value
--------                       ------     ----------
waitpid13                      FAIL       1    

-----------------------------------------------
Total Tests: 1
Total Skipped Tests: 0
Total Failures: 1
Kernel Version: 4.4.0-43-Microsoft
Machine Architecture: x86_64
Hostname: BENHILL-VM2

Test Start Time: Thu Jul 27 11:25:19 2017
-----------------------------------------
Testcase                       Result     Exit Value
--------                       ------     ----------
waitid02                       FAIL       1    

-----------------------------------------------
Total Tests: 1
Total Skipped Tests: 0
Total Failures: 1
Kernel Version: 4.4.0-43-Microsoft
Machine Architecture: x86_64
Hostname: BENHILL-VM2

