bdflush01    2  TCONF  :  bdflush01.c:118: syscall(-1) __NR_bdflush not supported on your arch
bdflush01    3  TCONF  :  bdflush01.c:118: Remaining cases not appropriate for configuration
cacheflush01    1  TCONF  :  cacheflush01.c:134: syscall(-1) __NR_cacheflush not supported on your arch
cacheflush01    2  TCONF  :  cacheflush01.c:134: Remaining cases not appropriate for configuration
chown01_16    1  TCONF  :  /home/benhill/ltp-20160510/testcases/kernel/syscalls/chown/../utils/compat_16.h:156: 16-bit version of chown() is not supported on your platform
chown01_16    2  TCONF  :  /home/benhill/ltp-20160510/testcases/kernel/syscalls/chown/../utils/compat_16.h:156: Remaining cases not appropriate for configuration
chown02_16    1  TCONF  :  /home/benhill/ltp-20160510/testcases/kernel/syscalls/chown/../utils/compat_16.h:156: 16-bit version of chown() is not supported on your platform
chown02_16    2  TCONF  :  /home/benhill/ltp-20160510/testcases/kernel/syscalls/chown/../utils/compat_16.h:156: Remaining cases not appropriate for configuration
chown03_16    1  TCONF  :  /home/benhill/ltp-20160510/testcases/kernel/syscalls/chown/../utils/compat_16.h:156: 16-bit version of chown() is not supported on your platform
chown03_16    2  TCONF  :  /home/benhill/ltp-20160510/testcases/kernel/syscalls/chown/../utils/compat_16.h:156: Remaining cases not appropriate for configuration
chown04_16    0  TINFO  :  No free devices found
chown04_16    1  TCONF  :  chown04.c:150: Failed to obtain block device
chown04_16    2  TCONF  :  chown04.c:150: Remaining cases not appropriate for configuration
chown05_16    1  TCONF  :  /home/benhill/ltp-20160510/testcases/kernel/syscalls/chown/../utils/compat_16.h:156: 16-bit version of chown() is not supported on your platform
chown05_16    2  TCONF  :  /home/benhill/ltp-20160510/testcases/kernel/syscalls/chown/../utils/compat_16.h:156: Remaining cases not appropriate for configuration
eventfd01    1  TPASS  :  counter value matches required
eventfd01    2  TPASS  :  read failed with EAGAIN as expected
eventfd01    3  TPASS  :  counter value matches required
eventfd01    4  TPASS  :  write failed with EAGAIN as expected
eventfd01    5  TPASS  :  read failed with EINVAL as expected
eventfd01    6  TPASS  :  write failed with EINVAL as expected
eventfd01    7  TPASS  :  write failed with EINVAL as expected
eventfd01    8  TPASS  :  fd is set in readfds
eventfd01    9  TPASS  :  fd is not set in readfds
eventfd01   10  TPASS  :  fd is set in writefds
eventfd01   11  TPASS  :  fd is not set in writefds
eventfd01    1  TPASS  :  counter value matches required
eventfd01    2  TPASS  :  read failed with EAGAIN as expected
eventfd01    3  TPASS  :  counter value matches required
eventfd01    4  TPASS  :  write failed with EAGAIN as expected
eventfd01    5  TPASS  :  read failed with EINVAL as expected
eventfd01    6  TPASS  :  write failed with EINVAL as expected
eventfd01    7  TPASS  :  write failed with EINVAL as expected
eventfd01    8  TPASS  :  fd is set in readfds
eventfd01    9  TPASS  :  fd is not set in readfds
eventfd01   10  TPASS  :  fd is set in writefds
eventfd01   11  TPASS  :  fd is not set in writefds
eventfd01   12  TPASS  :  counter value write from child successful
eventfd01   13  TCONF  :  eventfd01.c:642: eventfd support is not available in AIO subsystem
eventfd01   14  TCONF  :  eventfd01.c:647: eventfd support is not available in AIO subsystem
eventfd01   15  TCONF  :  eventfd01.c:652: eventfd support is not available in AIO subsystem
fchown01_16    1  TCONF  :  /home/benhill/ltp-20160510/testcases/kernel/syscalls/fchown/../utils/compat_16.h:146: 16-bit version of fchown() is not supported on your platform
fchown01_16    2  TCONF  :  /home/benhill/ltp-20160510/testcases/kernel/syscalls/fchown/../utils/compat_16.h:146: Remaining cases not appropriate for configuration
fchown02_16    1  TCONF  :  /home/benhill/ltp-20160510/testcases/kernel/syscalls/fchown/../utils/compat_16.h:146: 16-bit version of fchown() is not supported on your platform
fchown02_16    2  TCONF  :  /home/benhill/ltp-20160510/testcases/kernel/syscalls/fchown/../utils/compat_16.h:146: Remaining cases not appropriate for configuration
fchown03_16    1  TCONF  :  /home/benhill/ltp-20160510/testcases/kernel/syscalls/fchown/../utils/compat_16.h:146: 16-bit version of fchown() is not supported on your platform
fchown03_16    2  TCONF  :  /home/benhill/ltp-20160510/testcases/kernel/syscalls/fchown/../utils/compat_16.h:146: Remaining cases not appropriate for configuration
fchown04_16    0  TINFO  :  No free devices found
fchown04_16    1  TCONF  :  fchown04.c:110: Failed to acquire device
fchown04_16    2  TCONF  :  fchown04.c:110: Remaining cases not appropriate for configuration
fchown05_16    1  TCONF  :  /home/benhill/ltp-20160510/testcases/kernel/syscalls/fchown/../utils/compat_16.h:146: 16-bit version of fchown() is not supported on your platform
fchown05_16    2  TCONF  :  /home/benhill/ltp-20160510/testcases/kernel/syscalls/fchown/../utils/compat_16.h:146: Remaining cases not appropriate for configuration
fcntl06     1  TCONF  :  fcntl06.c:109: system doesn't have LINUX_LOCK_FILE_REGION support
fcntl06     1  TCONF  :  fcntl06.c:109: system doesn't have LINUX_LOCK_FILE_REGION support
getegid01_16    1  TCONF  :  /home/benhill/ltp-20160510/testcases/kernel/syscalls/getegid/../utils/compat_16.h:112: 16-bit version of getegid() is not supported on your platform
getegid01_16    2  TCONF  :  /home/benhill/ltp-20160510/testcases/kernel/syscalls/getegid/../utils/compat_16.h:112: Remaining cases not appropriate for configuration
getegid02_16    1  TCONF  :  /home/benhill/ltp-20160510/testcases/kernel/syscalls/getegid/../utils/compat_16.h:112: 16-bit version of getegid() is not supported on your platform
getegid02_16    2  TCONF  :  /home/benhill/ltp-20160510/testcases/kernel/syscalls/getegid/../utils/compat_16.h:112: Remaining cases not appropriate for configuration
geteuid01_16    1  TCONF  :  /home/benhill/ltp-20160510/testcases/kernel/syscalls/geteuid/../utils/compat_16.h:107: 16-bit version of geteuid() is not supported on your platform
geteuid01_16    2  TCONF  :  /home/benhill/ltp-20160510/testcases/kernel/syscalls/geteuid/../utils/compat_16.h:107: Remaining cases not appropriate for configuration
geteuid02_16    1  TCONF  :  /home/benhill/ltp-20160510/testcases/kernel/syscalls/geteuid/../utils/compat_16.h:107: 16-bit version of geteuid() is not supported on your platform
geteuid02_16    2  TCONF  :  /home/benhill/ltp-20160510/testcases/kernel/syscalls/geteuid/../utils/compat_16.h:107: Remaining cases not appropriate for configuration
getgid01_16    1  TCONF  :  /home/benhill/ltp-20160510/testcases/kernel/syscalls/getgid/../utils/compat_16.h:102: 16-bit version of getgid() is not supported on your platform
getgid01_16    2  TCONF  :  /home/benhill/ltp-20160510/testcases/kernel/syscalls/getgid/../utils/compat_16.h:102: Remaining cases not appropriate for configuration
getgid03_16    1  TCONF  :  /home/benhill/ltp-20160510/testcases/kernel/syscalls/getgid/../utils/compat_16.h:102: 16-bit version of getgid() is not supported on your platform
getgid03_16    2  TCONF  :  /home/benhill/ltp-20160510/testcases/kernel/syscalls/getgid/../utils/compat_16.h:102: Remaining cases not appropriate for configuration
getgroups01_16    1  TCONF  :  /home/benhill/ltp-20160510/testcases/kernel/syscalls/getgroups/../utils/compat_16.h:82: 16-bit version of getgroups() is not supported on your platform
getgroups01_16    2  TCONF  :  /home/benhill/ltp-20160510/testcases/kernel/syscalls/getgroups/../utils/compat_16.h:82: Remaining cases not appropriate for configuration
getgroups03_16    1  TCONF  :  /home/benhill/ltp-20160510/testcases/kernel/syscalls/getgroups/../utils/compat_16.h:77: 16-bit version of setgroups() is not supported on your platform
getgroups03_16    2  TCONF  :  /home/benhill/ltp-20160510/testcases/kernel/syscalls/getgroups/../utils/compat_16.h:77: Remaining cases not appropriate for configuration
get_mempolicy01    1  TCONF  :  get_mempolicy01.c:351: System doesn't have required numa support
get_mempolicy01    2  TCONF  :  get_mempolicy01.c:351: Remaining cases not appropriate for configuration
getuid01_16    1  TCONF  :  /home/benhill/ltp-20160510/testcases/kernel/syscalls/getuid/../utils/compat_16.h:92: 16-bit version of getuid() is not supported on your platform
getuid01_16    2  TCONF  :  /home/benhill/ltp-20160510/testcases/kernel/syscalls/getuid/../utils/compat_16.h:92: Remaining cases not appropriate for configuration
getuid03_16    1  TCONF  :  /home/benhill/ltp-20160510/testcases/kernel/syscalls/getuid/../utils/compat_16.h:92: 16-bit version of getuid() is not supported on your platform
getuid03_16    2  TCONF  :  /home/benhill/ltp-20160510/testcases/kernel/syscalls/getuid/../utils/compat_16.h:92: Remaining cases not appropriate for configuration
io_cancel01    1  TCONF  :  io_cancel01.c:111: System doesn't have libaio support
io_cancel01    2  TCONF  :  io_cancel01.c:111: Remaining cases not appropriate for configuration
io_destroy01    1  TCONF  :  io_destroy01.c:105: System doesn't support execution of the test
io_destroy01    2  TCONF  :  io_destroy01.c:105: Remaining cases not appropriate for configuration
io_getevents01    1  TCONF  :  io_getevents01.c:110: System doesn't support execution of the test
io_getevents01    2  TCONF  :  io_getevents01.c:110: Remaining cases not appropriate for configuration
io_setup01    1  TCONF  :  io_setup01.c:137: System doesn't support execution of the test
io_setup01    2  TCONF  :  io_setup01.c:137: Remaining cases not appropriate for configuration
io_submit01    1  TCONF  :  io_submit01.c:198: System doesn't support execution of the test
io_submit01    2  TCONF  :  io_submit01.c:198: Remaining cases not appropriate for configuration
lchown01_16    1  TCONF  :  /home/benhill/ltp-20160510/testcases/kernel/syscalls/lchown/../utils/compat_16.h:151: 16-bit version of lchown() is not supported on your platform
lchown01_16    2  TCONF  :  /home/benhill/ltp-20160510/testcases/kernel/syscalls/lchown/../utils/compat_16.h:151: Remaining cases not appropriate for configuration
lchown02_16    1  TCONF  :  /home/benhill/ltp-20160510/testcases/kernel/syscalls/lchown/../utils/compat_16.h:151: 16-bit version of lchown() is not supported on your platform
lchown02_16    2  TCONF  :  /home/benhill/ltp-20160510/testcases/kernel/syscalls/lchown/../utils/compat_16.h:151: Remaining cases not appropriate for configuration
lchown03_16    0  TINFO  :  No free devices found
lchown03_16    1  TCONF  :  lchown03.c:103: Failed to acquire device
lchown03_16    2  TCONF  :  lchown03.c:103: Remaining cases not appropriate for configuration
mbind01     1  TCONF  :  mbind01.c:315: System doesn't have required numa support
mbind01     2  TCONF  :  mbind01.c:315: Remaining cases not appropriate for configuration
migrate_pages01    1  TCONF  :  migrate_pages01.c:260: System doesn't support __NR_migrate_pages or libnuma is not available
migrate_pages01    2  TCONF  :  migrate_pages01.c:260: Remaining cases not appropriate for configuration
migrate_pages02    1  TCONF  :  migrate_pages02.c:413: System doesn't support __NR_migrate_pages or libnuma is not available
migrate_pages02    2  TCONF  :  migrate_pages02.c:413: Remaining cases not appropriate for configuration
modify_ldt01    1  TCONF  :  modify_ldt01.c:259: modify_ldt is available but not tested on the platform than __i386__
modify_ldt01    2  TCONF  :  modify_ldt01.c:259: Remaining cases not appropriate for configuration
modify_ldt02    1  TCONF  :  modify_ldt02.c:232: modify_ldt is available but not tested on the platform than __i386__
modify_ldt02    2  TCONF  :  modify_ldt02.c:232: Remaining cases not appropriate for configuration
modify_ldt03    1  TCONF  :  modify_ldt03.c:94: modify_ldt is available but not tested on the platform than __i386__
modify_ldt03    2  TCONF  :  modify_ldt03.c:94: Remaining cases not appropriate for configuration
munlockall02    1  TCONF  :  munlockall02.c:106: munlockall() failed to produce expected errno :1 Got : 38, Function not implemented. ***Some distros, such as Red Hat Enterprise Linux, support non-superuser munlockall calls.***
ptrace04    1  TCONF  :  ptrace04.c:103: test not supported for your arch (yet)
ptrace04    2  TCONF  :  ptrace04.c:103: Remaining cases not appropriate for configuration
quotactl01    1  TCONF  :  quotactl01.c:154: syscall(179) __NR_quotactl not supported on your arch
quotactl01    2  TCONF  :  quotactl01.c:154: Remaining cases not appropriate for configuration
quotactl02    1  TCONF  :  quotactl02.c:230: This system doesn't support xfs quota
quotactl02    2  TCONF  :  quotactl02.c:230: Remaining cases not appropriate for configuration
readahead02    1  TCONF  :  readahead02.c:97: /proc/sys/vm/drop_caches not available
readahead02    2  TCONF  :  readahead02.c:97: Remaining cases not appropriate for configuration
readdir21    1  TCONF  :  readdir21.c:122: syscall(-1) __NR_readdir not supported on your arch
readdir21    2  TCONF  :  readdir21.c:122: Remaining cases not appropriate for configuration
rmdir05     1  TPASS  :  rmdir(".") failed to remove the current working directory. Returned 22 : Invalid argument
rmdir05     2  TCONF  :  rmdir05.c:112: rmdir on "dir/." supported on Linux
rmdir05     3  TCONF  :  rmdir05.c:115: linked directories test not implemented on Linux
rmdir05     4  TPASS  :  rmdir() - path argument points below the minimum allocated address space failed as expected with errno 14 : Bad address
rmdir05     5  TPASS  :  rmdir() - path argument points above the maximum allocated address space failed as expected with errno 14 : Bad address
rmdir05     6  TPASS  :  rmdir("./dir_2350") removed the directory as expected.
setfsgid01_16    1  TCONF  :  /home/benhill/ltp-20160510/testcases/kernel/syscalls/setfsgid/../utils/compat_16.h:122: 16-bit version of setfsgid() is not supported on your platform
setfsgid01_16    2  TCONF  :  /home/benhill/ltp-20160510/testcases/kernel/syscalls/setfsgid/../utils/compat_16.h:122: Remaining cases not appropriate for configuration
setfsgid02_16    1  TCONF  :  /home/benhill/ltp-20160510/testcases/kernel/syscalls/setfsgid/../utils/compat_16.h:122: 16-bit version of setfsgid() is not supported on your platform
setfsgid02_16    2  TCONF  :  /home/benhill/ltp-20160510/testcases/kernel/syscalls/setfsgid/../utils/compat_16.h:122: Remaining cases not appropriate for configuration
setfsgid03_16    1  TCONF  :  /home/benhill/ltp-20160510/testcases/kernel/syscalls/setfsgid/../utils/compat_16.h:122: 16-bit version of setfsgid() is not supported on your platform
setfsgid03_16    2  TCONF  :  /home/benhill/ltp-20160510/testcases/kernel/syscalls/setfsgid/../utils/compat_16.h:122: Remaining cases not appropriate for configuration
setfsuid01_16    1  TCONF  :  /home/benhill/ltp-20160510/testcases/kernel/syscalls/setfsuid/../utils/compat_16.h:117: 16-bit version of setfsuid() is not supported on your platform
setfsuid01_16    2  TCONF  :  /home/benhill/ltp-20160510/testcases/kernel/syscalls/setfsuid/../utils/compat_16.h:117: Remaining cases not appropriate for configuration
setfsuid02_16    1  TCONF  :  /home/benhill/ltp-20160510/testcases/kernel/syscalls/setfsuid/../utils/compat_16.h:117: 16-bit version of setfsuid() is not supported on your platform
setfsuid02_16    2  TCONF  :  /home/benhill/ltp-20160510/testcases/kernel/syscalls/setfsuid/../utils/compat_16.h:117: Remaining cases not appropriate for configuration
setfsuid03_16    1  TCONF  :  /home/benhill/ltp-20160510/testcases/kernel/syscalls/setfsuid/../utils/compat_16.h:117: 16-bit version of setfsuid() is not supported on your platform
setfsuid03_16    2  TCONF  :  /home/benhill/ltp-20160510/testcases/kernel/syscalls/setfsuid/../utils/compat_16.h:117: Remaining cases not appropriate for configuration
setfsuid04_16    1  TCONF  :  /home/benhill/ltp-20160510/testcases/kernel/syscalls/setfsuid/../utils/compat_16.h:117: 16-bit version of setfsuid() is not supported on your platform
setfsuid04_16    2  TCONF  :  /home/benhill/ltp-20160510/testcases/kernel/syscalls/setfsuid/../utils/compat_16.h:117: Remaining cases not appropriate for configuration
setfsuid04_16    0  TINFO  :  Child process returned TCONF
setgid01_16    1  TCONF  :  /home/benhill/ltp-20160510/testcases/kernel/syscalls/setgid/../utils/compat_16.h:97: 16-bit version of setgid() is not supported on your platform
setgid01_16    2  TCONF  :  /home/benhill/ltp-20160510/testcases/kernel/syscalls/setgid/../utils/compat_16.h:97: Remaining cases not appropriate for configuration
setgid02_16    1  TCONF  :  /home/benhill/ltp-20160510/testcases/kernel/syscalls/setgid/../utils/compat_16.h:97: 16-bit version of setgid() is not supported on your platform
setgid02_16    2  TCONF  :  /home/benhill/ltp-20160510/testcases/kernel/syscalls/setgid/../utils/compat_16.h:97: Remaining cases not appropriate for configuration
setgid03_16    1  TCONF  :  /home/benhill/ltp-20160510/testcases/kernel/syscalls/setgid/../utils/compat_16.h:97: 16-bit version of setgid() is not supported on your platform
setgid03_16    2  TCONF  :  /home/benhill/ltp-20160510/testcases/kernel/syscalls/setgid/../utils/compat_16.h:97: Remaining cases not appropriate for configuration
sgetmask01    1  TCONF  :  sgetmask01.c:128: syscall(-1) __NR_ssetmask not supported on your arch
sgetmask01    2  TCONF  :  sgetmask01.c:128: Remaining cases not appropriate for configuration
setgroups01_16    1  TCONF  :  /home/benhill/ltp-20160510/testcases/kernel/syscalls/setgroups/../utils/compat_16.h:82: 16-bit version of getgroups() is not supported on your platform
setgroups01_16    2  TCONF  :  /home/benhill/ltp-20160510/testcases/kernel/syscalls/setgroups/../utils/compat_16.h:82: Remaining cases not appropriate for configuration
setgroups02_16    1  TCONF  :  /home/benhill/ltp-20160510/testcases/kernel/syscalls/setgroups/../utils/compat_16.h:77: 16-bit version of setgroups() is not supported on your platform
setgroups02_16    2  TCONF  :  /home/benhill/ltp-20160510/testcases/kernel/syscalls/setgroups/../utils/compat_16.h:77: Remaining cases not appropriate for configuration
setgroups03_16    1  TCONF  :  /home/benhill/ltp-20160510/testcases/kernel/syscalls/setgroups/../utils/compat_16.h:77: 16-bit version of setgroups() is not supported on your platform
setgroups03_16    2  TCONF  :  /home/benhill/ltp-20160510/testcases/kernel/syscalls/setgroups/../utils/compat_16.h:77: Remaining cases not appropriate for configuration
setgroups04_16    1  TCONF  :  /home/benhill/ltp-20160510/testcases/kernel/syscalls/setgroups/../utils/compat_16.h:77: 16-bit version of setgroups() is not supported on your platform
setgroups04_16    2  TCONF  :  /home/benhill/ltp-20160510/testcases/kernel/syscalls/setgroups/../utils/compat_16.h:77: Remaining cases not appropriate for configuration
setregid01_16    1  TCONF  :  /home/benhill/ltp-20160510/testcases/kernel/syscalls/setregid/../utils/compat_16.h:131: 16-bit version of setregid() is not supported on your platform
setregid01_16    2  TCONF  :  /home/benhill/ltp-20160510/testcases/kernel/syscalls/setregid/../utils/compat_16.h:131: Remaining cases not appropriate for configuration
setregid03_16    1  TCONF  :  /home/benhill/ltp-20160510/testcases/kernel/syscalls/setregid/../utils/compat_16.h:131: 16-bit version of setregid() is not supported on your platform
setregid03_16    2  TCONF  :  /home/benhill/ltp-20160510/testcases/kernel/syscalls/setregid/../utils/compat_16.h:131: Remaining cases not appropriate for configuration
setregid04_16    1  TCONF  :  /home/benhill/ltp-20160510/testcases/kernel/syscalls/setregid/../utils/compat_16.h:131: 16-bit version of setregid() is not supported on your platform
setregid04_16    2  TCONF  :  /home/benhill/ltp-20160510/testcases/kernel/syscalls/setregid/../utils/compat_16.h:131: Remaining cases not appropriate for configuration
setresgid01_16    1  TCONF  :  /home/benhill/ltp-20160510/testcases/kernel/syscalls/setresgid/../utils/compat_16.h:141: 16-bit version of setresgid() is not supported on your platform
setresgid01_16    2  TCONF  :  /home/benhill/ltp-20160510/testcases/kernel/syscalls/setresgid/../utils/compat_16.h:141: Remaining cases not appropriate for configuration
setresgid02_16    1  TCONF  :  /home/benhill/ltp-20160510/testcases/kernel/syscalls/setresgid/../utils/compat_16.h:141: 16-bit version of setresgid() is not supported on your platform
setresgid02_16    2  TCONF  :  /home/benhill/ltp-20160510/testcases/kernel/syscalls/setresgid/../utils/compat_16.h:141: Remaining cases not appropriate for configuration
setresgid03_16    1  TCONF  :  /home/benhill/ltp-20160510/testcases/kernel/syscalls/setresgid/../utils/compat_16.h:141: 16-bit version of setresgid() is not supported on your platform
setresgid03_16    2  TCONF  :  /home/benhill/ltp-20160510/testcases/kernel/syscalls/setresgid/../utils/compat_16.h:141: Remaining cases not appropriate for configuration
setresgid04_16    1  TCONF  :  /home/benhill/ltp-20160510/testcases/kernel/syscalls/setresgid/../utils/compat_16.h:141: 16-bit version of setresgid() is not supported on your platform
setresgid04_16    2  TCONF  :  /home/benhill/ltp-20160510/testcases/kernel/syscalls/setresgid/../utils/compat_16.h:141: Remaining cases not appropriate for configuration
setresuid01_16    1  TCONF  :  /home/benhill/ltp-20160510/testcases/kernel/syscalls/setresuid/../utils/compat_16.h:136: 16-bit version of setresuid() is not supported on your platform
setresuid01_16    2  TCONF  :  /home/benhill/ltp-20160510/testcases/kernel/syscalls/setresuid/../utils/compat_16.h:136: Remaining cases not appropriate for configuration
setresuid02_16    1  TCONF  :  /home/benhill/ltp-20160510/testcases/kernel/syscalls/setresuid/../utils/compat_16.h:136: 16-bit version of setresuid() is not supported on your platform
setresuid02_16    2  TCONF  :  /home/benhill/ltp-20160510/testcases/kernel/syscalls/setresuid/../utils/compat_16.h:136: Remaining cases not appropriate for configuration
setresuid02_16    0  TINFO  :  Child process returned TCONF
setresuid03_16    1  TCONF  :  /home/benhill/ltp-20160510/testcases/kernel/syscalls/setresuid/../utils/compat_16.h:136: 16-bit version of setresuid() is not supported on your platform
setresuid03_16    2  TCONF  :  /home/benhill/ltp-20160510/testcases/kernel/syscalls/setresuid/../utils/compat_16.h:136: Remaining cases not appropriate for configuration
setresuid03_16    0  TINFO  :  Child process returned TCONF
setresuid04_16    1  TCONF  :  /home/benhill/ltp-20160510/testcases/kernel/syscalls/setresuid/../utils/compat_16.h:136: 16-bit version of setresuid() is not supported on your platform
setresuid04_16    2  TCONF  :  /home/benhill/ltp-20160510/testcases/kernel/syscalls/setresuid/../utils/compat_16.h:136: Remaining cases not appropriate for configuration
setresuid04_16    0  TINFO  :  Child process returned TCONF
setresuid05_16    1  TCONF  :  /home/benhill/ltp-20160510/testcases/kernel/syscalls/setresuid/../utils/compat_16.h:136: 16-bit version of setresuid() is not supported on your platform
setresuid05_16    2  TCONF  :  /home/benhill/ltp-20160510/testcases/kernel/syscalls/setresuid/../utils/compat_16.h:136: Remaining cases not appropriate for configuration
setreuid01_16    1  TCONF  :  /home/benhill/ltp-20160510/testcases/kernel/syscalls/setreuid/../utils/compat_16.h:127: 16-bit version of setreuid() is not supported on your platform
setreuid01_16    2  TCONF  :  /home/benhill/ltp-20160510/testcases/kernel/syscalls/setreuid/../utils/compat_16.h:127: Remaining cases not appropriate for configuration
setreuid02_16    1  TCONF  :  /home/benhill/ltp-20160510/testcases/kernel/syscalls/setreuid/../utils/compat_16.h:127: 16-bit version of setreuid() is not supported on your platform
setreuid02_16    2  TCONF  :  /home/benhill/ltp-20160510/testcases/kernel/syscalls/setreuid/../utils/compat_16.h:127: Remaining cases not appropriate for configuration
setreuid03_16    1  TCONF  :  /home/benhill/ltp-20160510/testcases/kernel/syscalls/setreuid/../utils/compat_16.h:127: 16-bit version of setreuid() is not supported on your platform
setreuid03_16    2  TCONF  :  /home/benhill/ltp-20160510/testcases/kernel/syscalls/setreuid/../utils/compat_16.h:127: Remaining cases not appropriate for configuration
setreuid04_16    1  TCONF  :  /home/benhill/ltp-20160510/testcases/kernel/syscalls/setreuid/../utils/compat_16.h:127: 16-bit version of setreuid() is not supported on your platform
setreuid04_16    2  TCONF  :  /home/benhill/ltp-20160510/testcases/kernel/syscalls/setreuid/../utils/compat_16.h:127: Remaining cases not appropriate for configuration
setreuid04_16    0  TINFO  :  Child process returned TCONF
setreuid05_16    1  TCONF  :  /home/benhill/ltp-20160510/testcases/kernel/syscalls/setreuid/../utils/compat_16.h:127: 16-bit version of setreuid() is not supported on your platform
setreuid05_16    2  TCONF  :  /home/benhill/ltp-20160510/testcases/kernel/syscalls/setreuid/../utils/compat_16.h:127: Remaining cases not appropriate for configuration
setreuid05_16    0  TINFO  :  Child process returned TCONF
setreuid06_16    1  TCONF  :  /home/benhill/ltp-20160510/testcases/kernel/syscalls/setreuid/../utils/compat_16.h:127: 16-bit version of setreuid() is not supported on your platform
setreuid06_16    2  TCONF  :  /home/benhill/ltp-20160510/testcases/kernel/syscalls/setreuid/../utils/compat_16.h:127: Remaining cases not appropriate for configuration
setreuid07_16    1  TCONF  :  /home/benhill/ltp-20160510/testcases/kernel/syscalls/setreuid/../utils/compat_16.h:127: 16-bit version of setreuid() is not supported on your platform
setreuid07_16    2  TCONF  :  /home/benhill/ltp-20160510/testcases/kernel/syscalls/setreuid/../utils/compat_16.h:127: Remaining cases not appropriate for configuration
setreuid07_16    0  TINFO  :  Child process returned TCONF
set_thread_area_01    1  TCONF  :  set_thread_area01.c:77: syscall(205) tests[i].syscall not supported on your arch
set_thread_area_01    2  TCONF  :  set_thread_area01.c:77: Remaining cases not appropriate for configuration
setuid01    1  TCONF  :  /home/benhill/ltp-20160510/testcases/kernel/syscalls/setuid/../utils/compat_16.h:87: 16-bit version of setuid() is not supported on your platform
setuid01    2  TCONF  :  /home/benhill/ltp-20160510/testcases/kernel/syscalls/setuid/../utils/compat_16.h:87: Remaining cases not appropriate for configuration
setuid02    1  TCONF  :  /home/benhill/ltp-20160510/testcases/kernel/syscalls/setuid/../utils/compat_16.h:87: 16-bit version of setuid() is not supported on your platform
setuid02    2  TCONF  :  /home/benhill/ltp-20160510/testcases/kernel/syscalls/setuid/../utils/compat_16.h:87: Remaining cases not appropriate for configuration
setuid03    1  TCONF  :  /home/benhill/ltp-20160510/testcases/kernel/syscalls/setuid/../utils/compat_16.h:87: 16-bit version of setuid() is not supported on your platform
setuid03    2  TCONF  :  /home/benhill/ltp-20160510/testcases/kernel/syscalls/setuid/../utils/compat_16.h:87: Remaining cases not appropriate for configuration
setuid04    1  TCONF  :  /home/benhill/ltp-20160510/testcases/kernel/syscalls/setuid/../utils/compat_16.h:87: 16-bit version of setuid() is not supported on your platform
setuid04    2  TCONF  :  /home/benhill/ltp-20160510/testcases/kernel/syscalls/setuid/../utils/compat_16.h:87: Remaining cases not appropriate for configuration
setuid04    1  TCONF  :  setuid04.c:71: son process exits with error
shmctl02    1  TPASS  :  expected failure - errno = 13 : Permission denied
shmctl02    2  TPASS  :  expected failure - errno = 14 : Bad address
shmctl02    3  TPASS  :  expected failure - errno = 14 : Bad address
shmctl02    4  TPASS  :  expected failure - errno = 22 : Invalid argument
shmctl02    5  TPASS  :  expected failure - errno = 22 : Invalid argument
shmctl02    6  TCONF  :  shmctl02.c:138: shmctl() did not fail for non-root user.This may be okay for your distribution.
shmctl02    7  TCONF  :  shmctl02.c:138: shmctl() did not fail for non-root user.This may be okay for your distribution.
ssetmask01    1  TCONF  :  ssetmask01.c:115: syscall(-1) __NR_ssetmask not supported on your arch
ssetmask01    2  TCONF  :  ssetmask01.c:115: Remaining cases not appropriate for configuration
endian_switch01    1  TCONF  :  endian_switch01.c:139: This system does not support running of switch() syscall
endian_switch01    2  TCONF  :  endian_switch01.c:139: Remaining cases not appropriate for configuration
sysconf01    1  TPASS  :  _SC_CLK_TCK = 100
sysconf01    2  TPASS  :  _SC_ARG_MAX = 2097152
sysconf01    3  TPASS  :  _SC_CHILD_MAX = 7823
sysconf01    4  TPASS  :  _SC_OPEN_MAX = 2048
sysconf01    5  TPASS  :  _SC_JOB_CONTROL = 1
sysconf01    6  TPASS  :  _SC_SAVED_IDS = 1
sysconf01    7  TPASS  :  _SC_VERSION = 200809
sysconf01    8  TPASS  :  _SC_PASS_MAX = 8192
sysconf01    9  TPASS  :  _SC_LOGIN_NAME_MAX = 256
sysconf01   10  TPASS  :  _SC_XOPEN_VERSION = 700
sysconf01   11  TPASS  :  _SC_TZNAME_MAX = 6
sysconf01   12  TPASS  :  _SC_STREAM_MAX = 16
sysconf01   13  TPASS  :  _SC_XOPEN_CRYPT = 1
sysconf01   14  TPASS  :  _SC_XOPEN_ENH_I18N = 1
sysconf01   15  TPASS  :  _SC_XOPEN_SHM = 1
sysconf01   16  TPASS  :  _SC_XOPEN_XCU_VERSION = 4
sysconf01   17  TPASS  :  _SC_ATEXIT_MAX = 2147483647
sysconf01   18  TPASS  :  _SC_2_C_BIND = 200809
sysconf01   19  TPASS  :  _SC_2_C_DEV = 200809
sysconf01   20  TPASS  :  _SC_2_C_VERSION = 200809
sysconf01   21  TPASS  :  _SC_2_CHAR_TERM = 200809
sysconf01   22  TCONF  :  sysconf01.c:66: Not supported sysconf resource: _SC_2_FORT_DEV
sysconf01   23  TCONF  :  sysconf01.c:66: Not supported sysconf resource: _SC_2_FORT_RUN
sysconf01   24  TPASS  :  _SC_2_LOCALEDEF = 200809
sysconf01   25  TPASS  :  _SC_2_SW_DEV = 200809
sysconf01   26  TCONF  :  sysconf01.c:66: Not supported sysconf resource: _SC_2_UPE
sysconf01   27  TPASS  :  _SC_2_VERSION = 200809
sysconf01   28  TPASS  :  _SC_BC_BASE_MAX = 99
sysconf01   29  TPASS  :  _SC_BC_DIM_MAX = 2048
sysconf01   30  TPASS  :  _SC_BC_SCALE_MAX = 99
sysconf01   31  TPASS  :  _SC_BC_STRING_MAX = 1000
sysconf01   32  TPASS  :  _SC_COLL_WEIGHTS_MAX = 255
sysconf01   33  TPASS  :  _SC_EXPR_NEST_MAX = 32
sysconf01   34  TPASS  :  _SC_LINE_MAX = 2048
sysconf01   35  TPASS  :  _SC_RE_DUP_MAX = 32767
sysconf01   36  TPASS  :  _SC_XOPEN_UNIX = 1
sysconf01   37  TPASS  :  _SC_PAGESIZE = 4096
sysconf01   38  TPASS  :  _SC_PHYS_PAGES = 523412
sysconf01   39  TPASS  :  _SC_AVPHYS_PAGES = 192950
sysconf01   40  TCONF  :  sysconf01.c:66: Not supported sysconf resource: _SC_AIO_MAX
sysconf01   41  TPASS  :  _SC_AIO_PRIO_DELTA_MAX = 20
sysconf01   42  TPASS  :  _SC_SEMAPHORES = 200809
sysconf01   43  TCONF  :  sysconf01.c:66: Not supported sysconf resource: _SC_SEM_NSEMS_MAX
sysconf01   44  TPASS  :  _SC_SEM_VALUE_MAX = 2147483647
sysconf01   45  TPASS  :  _SC_MEMORY_PROTECTION = 200809
sysconf01   46  TPASS  :  _SC_FSYNC = 200809
sysconf01   47  TPASS  :  _SC_MEMORY_PROTECTION = 200809
sysconf01   48  TPASS  :  _SC_TIMERS = 200809
sysconf01   49  TCONF  :  sysconf01.c:66: Not supported sysconf resource: _SC_TIMER_MAX
sysconf01   50  TPASS  :  _SC_MAPPED_FILES = 200809
sysconf01   51  TPASS  :  _SC_THREAD_PRIORITY_SCHEDULING = 200809
sysconf01   52  TPASS  :  _SC_XOPEN_LEGACY = 1
sysconf01   53  TPASS  :  _SC_MEMLOCK = 200809
sysconf01   54  TCONF  :  sysconf01.c:66: Not supported sysconf resource: _SC_XBS5_ILP32_OFF32
sysconf01   55  TCONF  :  sysconf01.c:66: Not supported sysconf resource: _SC_XBS5_ILP32_OFFBIG
sysconf01   56  TPASS  :  The invalid sysconf key was trapped appropriately
sysctl01    1  TCONF  :  sysctl01.c:194: This test needs a kernel that has sysctl syscall.
sysctl01    2  TCONF  :  sysctl01.c:194: Remaining cases not appropriate for configuration
sysctl03    1  TCONF  :  sysctl03.c:214: This test needs a kernel that has sysctl syscall.
sysctl03    2  TCONF  :  sysctl03.c:214: Remaining cases not appropriate for configuration
sysctl04    1  TCONF  :  sysctl04.c:164: This test needs a kernel that has sysctl syscall.
sysctl04    2  TCONF  :  sysctl04.c:164: Remaining cases not appropriate for configuration
sysctl05    1  TCONF  :  sysctl05.c:191: This test needs a kernel that has sysctl syscall.
sysctl05    2  TCONF  :  sysctl05.c:191: Remaining cases not appropriate for configuration
perf_event_open01    1  TCONF  :  perf_event_open01.c:108: Kernel doesn't have perf_event support
perf_event_open01    2  TCONF  :  perf_event_open01.c:108: Remaining cases not appropriate for configuration
perf_event_open02    1  TCONF  :  perf_event_open02.c:229: Kernel doesn't have perf_event support
perf_event_open02    2  TCONF  :  perf_event_open02.c:229: Remaining cases not appropriate for configuration
